TN:
SF:src/engine/collect.js
FN:159,fetchWithFallback
FN:193,decodeBody
FN:207,fetchWithRetry
FN:289,collectComposite
FN:304,collectOne.then.source
FN:356,collectOne
FN:512,collect
FN:515,now
FN:541,meteredFetch
FNF:9
FNH:9
FNDA:336,fetchWithFallback
FNDA:186,decodeBody
FNDA:338,fetchWithRetry
FNDA:16,collectComposite
FNDA:48,collectOne.then.source
FNDA:337,collectOne
FNDA:41,collect
FNDA:292,now
FNDA:411,meteredFetch
DA:1,1
DA:2,1
DA:3,1
DA:4,1
DA:5,1
DA:6,1
DA:7,1
DA:8,1
DA:9,1
DA:10,1
DA:11,1
DA:12,1
DA:13,1
DA:14,1
DA:15,1
DA:17,1
DA:18,1
DA:19,1
DA:20,1
DA:21,1
DA:22,1
DA:23,1
DA:24,1
DA:25,1
DA:26,1
DA:27,1
DA:28,1
DA:29,1
DA:30,1
DA:31,1
DA:32,1
DA:33,1
DA:34,1
DA:36,1
DA:37,1
DA:39,1
DA:40,1
DA:42,1
DA:43,1
DA:44,1
DA:45,1
DA:46,1
DA:47,1
DA:48,1
DA:50,1
DA:51,1
DA:52,1
DA:53,1
DA:54,1
DA:55,1
DA:56,1
DA:57,1
DA:58,1
DA:59,1
DA:60,1
DA:61,1
DA:62,1
DA:63,1
DA:64,1
DA:65,1
DA:66,1
DA:67,1
DA:69,1
DA:70,1
DA:72,1
DA:73,1
DA:74,1
DA:75,1
DA:76,1
DA:77,1
DA:78,1
DA:79,1
DA:81,1
DA:82,1
DA:83,1
DA:84,1
DA:85,1
DA:86,1
DA:87,1
DA:88,1
DA:89,1
DA:90,1
DA:91,1
DA:92,1
DA:93,1
DA:94,1
DA:95,1
DA:96,1
DA:97,1
DA:98,1
DA:99,1
DA:100,1
DA:101,1
DA:103,1
DA:104,1
DA:105,1
DA:106,1
DA:107,1
DA:108,1
DA:109,1
DA:110,1
DA:111,1
DA:112,1
DA:113,1
DA:114,1
DA:116,1
DA:117,1
DA:118,1
DA:119,1
DA:120,1
DA:121,1
DA:122,1
DA:123,1
DA:124,1
DA:125,1
DA:126,1
DA:127,1
DA:128,1
DA:129,1
DA:130,1
DA:131,1
DA:132,1
DA:133,1
DA:134,1
DA:136,1
DA:137,1
DA:139,1
DA:140,1
DA:141,1
DA:142,1
DA:143,1
DA:144,1
DA:145,1
DA:146,1
DA:147,1
DA:148,1
DA:149,1
DA:150,1
DA:151,1
DA:152,1
DA:153,1
DA:154,1
DA:155,1
DA:156,1
DA:157,1
DA:158,1
DA:159,336
DA:160,336
DA:161,336
DA:162,338
DA:163,338
DA:164,152
DA:165,152
DA:166,190
DA:167,338
DA:168,150
DA:169,150
DA:171,1
DA:172,1
DA:173,1
DA:174,1
DA:175,1
DA:176,1
DA:177,1
DA:178,1
DA:179,1
DA:180,1
DA:181,1
DA:182,1
DA:183,1
DA:184,1
DA:185,1
DA:186,1
DA:187,1
DA:188,1
DA:189,1
DA:190,1
DA:191,1
DA:192,1
DA:193,186
DA:194,186
DA:195,186
DA:197,0
DA:198,0
DA:199,0
DA:200,186
DA:201,186
DA:202,0
DA:203,186
DA:204,186
DA:205,186
DA:207,338
DA:208,338
DA:209,338
DA:211,338
DA:212,528
DA:213,190
DA:214,190
DA:215,49
DA:216,190
DA:217,0
DA:218,0
DA:219,0
DA:220,0
DA:221,190
DA:223,387
DA:224,387
DA:225,387
DA:226,387
DA:227,387
DA:228,528
DA:229,528
DA:231,528
DA:232,528
DA:233,528
DA:234,528
DA:236,528
DA:237,34
DA:238,34
DA:239,5
DA:240,5
DA:242,186
DA:243,528
DA:244,167
DA:245,167
DA:246,167
DA:247,528
DA:249,337
DA:250,337
DA:252,1
DA:253,1
DA:254,1
DA:255,1
DA:256,1
DA:257,1
DA:258,1
DA:259,1
DA:260,1
DA:261,1
DA:262,1
DA:263,1
DA:264,1
DA:265,1
DA:266,1
DA:267,1
DA:268,1
DA:269,1
DA:270,1
DA:271,1
DA:272,1
DA:273,1
DA:274,1
DA:275,1
DA:276,1
DA:277,1
DA:278,1
DA:279,1
DA:280,1
DA:281,1
DA:282,1
DA:283,1
DA:284,1
DA:285,1
DA:286,1
DA:287,1
DA:288,1
DA:289,16
DA:290,16
DA:291,16
DA:292,16
DA:294,16
DA:295,1
DA:296,1
DA:297,1
DA:298,1
DA:299,1
DA:301,15
DA:302,15
DA:303,48
DA:304,48
DA:305,48
DA:306,0
DA:307,0
DA:308,48
DA:309,15
DA:310,15
DA:311,15
DA:313,15
DA:314,15
DA:315,15
DA:317,16
DA:318,48
DA:319,48
DA:321,48
DA:322,9
DA:323,18
DA:324,18
DA:325,48
DA:326,39
DA:327,39
DA:328,39
DA:329,39
DA:330,39
DA:331,39
DA:332,39
DA:333,39
DA:335,48
DA:336,48
DA:337,48
DA:339,15
DA:341,15
DA:342,15
DA:343,16
DA:344,16
DA:345,16
DA:346,16
DA:347,16
DA:348,16
DA:349,16
DA:350,16
DA:351,16
DA:352,16
DA:353,16
DA:354,16
DA:356,337
DA:357,337
DA:358,337
DA:359,337
DA:360,337
DA:361,337
DA:362,337
DA:363,337
DA:364,337
DA:365,337
DA:366,337
DA:367,337
DA:369,337
DA:370,337
DA:371,337
DA:372,1
DA:373,1
DA:375,337
DA:376,337
DA:377,337
DA:378,150
DA:379,150
DA:380,186
DA:382,186
DA:383,337
DA:384,10
DA:385,10
DA:386,10
DA:387,2
DA:388,2
DA:389,2
DA:390,2
DA:391,2
DA:392,2
DA:393,0
DA:394,0
DA:395,2
DA:396,10
DA:397,10
DA:399,176
DA:400,176
DA:401,176
DA:402,337
DA:403,2
DA:404,2
DA:406,174
DA:407,174
DA:408,174
DA:409,174
DA:410,337
DA:411,3
DA:412,3
DA:413,3
DA:414,3
DA:415,3
DA:416,3
DA:417,0
DA:418,0
DA:419,3
DA:421,337
DA:422,4
DA:423,4
DA:424,4
DA:425,4
DA:426,3
DA:427,4
DA:428,4
DA:429,1
DA:430,1
DA:431,4
DA:433,174
DA:434,174
DA:435,174
DA:436,174
DA:437,337
DA:438,2
DA:439,2
DA:440,2
DA:441,2
DA:442,2
DA:443,2
DA:444,2
DA:445,2
DA:446,0
DA:447,0
DA:448,2
DA:450,174
DA:451,174
DA:452,174
DA:453,174
DA:454,337
DA:455,5
DA:456,5
DA:457,5
DA:458,5
DA:459,2
DA:460,5
DA:461,3
DA:462,3
DA:463,5
DA:465,174
DA:466,174
DA:467,174
DA:468,337
DA:469,4
DA:470,4
DA:471,4
DA:472,4
DA:473,2
DA:474,2
DA:475,2
DA:476,2
DA:477,4
DA:479,174
DA:480,337
DA:481,4
DA:482,4
DA:483,4
DA:484,4
DA:485,2
DA:486,2
DA:487,2
DA:488,2
DA:489,4
DA:491,174
DA:492,337
DA:493,0
DA:494,0
DA:495,337
DA:497,1
DA:498,1
DA:499,1
DA:500,1
DA:501,1
DA:502,1
DA:503,1
DA:504,1
DA:505,1
DA:506,1
DA:507,1
DA:508,1
DA:509,1
DA:510,1
DA:511,1
DA:512,1
DA:513,41
DA:514,41
DA:515,41
DA:516,41
DA:517,41
DA:518,41
DA:519,41
DA:520,41
DA:522,41
DA:523,1
DA:524,1
DA:525,41
DA:526,1
DA:527,1
DA:528,41
DA:529,0
DA:530,0
DA:532,39
DA:534,39
DA:535,39
DA:536,39
DA:537,39
DA:538,39
DA:539,39
DA:540,39
DA:541,39
DA:542,411
DA:543,158
DA:544,158
DA:545,158
DA:546,253
DA:547,253
DA:548,39
DA:550,39
DA:551,39
DA:552,39
DA:553,39
DA:555,39
DA:556,39
DA:557,305
DA:558,305
DA:559,39
DA:560,39
DA:562,39
DA:563,305
DA:564,305
DA:565,39
DA:566,39
DA:568,39
DA:570,39
DA:571,39
DA:572,39
DA:573,39
DA:575,39
DA:577,39
DA:578,39
DA:579,39
DA:580,39
DA:581,41
DA:582,3
DA:583,3
DA:584,3
DA:585,3
DA:586,3
DA:588,39
DA:589,39
DA:590,39
DA:591,39
DA:592,39
DA:593,39
DA:594,39
DA:595,39
DA:596,39
DA:597,39
DA:598,39
LF:544
LH:524
BRDA:159,0,0,336
BRDA:161,1,0,338
BRDA:163,2,0,186
BRDA:163,3,0,190
BRDA:163,4,0,152
BRDA:166,5,0,141
BRDA:167,6,0,150
BRDA:193,7,0,186
BRDA:194,8,0,148
BRDA:194,9,0,38
BRDA:195,10,0,0
BRDA:200,11,0,0
BRDA:201,12,0,0
BRDA:207,13,0,338
BRDA:211,14,0,528
BRDA:212,15,0,190
BRDA:214,16,0,141
BRDA:214,17,0,49
BRDA:216,18,0,0
BRDA:221,19,0,387
BRDA:228,20,0,387
BRDA:229,21,0,0
BRDA:234,22,0,220
BRDA:236,23,0,34
BRDA:238,24,0,29
BRDA:238,25,0,5
BRDA:240,26,0,186
BRDA:243,27,0,167
BRDA:245,28,0,0
BRDA:247,29,0,337
BRDA:289,30,0,16
BRDA:291,31,0,0
BRDA:292,32,0,0
BRDA:294,33,0,1
BRDA:299,34,0,15
BRDA:317,35,0,48
BRDA:318,36,0,0
BRDA:318,37,0,0
BRDA:319,38,0,0
BRDA:321,39,0,9
BRDA:322,40,0,18
BRDA:325,41,0,39
BRDA:331,42,0,0
BRDA:335,43,0,0
BRDA:335,44,0,42
BRDA:336,45,0,38
BRDA:337,46,0,15
BRDA:345,47,0,12
BRDA:345,48,0,3
BRDA:347,49,0,12
BRDA:348,50,0,3
BRDA:349,51,0,15
BRDA:349,52,0,0
BRDA:302,53,0,48
BRDA:304,54,0,48
BRDA:339,55,0,57
BRDA:356,56,0,337
BRDA:358,57,0,0
BRDA:365,58,0,299
BRDA:371,59,0,23
BRDA:371,60,0,1
BRDA:373,61,0,336
BRDA:375,62,0,3
BRDA:375,63,0,333
BRDA:376,64,0,336
BRDA:377,65,0,150
BRDA:379,66,0,186
BRDA:383,67,0,10
BRDA:386,68,0,2
BRDA:386,69,0,2
BRDA:392,70,0,0
BRDA:397,71,0,176
BRDA:402,72,0,2
BRDA:404,73,0,174
BRDA:410,74,0,3
BRDA:410,75,0,3
BRDA:416,76,0,0
BRDA:419,77,0,174
BRDA:421,78,0,4
BRDA:421,79,0,4
BRDA:425,80,0,3
BRDA:427,81,0,1
BRDA:428,82,0,1
BRDA:431,83,0,174
BRDA:437,84,0,2
BRDA:437,85,0,2
BRDA:443,86,0,0
BRDA:444,87,0,0
BRDA:445,88,0,0
BRDA:448,89,0,174
BRDA:454,90,0,5
BRDA:454,91,0,5
BRDA:458,92,0,2
BRDA:460,93,0,3
BRDA:463,94,0,174
BRDA:468,95,0,4
BRDA:468,96,0,4
BRDA:472,97,0,2
BRDA:477,98,0,174
BRDA:480,99,0,4
BRDA:480,100,0,4
BRDA:484,101,0,2
BRDA:489,102,0,174
BRDA:492,103,0,0
BRDA:512,104,0,41
BRDA:520,105,0,0
BRDA:522,106,0,40
BRDA:522,107,0,1
BRDA:524,108,0,40
BRDA:525,109,0,1
BRDA:527,110,0,39
BRDA:528,111,0,0
BRDA:530,112,0,39
BRDA:581,113,0,3
BRDA:586,114,0,39
BRDA:515,115,0,292
BRDA:541,116,0,411
BRDA:542,117,0,158
BRDA:545,118,0,253
BRDA:556,119,0,305
BRDA:558,120,0,16
BRDA:558,121,0,289
BRDA:562,122,0,305
BRDA:565,123,0,0
BRDA:570,124,0,305
BRDA:572,125,0,305
BRDA:572,126,0,282
BRDA:575,127,0,305
BRDA:575,128,0,0
BRDA:575,129,0,311
BRF:130
BRH:105
end_of_record
TN:
SF:src/engine/record.js
FN:33,makeRecord
FN:34,now
FN:60,unknownRecord
FN:81,toPlainText
FNF:4
FNH:3
FNDA:459,makeRecord
FNDA:0,now
FNDA:292,unknownRecord
FNDA:574,toPlainText
DA:1,1
DA:2,1
DA:3,1
DA:4,1
DA:5,1
DA:6,1
DA:7,1
DA:9,1
DA:11,1
DA:12,1
DA:13,1
DA:14,1
DA:16,1
DA:17,1
DA:18,1
DA:19,1
DA:20,1
DA:21,1
DA:22,1
DA:23,1
DA:24,1
DA:25,1
DA:26,1
DA:27,1
DA:29,1
DA:30,1
DA:31,1
DA:32,1
DA:33,1
DA:34,459
DA:35,459
DA:36,459
DA:37,459
DA:38,459
DA:39,459
DA:40,459
DA:41,459
DA:42,459
DA:43,459
DA:44,459
DA:45,459
DA:46,459
DA:48,1
DA:49,1
DA:50,1
DA:51,1
DA:52,1
DA:53,1
DA:54,1
DA:55,1
DA:56,1
DA:57,1
DA:58,1
DA:59,1
DA:60,1
DA:61,292
DA:62,292
DA:63,292
DA:64,292
DA:65,292
DA:66,292
DA:67,292
DA:68,292
DA:69,292
DA:70,292
DA:72,1
DA:73,1
DA:74,1
DA:75,1
DA:76,1
DA:77,1
DA:78,1
DA:79,1
DA:80,1
DA:81,1
DA:82,574
DA:83,568
DA:84,568
LF:78
LH:78
BRDA:33,0,0,459
BRDA:37,1,0,240
BRDA:38,2,0,0
BRDA:39,3,0,330
BRDA:40,4,0,0
BRDA:41,5,0,0
BRDA:43,6,0,294
BRDA:44,7,0,28
BRDA:60,8,0,292
BRDA:66,9,0,8
BRDA:81,10,0,574
BRDA:82,11,0,6
BRDA:82,12,0,568
BRF:13
BRH:10
end_of_record
TN:
SF:src/engine/rollup.js
FN:52,rollUp
FN:79,visibleChildren
FNF:2
FNH:2
FNDA:11,rollUp
FNDA:7,visibleChildren
DA:1,1
DA:2,1
DA:3,1
DA:4,1
DA:5,1
DA:6,1
DA:7,1
DA:8,1
DA:9,1
DA:10,1
DA:11,1
DA:12,1
DA:13,1
DA:14,1
DA:15,1
DA:16,1
DA:18,1
DA:20,1
DA:21,1
DA:22,1
DA:24,1
DA:25,1
DA:26,1
DA:27,1
DA:28,1
DA:29,1
DA:31,1
DA:32,1
DA:33,1
DA:34,1
DA:35,1
DA:36,1
DA:37,1
DA:39,1
DA:40,1
DA:41,1
DA:42,1
DA:43,1
DA:44,1
DA:45,1
DA:46,1
DA:47,1
DA:48,1
DA:49,1
DA:50,1
DA:51,1
DA:52,1
DA:53,11
DA:54,11
DA:56,11
DA:57,11
DA:58,11
DA:60,11
DA:61,11
DA:62,11
DA:63,11
DA:64,11
DA:65,11
DA:66,11
DA:68,1
DA:69,1
DA:70,1
DA:71,1
DA:72,1
DA:73,1
DA:74,1
DA:75,1
DA:76,1
DA:77,1
DA:78,1
DA:79,1
DA:80,7
DA:81,7
DA:82,7
DA:83,7
DA:84,7
DA:85,7
DA:86,7
LF:78
LH:78
BRDA:52,0,0,11
BRDA:53,1,0,0
BRDA:57,2,0,4
BRDA:58,3,0,7
BRDA:54,4,0,291
BRDA:79,5,0,7
BRDA:80,6,0,3
BRDA:80,7,0,4
BRDA:81,8,0,0
BRDA:82,9,0,15
BRDA:83,10,0,10
BRDA:85,11,0,10
BRF:12
BRH:10
end_of_record
TN:
SF:src/engine/scope.js
FN:64,selectComponents
FNF:1
FNH:1
FNDA:59,selectComponents
DA:1,1
DA:2,1
DA:3,1
DA:4,1
DA:5,1
DA:6,1
DA:7,1
DA:8,1
DA:9,1
DA:10,1
DA:11,1
DA:12,1
DA:13,1
DA:14,1
DA:15,1
DA:16,1
DA:17,1
DA:18,1
DA:19,1
DA:20,1
DA:21,1
DA:22,1
DA:23,1
DA:25,1
DA:26,1
DA:27,1
DA:28,1
DA:29,1
DA:30,1
DA:31,1
DA:32,1
DA:34,1
DA:35,1
DA:36,1
DA:37,1
DA:38,1
DA:40,1
DA:41,1
DA:42,1
DA:43,1
DA:44,1
DA:45,1
DA:46,1
DA:48,1
DA:49,1
DA:50,1
DA:51,1
DA:52,1
DA:53,1
DA:54,1
DA:55,1
DA:56,1
DA:57,1
DA:58,1
DA:59,1
DA:60,1
DA:61,1
DA:62,1
DA:63,1
DA:64,1
DA:65,59
DA:66,59
DA:68,59
DA:69,59
DA:70,59
DA:72,59
DA:73,5
DA:74,5
DA:75,5
DA:77,54
DA:78,54
DA:80,59
DA:81,40
DA:82,40
DA:84,14
DA:85,14
DA:86,14
DA:87,14
DA:88,14
DA:89,51
DA:90,6122
DA:91,6122
DA:93,14
DA:94,29
DA:95,9
DA:96,9
DA:97,1
DA:98,1
DA:99,1
DA:100,8
DA:101,8
DA:103,14
DA:104,14
DA:105,51
DA:106,10
DA:107,2
DA:108,2
DA:109,10
DA:111,14
DA:112,14
DA:113,14
DA:114,51
DA:115,6018
DA:116,6018
DA:117,6018
DA:118,1007
DA:119,1007
DA:120,1007
DA:121,6018
DA:123,14
DA:124,14
LF:111
LH:111
BRDA:64,0,0,59
BRDA:66,1,0,57
BRDA:66,2,0,56
BRDA:66,3,0,3
BRDA:68,4,0,9
BRDA:68,5,0,50
BRDA:69,6,0,7
BRDA:69,7,0,52
BRDA:70,8,0,50
BRDA:72,9,0,5
BRDA:73,10,0,1
BRDA:75,11,0,54
BRDA:80,12,0,55
BRDA:80,13,0,40
BRDA:82,14,0,51
BRDA:82,15,0,14
BRDA:89,16,0,6122
BRDA:90,17,0,104
BRDA:91,18,0,29
BRDA:91,19,0,14
BRDA:94,20,0,9
BRDA:96,21,0,1
BRDA:99,22,0,8
BRDA:101,23,0,14
BRDA:105,24,0,10
BRDA:106,25,0,2
BRDA:109,26,0,14
BRDA:114,27,0,6018
BRDA:115,28,0,6006
BRDA:117,29,0,5018
BRDA:117,30,0,1007
BRDA:117,31,0,1007
BRDA:121,32,0,14
BRDA:78,33,0,7795
BRDA:104,34,0,6018
BRF:35
BRH:35
end_of_record
TN:
SF:src/engine/severity.js
FN:62,rank
FN:117,normalizeSeverity
FN:129,worst
FN:145,compareRecords
FNF:4
FNH:4
FNDA:42736,rank
FNDA:4954,normalizeSeverity
FNDA:5727,worst
FNDA:334,compareRecords
DA:1,1
DA:2,1
DA:3,1
DA:4,1
DA:5,1
DA:6,1
DA:7,1
DA:8,1
DA:9,1
DA:10,1
DA:11,1
DA:13,1
DA:14,1
DA:15,1
DA:17,1
DA:18,1
DA:19,1
DA:20,1
DA:21,1
DA:22,1
DA:23,1
DA:24,1
DA:25,1
DA:27,1
DA:28,1
DA:29,1
DA:30,1
DA:31,1
DA:32,1
DA:33,1
DA:34,1
DA:35,1
DA:36,1
DA:37,1
DA:38,1
DA:39,1
DA:40,1
DA:41,1
DA:42,1
DA:43,1
DA:44,1
DA:45,1
DA:46,1
DA:47,1
DA:48,1
DA:49,1
DA:50,1
DA:51,1
DA:52,1
DA:53,1
DA:54,1
DA:55,1
DA:56,1
DA:58,1
DA:59,1
DA:60,1
DA:61,1
DA:62,1
DA:63,42736
DA:64,42736
DA:66,1
DA:67,1
DA:68,1
DA:69,1
DA:70,1
DA:71,1
DA:72,1
DA:73,1
DA:74,1
DA:75,1
DA:76,1
DA:77,1
DA:78,1
DA:79,1
DA:80,1
DA:81,1
DA:82,1
DA:83,1
DA:84,1
DA:85,1
DA:86,1
DA:87,1
DA:89,1
DA:90,1
DA:91,1
DA:92,1
DA:93,1
DA:94,1
DA:96,1
DA:97,1
DA:98,1
DA:99,1
DA:100,1
DA:101,1
DA:102,1
DA:103,1
DA:104,1
DA:105,1
DA:107,1
DA:108,1
DA:109,1
DA:110,1
DA:111,1
DA:112,1
DA:113,1
DA:114,1
DA:115,1
DA:116,1
DA:117,1
DA:118,4954
DA:119,4952
DA:120,4954
DA:121,4954
DA:123,1
DA:124,1
DA:125,1
DA:126,1
DA:127,1
DA:128,1
DA:129,1
DA:130,5727
DA:131,5727
DA:132,20149
DA:133,20149
DA:134,5727
DA:135,5727
DA:137,1
DA:138,1
DA:139,1
DA:140,1
DA:141,1
DA:142,1
DA:143,1
DA:144,1
DA:145,1
DA:146,334
DA:147,334
DA:148,309
DA:149,309
LF:139
LH:139
BRDA:62,0,0,42736
BRDA:63,1,0,500
BRDA:117,2,0,4954
BRDA:118,3,0,2
BRDA:118,4,0,4952
BRDA:120,5,0,2
BRDA:129,6,0,5727
BRDA:131,7,0,20149
BRDA:132,8,0,7452
BRDA:145,9,0,334
BRDA:147,10,0,25
BRDA:147,11,0,309
BRF:12
BRH:12
end_of_record
TN:
SF:src/engine/shard.js
FN:37,hashName
FN:54,shardOf
FN:66,selectShard
FN:96,shardDueAt
FNF:4
FNH:4
FNDA:16176,hashName
FNDA:14176,shardOf
FNDA:2153,selectShard
FNDA:144893,shardDueAt
DA:1,1
DA:2,1
DA:3,1
DA:4,1
DA:5,1
DA:6,1
DA:7,1
DA:8,1
DA:9,1
DA:10,1
DA:11,1
DA:12,1
DA:13,1
DA:14,1
DA:15,1
DA:16,1
DA:17,1
DA:18,1
DA:19,1
DA:20,1
DA:21,1
DA:22,1
DA:23,1
DA:24,1
DA:25,1
DA:27,1
DA:28,1
DA:30,1
DA:31,1
DA:32,1
DA:33,1
DA:34,1
DA:35,1
DA:36,1
DA:37,1
DA:38,16176
DA:39,16176
DA:40,97972
DA:41,97972
DA:42,97972
DA:43,97972
DA:44,16176
DA:45,16176
DA:47,1
DA:48,1
DA:49,1
DA:50,1
DA:51,1
DA:52,1
DA:53,1
DA:54,1
DA:55,14176
DA:56,14176
DA:58,1
DA:59,1
DA:60,1
DA:61,1
DA:62,1
DA:63,1
DA:64,1
DA:65,1
DA:66,1
DA:67,2153
DA:68,2153
DA:69,2153
DA:70,2
DA:71,2
DA:72,2147
DA:73,2147
DA:75,1
DA:76,1
DA:77,1
DA:78,1
DA:79,1
DA:80,1
DA:81,1
DA:82,1
DA:83,1
DA:84,1
DA:85,1
DA:86,1
DA:87,1
DA:88,1
DA:89,1
DA:90,1
DA:91,1
DA:92,1
DA:93,1
DA:94,1
DA:95,1
DA:96,1
DA:97,144893
DA:98,144893
DA:99,144893
LF:94
LH:94
BRDA:37,0,0,16176
BRDA:39,1,0,97972
BRDA:54,2,0,14176
BRDA:66,3,0,2153
BRDA:67,4,0,2
BRDA:67,5,0,2151
BRDA:68,6,0,2150
BRDA:68,7,0,2
BRDA:68,8,0,2149
BRDA:69,9,0,2148
BRDA:69,10,0,2
BRDA:71,11,0,2147
BRDA:72,12,0,13625
BRDA:72,13,0,6
BRDA:96,14,0,144893
BRF:15
BRH:15
end_of_record
TN:
SF:src/engine/adapters/apple.js
FN:22,coerceApplePayload
FN:40,parseApple
FN:47,isAffected
FNF:3
FNH:3
FNDA:12,coerceApplePayload
FNDA:12,parseApple
FNDA:158,isAffected
DA:1,1
DA:2,1
DA:3,1
DA:4,1
DA:5,1
DA:6,1
DA:7,1
DA:8,1
DA:9,1
DA:10,1
DA:12,1
DA:13,1
DA:15,1
DA:17,1
DA:18,1
DA:19,1
DA:20,1
DA:21,1
DA:22,1
DA:23,12
DA:24,1
DA:25,0
DA:26,0
DA:27,12
DA:28,0
DA:29,0
DA:30,0
DA:31,0
DA:32,0
DA:33,12
DA:35,1
DA:36,1
DA:37,1
DA:38,1
DA:39,1
DA:40,1
DA:41,12
DA:42,12
DA:43,12
DA:44,9
DA:45,9
DA:47,3
DA:48,158
DA:49,3
DA:51,3
DA:52,3
DA:53,3
DA:54,158
DA:55,158
DA:56,158
DA:57,3
DA:58,3
DA:60,12
DA:61,2
DA:62,2
DA:63,2
DA:64,2
DA:65,2
DA:66,2
DA:67,2
DA:68,2
DA:69,2
DA:70,2
DA:72,1
DA:73,1
DA:74,1
DA:75,1
DA:76,1
DA:77,1
DA:78,1
DA:79,1
DA:80,1
DA:81,1
DA:82,1
LF:74
LH:67
BRDA:22,0,0,12
BRDA:23,1,0,11
BRDA:23,2,0,11
BRDA:23,3,0,6
BRDA:23,4,0,1
BRDA:24,5,0,0
BRDA:27,6,0,0
BRDA:40,7,0,12
BRDA:41,8,0,0
BRDA:43,9,0,11
BRDA:43,10,0,9
BRDA:45,11,0,3
BRDA:60,12,0,6
BRDA:60,13,0,2
BRDA:70,14,0,1
BRDA:47,15,0,158
BRDA:49,16,0,11
BRDA:49,17,0,0
BRDA:49,18,0,1
BRDA:53,19,0,158
BRDA:54,20,0,0
BRDA:55,21,0,1
BRDA:55,22,0,157
BRDA:56,23,0,11
BRDA:56,24,0,1
BRDA:56,25,0,157
BRDA:58,26,0,158
BRDA:77,27,0,1
BRF:28
BRH:23
end_of_record
TN:
SF:src/engine/adapters/aws.js
FN:51,awsSeverityOf
FN:66,isActive
FN:77,parseAws
FN:131,describe
FNF:4
FNH:4
FNDA:25,awsSeverityOf
FNDA:27,isActive
FNDA:32,parseAws
FNDA:15,describe
DA:1,1
DA:2,1
DA:3,1
DA:4,1
DA:5,1
DA:6,1
DA:7,1
DA:8,1
DA:9,1
DA:10,1
DA:11,1
DA:12,1
DA:13,1
DA:14,1
DA:15,1
DA:16,1
DA:17,1
DA:18,1
DA:19,1
DA:20,1
DA:21,1
DA:22,1
DA:23,1
DA:24,1
DA:25,1
DA:26,1
DA:27,1
DA:29,1
DA:30,1
DA:32,1
DA:33,1
DA:34,1
DA:35,1
DA:36,1
DA:37,1
DA:38,1
DA:40,1
DA:41,1
DA:42,1
DA:43,1
DA:44,1
DA:45,1
DA:46,1
DA:47,1
DA:48,1
DA:49,1
DA:50,1
DA:51,1
DA:52,25
DA:53,25
DA:54,25
DA:55,19
DA:56,19
DA:57,25
DA:58,25
DA:59,1
DA:60,1
DA:62,1
DA:63,1
DA:65,1
DA:66,27
DA:67,27
DA:68,27
DA:69,27
DA:70,27
DA:72,1
DA:73,1
DA:74,1
DA:75,1
DA:76,1
DA:77,1
DA:78,32
DA:79,32
DA:81,32
DA:82,32
DA:83,10
DA:84,10
DA:86,22
DA:88,22
DA:89,22
DA:90,22
DA:91,22
DA:92,22
DA:93,32
DA:94,32
DA:95,8
DA:96,8
DA:97,8
DA:98,8
DA:99,16
DA:100,15
DA:101,15
DA:102,15
DA:103,16
DA:104,8
DA:105,8
DA:107,22
DA:108,22
DA:109,22
DA:110,22
DA:111,22
DA:112,22
DA:113,22
DA:114,22
DA:115,22
DA:116,22
DA:117,22
DA:118,22
DA:119,27
DA:120,21
DA:121,21
DA:122,21
DA:123,21
DA:124,21
DA:125,21
DA:126,21
DA:127,21
DA:128,21
DA:129,21
DA:131,22
DA:132,15
DA:133,15
DA:134,15
DA:135,22
DA:137,22
DA:138,27
DA:139,15
DA:140,15
DA:141,15
DA:142,15
DA:143,15
DA:144,15
DA:145,15
DA:146,22
DA:147,22
DA:148,22
DA:149,27
DA:150,15
DA:151,12
DA:152,12
DA:153,15
DA:154,22
DA:156,27
DA:157,9
DA:158,9
DA:159,9
DA:160,9
DA:161,9
DA:162,9
DA:163,9
DA:164,9
DA:165,9
DA:166,9
DA:167,9
DA:168,9
DA:169,9
DA:171,13
DA:172,13
DA:173,13
DA:174,13
DA:175,32
DA:176,32
DA:177,32
DA:178,32
DA:179,32
DA:180,32
DA:181,32
DA:182,32
DA:183,32
DA:184,32
DA:185,32
DA:186,32
DA:187,32
LF:173
LH:173
BRDA:51,0,0,25
BRDA:52,1,0,0
BRDA:53,2,0,4
BRDA:53,3,0,21
BRDA:54,4,0,19
BRDA:56,5,0,2
BRDA:57,6,0,1
BRDA:58,7,0,0
BRDA:58,8,0,1
BRDA:66,9,0,27
BRDA:67,10,0,0
BRDA:68,11,0,13
BRDA:68,12,0,5
BRDA:69,13,0,22
BRDA:77,14,0,32
BRDA:78,15,0,0
BRDA:81,16,0,22
BRDA:81,17,0,10
BRDA:81,18,0,8
BRDA:82,19,0,10
BRDA:84,20,0,22
BRDA:94,21,0,8
BRDA:94,22,0,27
BRDA:94,23,0,8
BRDA:98,24,0,16
BRDA:99,25,0,15
BRDA:105,26,0,22
BRDA:119,27,0,21
BRDA:120,28,0,0
BRDA:120,29,0,0
BRDA:121,30,0,0
BRDA:123,31,0,15
BRDA:124,32,0,16
BRDA:126,33,0,0
BRDA:127,34,0,16
BRDA:129,35,0,22
BRDA:138,36,0,15
BRDA:142,37,0,3
BRDA:142,38,0,12
BRDA:143,39,0,3
BRDA:143,40,0,12
BRDA:145,41,0,22
BRDA:149,42,0,15
BRDA:150,43,0,12
BRDA:153,44,0,22
BRDA:156,45,0,9
BRDA:162,46,0,4
BRDA:163,47,0,5
BRDA:169,48,0,13
BRDA:175,49,0,0
BRDA:179,50,0,6
BRDA:179,51,0,7
BRDA:131,52,0,15
BRDA:132,53,0,0
BRDA:150,54,0,7
BRDA:154,55,0,11
BRDA:154,56,0,5
BRDA:174,57,0,20
BRF:58
BRH:48
end_of_record
TN:
SF:src/engine/adapters/azure.js
FN:61,tag
FN:70,azureSeverityOf
FN:86,parseAzureFeed
FN:167,parseAzureDevOps
FN:254,parseAzurePost
FNF:5
FNH:5
FNDA:11,tag
FNDA:3,azureSeverityOf
FNDA:13,parseAzureFeed
FNDA:17,parseAzureDevOps
FNDA:9,parseAzurePost
DA:1,1
DA:2,1
DA:3,1
DA:4,1
DA:5,1
DA:6,1
DA:7,1
DA:8,1
DA:9,1
DA:10,1
DA:11,1
DA:12,1
DA:13,1
DA:14,1
DA:15,1
DA:16,1
DA:17,1
DA:18,1
DA:19,1
DA:20,1
DA:21,1
DA:22,1
DA:23,1
DA:24,1
DA:25,1
DA:26,1
DA:27,1
DA:28,1
DA:29,1
DA:30,1
DA:31,1
DA:32,1
DA:33,1
DA:34,1
DA:36,1
DA:37,1
DA:39,1
DA:41,1
DA:42,1
DA:44,1
DA:45,1
DA:46,1
DA:47,1
DA:48,1
DA:49,1
DA:50,1
DA:51,1
DA:52,1
DA:53,1
DA:54,1
DA:55,1
DA:56,1
DA:57,1
DA:58,1
DA:60,1
DA:61,11
DA:62,11
DA:63,11
DA:64,11
DA:66,1
DA:67,1
DA:68,1
DA:69,1
DA:70,3
DA:71,3
DA:72,3
DA:73,3
DA:74,3
DA:75,3
DA:76,1
DA:77,1
DA:78,1
DA:79,1
DA:81,1
DA:82,1
DA:83,1
DA:84,1
DA:85,1
DA:86,1
DA:87,13
DA:88,13
DA:89,13
DA:91,13
DA:92,5
DA:93,5
DA:95,8
DA:96,13
DA:97,2
DA:98,2
DA:100,6
DA:101,13
DA:102,1
DA:103,1
DA:104,1
DA:105,1
DA:106,1
DA:107,1
DA:108,1
DA:110,5
DA:112,13
DA:113,3
DA:114,3
DA:115,3
DA:116,3
DA:117,3
DA:118,3
DA:119,3
DA:120,3
DA:121,3
DA:122,3
DA:123,3
DA:125,2
DA:126,3
DA:127,3
DA:128,2
DA:130,2
DA:131,2
DA:132,2
DA:133,2
DA:134,2
DA:135,2
DA:136,13
DA:137,13
DA:138,13
DA:139,13
DA:140,13
DA:141,13
DA:142,13
DA:144,1
DA:146,1
DA:147,1
DA:149,1
DA:150,1
DA:151,1
DA:152,1
DA:153,1
DA:154,1
DA:155,1
DA:156,1
DA:157,1
DA:158,1
DA:159,1
DA:160,1
DA:162,1
DA:163,1
DA:164,1
DA:165,1
DA:166,1
DA:167,1
DA:168,17
DA:169,17
DA:171,17
DA:172,17
DA:173,8
DA:174,8
DA:176,9
DA:177,9
DA:178,9
DA:179,9
DA:180,21
DA:181,21
DA:182,21
DA:183,21
DA:184,21
DA:185,21
DA:186,21
DA:187,21
DA:188,21
DA:189,21
DA:190,21
DA:191,9
DA:193,14
DA:194,2
DA:195,2
DA:197,7
DA:198,7
DA:200,7
DA:201,7
DA:202,7
DA:203,7
DA:204,17
DA:205,17
DA:206,17
DA:207,17
DA:208,17
DA:209,17
DA:210,17
DA:211,17
DA:212,17
DA:213,17
DA:215,1
DA:217,1
DA:218,1
DA:219,1
DA:220,1
DA:221,1
DA:222,1
DA:223,1
DA:224,1
DA:225,1
DA:226,1
DA:227,1
DA:228,1
DA:229,1
DA:230,1
DA:232,1
DA:233,1
DA:234,1
DA:235,1
DA:236,1
DA:237,1
DA:238,1
DA:239,1
DA:240,1
DA:241,1
DA:242,1
DA:243,1
DA:244,1
DA:245,1
DA:246,1
DA:247,1
DA:249,1
DA:250,1
DA:251,1
DA:252,1
DA:253,1
DA:254,1
DA:255,9
DA:256,9
DA:257,9
DA:259,9
DA:260,9
DA:261,9
DA:263,9
DA:264,9
DA:265,0
DA:266,0
DA:267,6
DA:268,6
DA:269,0
DA:270,0
DA:271,0
DA:272,0
DA:273,0
DA:274,0
DA:276,9
DA:277,9
DA:278,0
DA:279,0
DA:281,6
DA:282,6
DA:283,6
DA:284,6
DA:285,9
DA:286,9
DA:287,9
DA:288,9
DA:289,9
DA:290,9
DA:291,9
DA:292,9
LF:261
LH:251
BRDA:61,0,0,11
BRDA:63,1,0,10
BRDA:63,2,0,1
BRDA:70,3,0,3
BRDA:72,4,0,0
BRDA:73,5,0,1
BRDA:73,6,0,2
BRDA:74,7,0,1
BRDA:75,8,0,0
BRDA:75,9,0,1
BRDA:86,10,0,13
BRDA:87,11,0,0
BRDA:88,12,0,0
BRDA:91,13,0,11
BRDA:91,14,0,5
BRDA:93,15,0,8
BRDA:96,16,0,2
BRDA:98,17,0,6
BRDA:101,18,0,1
BRDA:108,19,0,5
BRDA:112,20,0,3
BRDA:123,21,0,2
BRDA:136,22,0,1
BRDA:136,23,0,1
BRDA:88,24,0,0
BRDA:110,25,0,3
BRDA:125,26,0,3
BRDA:126,27,0,0
BRDA:130,28,0,3
BRDA:167,29,0,17
BRDA:168,30,0,0
BRDA:171,31,0,15
BRDA:172,32,0,10
BRDA:172,33,0,8
BRDA:174,34,0,14
BRDA:174,35,0,9
BRDA:193,36,0,2
BRDA:195,37,0,7
BRDA:204,38,0,4
BRDA:204,39,0,3
BRDA:206,40,0,4
BRDA:207,41,0,3
BRDA:207,42,0,2
BRDA:207,43,0,1
BRDA:179,44,0,21
BRDA:180,45,0,20
BRDA:180,46,0,1
BRDA:182,47,0,20
BRDA:182,48,0,1
BRDA:187,49,0,0
BRDA:189,50,0,5
BRDA:189,51,0,16
BRDA:181,52,0,119
BRDA:181,53,0,0
BRDA:181,54,0,1
BRDA:184,55,0,119
BRDA:184,56,0,0
BRDA:184,57,0,1
BRDA:189,58,0,5
BRDA:193,59,0,9
BRDA:197,60,0,19
BRDA:198,61,0,19
BRDA:206,62,0,4
BRDA:254,63,0,9
BRDA:255,64,0,0
BRDA:256,65,0,0
BRDA:259,66,0,0
BRDA:260,67,0,3
BRDA:261,68,0,3
BRDA:261,69,0,6
BRDA:263,70,0,0
BRDA:264,71,0,6
BRDA:264,72,0,0
BRDA:268,73,0,0
BRDA:276,74,0,0
BRDA:277,75,0,6
BRDA:277,76,0,0
BRDA:285,77,0,3
BRDA:285,78,0,3
BRDA:286,79,0,6
BRDA:286,80,0,6
BRDA:286,81,0,6
BRF:82
BRH:64
end_of_record
TN:
SF:src/engine/adapters/betterstack.js
FN:43,parseBetterStack
FN:111,parseBetterStackSections
FNF:2
FNH:2
FNDA:9,parseBetterStack
FNDA:16,parseBetterStackSections
DA:1,1
DA:2,1
DA:3,1
DA:4,1
DA:5,1
DA:6,1
DA:7,1
DA:8,1
DA:9,1
DA:10,1
DA:11,1
DA:12,1
DA:13,1
DA:14,1
DA:15,1
DA:16,1
DA:17,1
DA:18,1
DA:19,1
DA:20,1
DA:21,1
DA:22,1
DA:23,1
DA:25,1
DA:26,1
DA:28,1
DA:29,1
DA:30,1
DA:31,1
DA:32,1
DA:33,1
DA:34,1
DA:36,1
DA:38,1
DA:39,1
DA:40,1
DA:41,1
DA:42,1
DA:43,1
DA:44,9
DA:45,9
DA:46,1
DA:47,1
DA:49,8
DA:50,9
DA:51,5
DA:52,5
DA:53,5
DA:54,5
DA:55,5
DA:56,5
DA:58,3
DA:59,3
DA:61,9
DA:62,0
DA:63,0
DA:65,3
DA:66,3
DA:67,3
DA:68,9
DA:69,9
DA:70,9
DA:71,9
DA:72,9
DA:74,9
DA:75,9
DA:76,9
DA:77,9
DA:78,9
DA:79,9
DA:80,2
DA:81,2
DA:82,9
DA:83,1
DA:84,9
DA:85,9
DA:86,9
DA:87,9
DA:88,9
DA:89,9
DA:90,9
DA:92,1
DA:93,1
DA:94,1
DA:95,1
DA:96,1
DA:97,1
DA:98,1
DA:99,1
DA:100,1
DA:101,1
DA:102,1
DA:103,1
DA:104,1
DA:105,1
DA:106,1
DA:107,1
DA:108,1
DA:109,1
DA:110,1
DA:111,1
DA:112,16
DA:113,10
DA:115,10
DA:116,10
DA:117,10
DA:118,16
DA:119,9
DA:120,9
DA:121,9
DA:122,9
DA:124,9
DA:125,9
DA:126,9
DA:127,9
DA:128,0
DA:129,0
DA:131,9
DA:132,9
DA:133,10
DA:134,10
DA:136,1
DA:137,1
DA:138,1
DA:139,1
DA:140,1
DA:141,1
DA:142,1
DA:143,1
DA:144,1
DA:145,1
LF:131
LH:127
BRDA:43,0,0,9
BRDA:44,1,0,0
BRDA:45,2,0,1
BRDA:47,3,0,8
BRDA:50,4,0,5
BRDA:56,5,0,3
BRDA:61,6,0,7
BRDA:61,7,0,0
BRDA:63,8,0,3
BRDA:68,9,0,3
BRDA:70,10,0,0
BRDA:71,11,0,3
BRDA:79,12,0,2
BRDA:80,13,0,0
BRDA:82,14,0,1
BRDA:83,15,0,0
BRDA:85,16,0,2
BRDA:85,17,0,1
BRDA:111,18,0,16
BRDA:112,19,0,14
BRDA:112,20,0,6
BRDA:112,21,0,10
BRDA:118,22,0,9
BRDA:122,23,0,0
BRDA:126,24,0,8
BRDA:127,25,0,0
BRDA:131,26,0,0
BRDA:131,27,0,1
BRDA:132,28,0,10
BRF:29
BRH:21
end_of_record
TN:
SF:src/engine/adapters/concur.js
FN:21,isOpen
FN:27,severityOf
FN:43,parseConcur
FN:44,now
FNF:4
FNH:3
FNDA:53,isOpen
FNDA:4,severityOf
FNDA:12,parseConcur
FNDA:0,now
DA:1,1
DA:2,1
DA:3,1
DA:4,1
DA:5,1
DA:6,1
DA:7,1
DA:8,1
DA:9,1
DA:10,1
DA:11,1
DA:12,1
DA:13,1
DA:15,1
DA:16,1
DA:18,1
DA:20,1
DA:21,53
DA:22,53
DA:23,53
DA:24,53
DA:25,53
DA:27,4
DA:28,4
DA:29,4
DA:30,4
DA:31,0
DA:32,0
DA:34,1
DA:35,1
DA:36,1
DA:37,1
DA:38,1
DA:39,1
DA:40,1
DA:41,1
DA:42,1
DA:43,1
DA:44,12
DA:46,12
DA:47,12
DA:48,12
DA:49,12
DA:50,12
DA:51,12
DA:52,12
DA:53,12
DA:54,12
DA:55,12
DA:56,0
DA:57,0
DA:58,0
DA:59,0
DA:60,0
DA:61,12
DA:62,7
DA:63,7
DA:65,5
DA:66,5
DA:68,12
DA:69,2
DA:70,2
DA:71,2
DA:72,2
DA:73,2
DA:75,5
DA:76,5
DA:77,5
DA:78,12
DA:79,12
DA:80,0
DA:81,0
DA:83,12
DA:84,3
DA:85,3
DA:86,3
DA:87,3
DA:88,3
DA:89,3
DA:90,3
DA:91,3
DA:92,3
DA:93,0
DA:94,0
DA:95,0
DA:96,3
DA:97,3
DA:98,3
DA:99,3
DA:100,3
DA:102,2
DA:103,2
DA:104,2
DA:105,2
DA:106,2
DA:107,2
DA:108,2
DA:110,12
DA:112,12
DA:113,12
DA:114,12
DA:115,12
DA:116,12
DA:117,12
DA:118,12
DA:119,12
DA:120,12
DA:121,12
DA:122,12
DA:123,12
DA:124,12
DA:125,12
LF:112
LH:100
BRDA:21,0,0,53
BRDA:22,1,0,0
BRDA:22,2,0,50
BRDA:22,3,0,3
BRDA:23,4,0,0
BRDA:24,5,0,0
BRDA:27,6,0,4
BRDA:28,7,0,0
BRDA:29,8,0,0
BRDA:30,9,0,0
BRDA:43,10,0,12
BRDA:44,11,0,0
BRDA:55,12,0,10
BRDA:55,13,0,0
BRDA:61,14,0,11
BRDA:61,15,0,7
BRDA:63,16,0,8
BRDA:63,17,0,5
BRDA:68,18,0,2
BRDA:68,19,0,8
BRDA:68,20,0,2
BRDA:73,21,0,5
BRDA:78,22,0,2
BRDA:79,23,0,0
BRDA:79,24,0,8
BRDA:79,25,0,0
BRDA:81,26,0,5
BRDA:83,27,0,3
BRDA:83,28,0,8
BRDA:83,29,0,3
BRDA:86,30,0,1
BRDA:86,31,0,1
BRDA:86,32,0,2
BRDA:89,33,0,0
BRDA:100,34,0,2
BRDA:110,35,0,0
BRDA:114,36,0,1
BRDA:114,37,0,1
BRDA:114,38,0,1
BRDA:116,39,0,2
BRDA:116,40,0,0
BRDA:118,41,0,8
BRDA:118,42,0,2
BRDA:118,43,0,1
BRDA:118,44,0,1
BRDA:118,45,0,1
BRDA:66,46,0,53
BRDA:69,47,0,2
BRDA:70,48,0,2
BRDA:71,49,0,0
BRDA:71,50,0,2
BRDA:102,51,0,2
BRDA:103,52,0,0
BRDA:103,53,0,2
BRDA:106,54,0,1
BRDA:106,55,0,1
BRF:56
BRH:41
end_of_record
TN:
SF:src/engine/adapters/google.js
FN:25,liveStatus
FN:33,severityOf
FN:48,parseGoogle
FNF:3
FNH:3
FNDA:22,liveStatus
FNDA:3,severityOf
FNDA:12,parseGoogle
DA:1,1
DA:2,1
DA:3,1
DA:4,1
DA:5,1
DA:6,1
DA:7,1
DA:8,1
DA:10,1
DA:11,1
DA:13,1
DA:15,1
DA:16,1
DA:18,1
DA:19,1
DA:20,1
DA:21,1
DA:22,1
DA:23,1
DA:24,1
DA:25,22
DA:26,22
DA:27,22
DA:29,1
DA:30,1
DA:31,1
DA:32,1
DA:33,3
DA:34,3
DA:35,3
DA:36,3
DA:37,0
DA:38,0
DA:40,1
DA:41,1
DA:42,1
DA:43,1
DA:44,1
DA:45,1
DA:46,1
DA:47,1
DA:48,1
DA:49,12
DA:50,12
DA:51,12
DA:52,6
DA:53,6
DA:55,6
DA:57,6
DA:58,6
DA:59,6
DA:60,9
DA:61,3
DA:62,3
DA:63,3
DA:64,3
DA:65,3
DA:66,3
DA:67,3
DA:68,3
DA:69,3
DA:70,3
DA:71,3
DA:72,6
DA:73,6
DA:74,12
DA:75,12
DA:76,12
DA:77,6
DA:78,6
DA:79,6
DA:80,6
DA:81,6
DA:82,6
DA:83,6
DA:84,2
DA:85,12
DA:87,12
DA:88,3
DA:89,3
DA:90,3
DA:91,3
DA:92,3
DA:93,3
DA:94,3
DA:95,3
DA:96,3
DA:98,3
DA:99,3
DA:100,3
DA:101,3
DA:102,12
DA:103,12
DA:104,12
DA:105,12
DA:106,12
DA:107,12
DA:108,12
DA:109,12
DA:110,12
LF:100
LH:98
BRDA:25,0,0,22
BRDA:26,1,0,0
BRDA:26,2,0,0
BRDA:33,3,0,3
BRDA:35,4,0,0
BRDA:36,5,0,0
BRDA:48,6,0,12
BRDA:49,7,0,0
BRDA:50,8,0,6
BRDA:50,9,0,6
BRDA:50,10,0,5
BRDA:51,11,0,9
BRDA:51,12,0,6
BRDA:60,13,0,3
BRDA:61,14,0,0
BRDA:68,15,0,0
BRDA:68,16,0,0
BRDA:71,17,0,6
BRDA:74,18,0,2
BRDA:74,19,0,2
BRDA:74,20,0,4
BRDA:76,21,0,2
BRDA:85,22,0,4
BRDA:87,23,0,3
BRDA:102,24,0,1
BRDA:102,25,0,1
BRDA:104,26,0,3
BRDA:104,27,0,0
BRDA:104,28,0,0
BRDA:104,29,0,0
BRDA:55,30,0,19
BRDA:76,31,0,6
BRDA:77,32,0,0
BRDA:81,33,0,1
BRDA:81,34,0,5
BRDA:82,35,0,1
BRDA:82,36,0,5
BRDA:101,37,0,3
BRF:38
BRH:26
end_of_record
TN:
SF:src/engine/adapters/ibm.js
FN:57,ibmSeverityOf
FN:75,enclosingObject
FN:120,field
FN:130,parseIbmCloud
FNF:4
FNH:4
FNDA:14,ibmSeverityOf
FNDA:16,enclosingObject
FNDA:34,field
FNDA:24,parseIbmCloud
DA:1,1
DA:2,1
DA:3,1
DA:4,1
DA:5,1
DA:6,1
DA:7,1
DA:8,1
DA:9,1
DA:10,1
DA:11,1
DA:12,1
DA:13,1
DA:14,1
DA:15,1
DA:16,1
DA:17,1
DA:18,1
DA:19,1
DA:20,1
DA:21,1
DA:22,1
DA:23,1
DA:24,1
DA:25,1
DA:26,1
DA:27,1
DA:29,1
DA:30,1
DA:32,1
DA:33,1
DA:35,1
DA:36,1
DA:38,1
DA:39,1
DA:40,1
DA:41,1
DA:42,1
DA:43,1
DA:44,1
DA:45,1
DA:46,1
DA:48,1
DA:50,1
DA:51,1
DA:52,1
DA:53,1
DA:54,1
DA:55,1
DA:56,1
DA:57,1
DA:58,14
DA:59,14
DA:60,14
DA:61,14
DA:62,2
DA:63,2
DA:65,1
DA:66,1
DA:67,1
DA:68,1
DA:69,1
DA:70,1
DA:71,1
DA:72,1
DA:73,1
DA:74,1
DA:75,16
DA:76,16
DA:77,16
DA:78,16
DA:79,1004
DA:80,1004
DA:81,1004
DA:82,16
DA:83,0
DA:84,0
DA:85,988
DA:86,988
DA:88,16
DA:89,16
DA:90,16
DA:91,5299
DA:92,5299
DA:93,5299
DA:94,18
DA:95,18
DA:96,18
DA:97,5283
DA:98,5283
DA:99,16
DA:100,16
DA:101,16
DA:103,1
DA:104,1
DA:105,1
DA:106,1
DA:107,1
DA:108,1
DA:109,1
DA:110,1
DA:111,1
DA:112,1
DA:113,1
DA:114,1
DA:115,1
DA:116,1
DA:117,1
DA:119,1
DA:120,34
DA:121,34
DA:122,34
DA:123,34
DA:125,1
DA:126,1
DA:127,1
DA:128,1
DA:129,1
DA:130,1
DA:131,24
DA:132,24
DA:134,24
DA:135,3
DA:136,3
DA:138,21
DA:139,21
DA:140,21
DA:141,21
DA:142,21
DA:143,21
DA:144,21
DA:145,21
DA:146,24
DA:147,5
DA:148,5
DA:150,16
DA:151,16
DA:152,16
DA:153,16
DA:154,16
DA:155,16
DA:156,16
DA:157,9
DA:158,9
DA:159,9
DA:160,9
DA:161,9
DA:162,9
DA:163,9
DA:164,9
DA:165,9
DA:166,16
DA:167,16
DA:168,16
DA:170,16
DA:171,16
DA:172,16
DA:173,16
DA:174,16
DA:175,16
DA:176,16
DA:177,16
DA:178,16
DA:179,16
DA:180,16
DA:181,22
DA:182,9
DA:183,9
DA:184,9
DA:185,9
DA:186,9
DA:188,16
DA:189,16
DA:190,16
DA:191,16
DA:192,16
DA:193,16
DA:194,16
DA:195,16
DA:196,16
DA:197,16
DA:198,23
DA:199,23
DA:200,23
DA:201,23
DA:202,23
DA:203,23
DA:204,23
DA:205,23
DA:206,23
DA:207,23
DA:208,16
DA:209,16
DA:211,16
DA:212,22
DA:213,8
DA:214,4
DA:215,4
DA:216,8
DA:218,22
DA:219,0
DA:220,0
DA:222,16
DA:223,16
DA:225,16
DA:226,16
DA:227,16
DA:228,16
DA:229,24
DA:230,24
DA:231,24
DA:232,24
DA:233,24
DA:234,24
DA:235,24
DA:236,24
DA:237,24
DA:238,24
LF:218
LH:214
BRDA:57,0,0,14
BRDA:59,1,0,6
BRDA:59,2,0,8
BRDA:60,3,0,3
BRDA:60,4,0,5
BRDA:61,5,0,2
BRDA:61,6,0,3
BRDA:61,7,0,2
BRDA:75,8,0,16
BRDA:78,9,0,1004
BRDA:80,10,0,0
BRDA:81,11,0,16
BRDA:82,12,0,0
BRDA:84,13,0,988
BRDA:90,14,0,5299
BRDA:92,15,0,2
BRDA:93,16,0,18
BRDA:95,17,0,16
BRDA:96,18,0,5283
BRDA:99,19,0,0
BRDA:120,20,0,34
BRDA:122,21,0,0
BRDA:130,22,0,24
BRDA:131,23,0,0
BRDA:134,24,0,22
BRDA:134,25,0,3
BRDA:136,26,0,21
BRDA:146,27,0,5
BRDA:148,28,0,22
BRDA:148,29,0,16
BRDA:156,30,0,9
BRDA:162,31,0,0
BRDA:162,32,0,0
BRDA:181,33,0,9
BRDA:182,34,0,5
BRDA:182,35,0,4
BRDA:184,36,0,1
BRDA:186,37,0,16
BRDA:197,38,0,23
BRDA:199,39,0,0
BRDA:203,40,0,1
BRDA:204,41,0,4
BRDA:204,42,0,19
BRDA:205,43,0,4
BRDA:205,44,0,19
BRDA:212,45,0,8
BRDA:213,46,0,4
BRDA:214,47,0,3
BRDA:214,48,0,1
BRDA:216,49,0,16
BRDA:218,50,0,0
BRDA:220,51,0,16
BRDA:229,52,0,8
BRDA:229,53,0,8
BRDA:231,54,0,8
BRDA:232,55,0,8
BRDA:158,56,0,5
BRDA:158,57,0,5
BRDA:222,58,0,11
BRDA:222,59,0,5
BRDA:223,60,0,27
BRDA:228,61,0,27
BRDA:231,62,0,8
BRF:63
BRH:54
end_of_record
TN:
SF:src/engine/adapters/instatus.js
FN:24,parseInstatus
FNF:1
FNH:1
FNDA:10,parseInstatus
DA:1,1
DA:2,1
DA:3,1
DA:4,1
DA:5,1
DA:6,1
DA:7,1
DA:8,1
DA:9,1
DA:10,1
DA:11,1
DA:12,1
DA:13,1
DA:15,1
DA:16,1
DA:17,1
DA:19,1
DA:20,1
DA:21,1
DA:22,1
DA:23,1
DA:24,1
DA:25,10
DA:27,10
DA:28,10
DA:30,10
DA:31,4
DA:32,4
DA:33,4
DA:34,4
DA:35,4
DA:37,6
DA:38,6
DA:39,10
DA:40,10
DA:42,10
DA:43,10
DA:44,10
DA:46,10
DA:47,10
DA:48,10
DA:49,10
DA:50,10
DA:51,10
DA:53,10
DA:54,10
DA:55,10
DA:56,10
DA:57,10
DA:59,10
DA:61,10
DA:62,10
DA:63,10
DA:64,10
DA:65,10
DA:66,10
DA:67,10
DA:68,10
DA:69,5
DA:70,10
DA:71,10
DA:72,10
DA:73,10
DA:74,10
DA:75,10
DA:76,10
LF:66
LH:66
BRDA:24,0,0,10
BRDA:25,1,0,0
BRDA:27,2,0,9
BRDA:27,3,0,6
BRDA:28,4,0,9
BRDA:28,5,0,5
BRDA:30,6,0,4
BRDA:30,7,0,8
BRDA:30,8,0,4
BRDA:33,9,0,3
BRDA:33,10,0,0
BRDA:35,11,0,6
BRDA:39,12,0,5
BRDA:39,13,0,1
BRDA:44,14,0,6
BRDA:44,15,0,0
BRDA:50,16,0,0
BRDA:51,17,0,6
BRDA:64,18,0,1
BRDA:64,19,0,5
BRDA:67,20,0,1
BRDA:68,21,0,5
BRDA:70,22,0,0
BRDA:71,23,0,6
BRDA:71,24,0,1
BRDA:71,25,0,1
BRDA:39,26,0,11
BRDA:42,27,0,10
BRDA:53,28,0,10
BRDA:56,29,0,6
BRDA:56,30,0,4
BRDA:59,31,0,10
BRDA:67,32,0,1
BRF:33
BRH:28
end_of_record
TN:
SF:src/engine/adapters/metastatus.js
FN:33,metaSeverity
FN:48,parseMetaStatus
FNF:2
FNH:2
FNDA:315,metaSeverity
FNDA:8,parseMetaStatus
DA:1,1
DA:2,1
DA:3,1
DA:4,1
DA:5,1
DA:6,1
DA:7,1
DA:8,1
DA:9,1
DA:10,1
DA:11,1
DA:12,1
DA:13,1
DA:14,1
DA:15,1
DA:17,1
DA:18,1
DA:20,1
DA:21,1
DA:23,1
DA:24,1
DA:26,1
DA:27,1
DA:28,1
DA:29,1
DA:30,1
DA:31,1
DA:32,1
DA:33,1
DA:34,315
DA:35,315
DA:36,315
DA:37,315
DA:38,315
DA:39,315
DA:40,1
DA:41,1
DA:43,1
DA:44,1
DA:45,1
DA:46,1
DA:47,1
DA:48,1
DA:49,8
DA:51,8
DA:52,8
DA:53,4
DA:54,4
DA:55,4
DA:56,4
DA:57,4
DA:58,4
DA:60,4
DA:61,4
DA:62,4
DA:63,4
DA:64,53
DA:65,53
DA:66,53
DA:67,53
DA:68,53
DA:69,53
DA:70,53
DA:71,53
DA:72,53
DA:73,53
DA:74,53
DA:75,53
DA:76,4
DA:78,4
DA:79,4
DA:81,4
DA:82,4
DA:83,4
DA:84,4
DA:85,8
DA:86,8
DA:87,8
DA:88,8
DA:89,8
DA:90,8
DA:91,8
DA:92,8
DA:93,8
DA:94,8
LF:85
LH:85
BRDA:33,0,0,315
BRDA:34,1,0,0
BRDA:35,2,0,1
BRDA:35,3,0,314
BRDA:36,4,0,309
BRDA:36,5,0,5
BRDA:37,6,0,3
BRDA:37,7,0,2
BRDA:38,8,0,1
BRDA:39,9,0,0
BRDA:39,10,0,1
BRDA:48,11,0,8
BRDA:49,12,0,0
BRDA:51,13,0,5
BRDA:51,14,0,3
BRDA:51,15,0,2
BRDA:52,16,0,5
BRDA:52,17,0,4
BRDA:58,18,0,6
BRDA:58,19,0,4
BRDA:85,20,0,1
BRDA:85,21,0,3
BRDA:87,22,0,1
BRDA:88,23,0,3
BRDA:63,24,0,53
BRDA:64,25,0,0
BRDA:67,26,0,0
BRDA:70,27,0,0
BRDA:70,28,0,0
BRDA:73,29,0,1
BRDA:74,30,0,52
BRDA:66,31,0,155
BRDA:68,32,0,155
BRDA:73,33,0,1
BRDA:78,34,0,53
BRDA:79,35,0,53
BRDA:87,36,0,1
BRF:37
BRH:30
end_of_record
TN:
SF:src/engine/adapters/microsoft.js
FN:44,parseMicrosoft
FN:153,tagText
FN:163,parseMicrosoftFeed
FN:270,parseMicrosoftConsumer
FN:340,parseMicrosoftAdminPost
FNF:5
FNH:5
FNDA:8,parseMicrosoft
FNDA:30,tagText
FNDA:20,parseMicrosoftFeed
FNDA:22,parseMicrosoftConsumer
FNDA:13,parseMicrosoftAdminPost
DA:1,1
DA:2,1
DA:3,1
DA:4,1
DA:5,1
DA:6,1
DA:7,1
DA:8,1
DA:9,1
DA:10,1
DA:11,1
DA:12,1
DA:13,1
DA:14,1
DA:15,1
DA:16,1
DA:17,1
DA:18,1
DA:19,1
DA:21,1
DA:22,1
DA:24,1
DA:25,1
DA:27,1
DA:28,1
DA:29,1
DA:30,1
DA:31,1
DA:32,1
DA:33,1
DA:34,1
DA:35,1
DA:36,1
DA:37,1
DA:39,1
DA:40,1
DA:41,1
DA:42,1
DA:43,1
DA:44,1
DA:45,8
DA:46,8
DA:47,3
DA:48,3
DA:49,3
DA:50,3
DA:51,3
DA:52,3
DA:54,5
DA:55,5
DA:56,5
DA:57,41
DA:58,41
DA:59,41
DA:60,5
DA:61,5
DA:63,8
DA:64,4
DA:65,4
DA:66,4
DA:67,4
DA:68,4
DA:69,4
DA:70,4
DA:71,4
DA:72,4
DA:73,4
DA:74,4
DA:76,1
DA:77,1
DA:78,1
DA:79,1
DA:80,8
DA:81,8
DA:82,8
DA:83,8
DA:84,8
DA:85,8
DA:86,8
DA:87,8
DA:88,8
DA:89,8
DA:90,8
DA:92,1
DA:93,1
DA:94,1
DA:96,1
DA:97,1
DA:98,1
DA:99,1
DA:100,1
DA:101,1
DA:102,1
DA:103,1
DA:104,1
DA:105,1
DA:106,1
DA:107,1
DA:108,1
DA:109,1
DA:110,1
DA:111,1
DA:112,1
DA:113,1
DA:114,1
DA:115,1
DA:116,1
DA:117,1
DA:118,1
DA:119,1
DA:120,1
DA:121,1
DA:122,1
DA:123,1
DA:124,1
DA:125,1
DA:126,1
DA:128,1
DA:129,1
DA:130,1
DA:131,1
DA:133,1
DA:134,1
DA:135,1
DA:136,1
DA:137,1
DA:138,1
DA:139,1
DA:140,1
DA:141,1
DA:142,1
DA:143,1
DA:144,1
DA:145,1
DA:146,1
DA:147,1
DA:148,1
DA:149,1
DA:150,1
DA:152,1
DA:153,30
DA:154,30
DA:155,30
DA:156,30
DA:158,1
DA:159,1
DA:160,1
DA:161,1
DA:162,1
DA:163,1
DA:164,20
DA:165,20
DA:167,20
DA:168,5
DA:169,5
DA:171,15
DA:172,20
DA:173,1
DA:174,1
DA:176,14
DA:177,15
DA:178,15
DA:179,15
DA:180,15
DA:181,15
DA:182,15
DA:183,15
DA:184,14
DA:186,14
DA:187,14
DA:188,20
DA:189,3
DA:190,3
DA:192,11
DA:193,11
DA:195,11
DA:196,11
DA:197,11
DA:198,11
DA:199,20
DA:200,20
DA:201,20
DA:202,20
DA:203,20
DA:204,20
DA:205,20
DA:206,20
DA:207,20
DA:208,20
DA:210,1
DA:211,1
DA:212,1
DA:213,1
DA:214,1
DA:215,1
DA:216,1
DA:217,1
DA:218,1
DA:219,1
DA:220,1
DA:221,1
DA:222,1
DA:223,1
DA:224,1
DA:225,1
DA:226,1
DA:227,1
DA:228,1
DA:229,1
DA:230,1
DA:231,1
DA:232,1
DA:233,1
DA:234,1
DA:235,1
DA:236,1
DA:237,1
DA:238,1
DA:240,1
DA:241,1
DA:243,1
DA:244,1
DA:245,1
DA:247,1
DA:248,1
DA:249,1
DA:250,1
DA:251,1
DA:252,1
DA:253,1
DA:254,1
DA:255,1
DA:256,1
DA:257,1
DA:258,1
DA:259,1
DA:260,1
DA:261,1
DA:262,1
DA:263,1
DA:265,1
DA:266,1
DA:267,1
DA:268,1
DA:269,1
DA:270,1
DA:271,22
DA:272,22
DA:274,22
DA:275,22
DA:276,8
DA:277,8
DA:279,14
DA:280,43
DA:281,43
DA:282,43
DA:283,43
DA:284,43
DA:285,43
DA:286,43
DA:287,14
DA:289,14
DA:290,14
DA:291,22
DA:292,1
DA:293,1
DA:295,13
DA:296,13
DA:298,13
DA:299,13
DA:300,13
DA:301,13
DA:302,22
DA:303,22
DA:304,22
DA:305,22
DA:306,22
DA:307,22
DA:308,22
DA:309,22
DA:310,22
DA:311,22
DA:313,1
DA:314,1
DA:315,1
DA:316,1
DA:317,1
DA:318,1
DA:319,1
DA:320,1
DA:321,1
DA:322,1
DA:323,1
DA:324,1
DA:325,1
DA:326,1
DA:327,1
DA:328,1
DA:329,1
DA:330,1
DA:331,1
DA:332,1
DA:333,1
DA:335,1
DA:336,1
DA:337,1
DA:338,1
DA:339,1
DA:340,1
DA:341,13
DA:342,13
DA:343,13
DA:344,13
DA:346,13
DA:347,13
DA:348,13
DA:350,13
DA:351,13
DA:352,1
DA:353,1
DA:354,5
DA:355,5
DA:356,7
DA:357,1
DA:358,1
DA:360,13
DA:361,13
DA:362,1
DA:363,1
DA:365,3
DA:366,3
DA:367,3
DA:368,3
DA:369,13
DA:370,13
DA:371,13
DA:372,13
DA:373,13
DA:374,13
DA:375,13
DA:376,13
DA:377,13
DA:378,13
DA:379,13
LF:344
LH:344
BRDA:44,0,0,8
BRDA:45,1,0,0
BRDA:46,2,0,7
BRDA:46,3,0,3
BRDA:52,4,0,5
BRDA:63,5,0,4
BRDA:63,6,0,4
BRDA:68,7,0,0
BRDA:74,8,0,1
BRDA:83,9,0,1
BRDA:84,10,0,0
BRDA:56,11,0,41
BRDA:57,12,0,0
BRDA:58,13,0,1
BRDA:58,14,0,40
BRDA:59,15,0,1
BRDA:59,16,0,0
BRDA:59,17,0,1
BRDA:61,18,0,41
BRDA:83,19,0,1
BRDA:153,20,0,30
BRDA:155,21,0,28
BRDA:155,22,0,2
BRDA:163,23,0,20
BRDA:164,24,0,0
BRDA:167,25,0,18
BRDA:167,26,0,5
BRDA:169,27,0,15
BRDA:172,28,0,1
BRDA:174,29,0,14
BRDA:188,30,0,3
BRDA:190,31,0,11
BRDA:199,32,0,6
BRDA:199,33,0,5
BRDA:201,34,0,6
BRDA:202,35,0,5
BRDA:171,36,0,15
BRDA:176,37,0,15
BRDA:178,38,0,3
BRDA:180,39,0,0
BRDA:182,40,0,3
BRDA:182,41,0,1
BRDA:182,42,0,14
BRDA:188,43,0,14
BRDA:192,44,0,12
BRDA:193,45,0,12
BRDA:201,46,0,6
BRDA:270,47,0,22
BRDA:271,48,0,0
BRDA:274,49,0,15
BRDA:274,50,0,7
BRDA:274,51,0,5
BRDA:275,52,0,15
BRDA:275,53,0,17
BRDA:275,54,0,8
BRDA:277,55,0,14
BRDA:291,56,0,19
BRDA:291,57,0,1
BRDA:293,58,0,13
BRDA:302,59,0,4
BRDA:302,60,0,0
BRDA:302,61,0,9
BRDA:304,62,0,4
BRDA:305,63,0,9
BRDA:279,64,0,43
BRDA:280,65,0,0
BRDA:281,66,0,2
BRDA:283,67,0,0
BRDA:283,68,0,0
BRDA:291,69,0,14
BRDA:295,70,0,42
BRDA:296,71,0,42
BRDA:304,72,0,4
BRDA:340,73,0,13
BRDA:341,74,0,0
BRDA:342,75,0,0
BRDA:346,76,0,0
BRDA:347,77,0,7
BRDA:348,78,0,7
BRDA:348,79,0,6
BRDA:350,80,0,0
BRDA:351,81,0,7
BRDA:351,82,0,1
BRDA:353,83,0,5
BRDA:356,84,0,1
BRDA:358,85,0,4
BRDA:360,86,0,1
BRDA:361,87,0,7
BRDA:361,88,0,1
BRDA:363,89,0,3
BRDA:369,90,0,0
BRDA:372,91,0,3
BRDA:373,92,0,0
BRF:93
BRH:75
end_of_record
TN:
SF:src/engine/adapters/okta.js
FN:59,extractIncidents
FN:104,severityOf
FN:116,parseOkta
FNF:3
FNH:3
FNDA:22,extractIncidents
FNDA:6,severityOf
FNDA:23,parseOkta
DA:1,1
DA:2,1
DA:3,1
DA:4,1
DA:5,1
DA:6,1
DA:7,1
DA:8,1
DA:9,1
DA:10,1
DA:11,1
DA:12,1
DA:13,1
DA:14,1
DA:15,1
DA:16,1
DA:17,1
DA:18,1
DA:19,1
DA:20,1
DA:21,1
DA:22,1
DA:24,1
DA:25,1
DA:27,1
DA:29,1
DA:30,1
DA:32,1
DA:33,1
DA:35,1
DA:36,1
DA:37,1
DA:38,1
DA:39,1
DA:40,1
DA:41,1
DA:42,1
DA:43,1
DA:44,1
DA:45,1
DA:46,1
DA:48,1
DA:49,1
DA:50,1
DA:51,1
DA:52,1
DA:53,1
DA:54,1
DA:55,1
DA:56,1
DA:57,1
DA:58,1
DA:59,1
DA:60,22
DA:61,22
DA:63,16
DA:64,16
DA:65,16
DA:67,19
DA:68,30583
DA:70,30583
DA:71,0
DA:72,0
DA:73,0
DA:74,30583
DA:75,0
DA:76,0
DA:77,0
DA:78,30583
DA:79,2136
DA:80,2136
DA:81,2136
DA:82,30583
DA:84,30583
DA:85,95
DA:86,30583
DA:87,95
DA:88,95
DA:89,16
DA:90,16
DA:91,16
DA:92,0
DA:93,0
DA:94,16
DA:95,95
DA:96,30583
DA:97,0
DA:98,0
DA:100,1
DA:101,1
DA:102,1
DA:103,1
DA:104,6
DA:105,6
DA:106,6
DA:107,6
DA:108,6
DA:109,6
DA:111,1
DA:112,1
DA:113,1
DA:114,1
DA:115,1
DA:116,1
DA:117,23
DA:119,23
DA:120,1
DA:121,1
DA:123,22
DA:124,23
DA:125,6
DA:126,6
DA:127,6
DA:128,6
DA:129,6
DA:130,6
DA:132,16
DA:133,16
DA:134,16
DA:136,16
DA:138,16
DA:139,16
DA:140,20
DA:141,6
DA:142,6
DA:143,6
DA:144,6
DA:145,6
DA:146,6
DA:147,6
DA:149,16
DA:150,16
DA:151,16
DA:152,16
DA:153,16
DA:154,23
DA:155,23
DA:156,6
DA:157,1
DA:158,1
DA:159,1
DA:160,1
DA:161,6
DA:163,16
DA:164,20
DA:165,23
DA:167,23
DA:168,10
DA:169,10
DA:170,10
DA:171,10
DA:172,10
DA:173,10
DA:174,10
DA:175,10
DA:176,10
DA:177,10
DA:179,6
DA:180,6
DA:181,20
DA:182,23
DA:183,3
DA:184,23
DA:186,23
DA:187,23
DA:188,23
DA:189,23
DA:190,23
DA:191,23
DA:192,23
DA:193,23
DA:194,23
DA:195,23
DA:196,23
DA:197,23
DA:198,23
DA:199,23
DA:201,1
LF:178
LH:168
BRDA:59,0,0,22
BRDA:61,1,0,6
BRDA:61,2,0,19
BRDA:61,3,0,16
BRDA:67,4,0,30583
BRDA:70,5,0,0
BRDA:74,6,0,0
BRDA:78,7,0,2136
BRDA:81,8,0,28447
BRDA:82,9,0,26946
BRDA:82,10,0,1501
BRDA:84,11,0,1485
BRDA:84,12,0,95
BRDA:86,13,0,1406
BRDA:86,14,0,1390
BRDA:86,15,0,95
BRDA:88,16,0,16
BRDA:91,17,0,0
BRDA:96,18,0,0
BRDA:104,19,0,6
BRDA:105,20,0,0
BRDA:108,21,0,0
BRDA:116,22,0,23
BRDA:117,23,0,0
BRDA:119,24,0,1
BRDA:121,25,0,22
BRDA:124,26,0,6
BRDA:130,27,0,20
BRDA:130,28,0,16
BRDA:140,29,0,6
BRDA:141,30,0,0
BRDA:141,31,0,0
BRDA:141,32,0,0
BRDA:144,33,0,0
BRDA:145,34,0,1
BRDA:147,35,0,16
BRDA:154,36,0,3
BRDA:154,37,0,13
BRDA:155,38,0,20
BRDA:155,39,0,6
BRDA:156,40,0,2
BRDA:156,41,0,2
BRDA:156,42,0,1
BRDA:161,43,0,16
BRDA:164,44,0,3
BRDA:165,45,0,13
BRDA:167,46,0,20
BRDA:167,47,0,10
BRDA:177,48,0,6
BRDA:181,49,0,3
BRDA:182,50,0,3
BRDA:183,51,0,2
BRDA:184,52,0,1
BRDA:190,53,0,6
BRDA:190,54,0,1
BRDA:190,55,0,1
BRDA:192,56,0,6
BRDA:192,57,0,1
BRDA:192,58,0,1
BRDA:193,59,0,0
BRDA:133,60,0,41
BRDA:133,61,0,0
BRDA:164,62,0,12
BRDA:164,63,0,11
BRDA:179,64,0,6
BRF:65
BRH:52
end_of_record
TN:
SF:src/engine/adapters/oracle.js
FN:59,oracleSeverityOf
FN:71,parseOracle
FNF:2
FNH:2
FNDA:19,oracleSeverityOf
FNDA:14,parseOracle
DA:1,1
DA:2,1
DA:3,1
DA:4,1
DA:5,1
DA:6,1
DA:7,1
DA:8,1
DA:9,1
DA:10,1
DA:11,1
DA:12,1
DA:13,1
DA:14,1
DA:15,1
DA:16,1
DA:17,1
DA:18,1
DA:19,1
DA:20,1
DA:21,1
DA:22,1
DA:23,1
DA:24,1
DA:25,1
DA:26,1
DA:28,1
DA:29,1
DA:31,1
DA:32,1
DA:34,1
DA:35,1
DA:36,1
DA:37,1
DA:38,1
DA:39,1
DA:40,1
DA:41,1
DA:42,1
DA:43,1
DA:44,1
DA:45,1
DA:46,1
DA:47,1
DA:48,1
DA:49,1
DA:50,1
DA:51,1
DA:52,1
DA:53,1
DA:54,1
DA:55,1
DA:56,1
DA:58,1
DA:59,1
DA:60,19
DA:61,19
DA:62,19
DA:63,19
DA:64,19
DA:66,1
DA:67,1
DA:68,1
DA:69,1
DA:70,1
DA:71,1
DA:72,14
DA:73,14
DA:75,14
DA:76,14
DA:77,8
DA:78,8
DA:80,6
DA:81,6
DA:83,11
DA:84,9
DA:85,9
DA:86,11
DA:87,11
DA:88,11
DA:90,11
DA:91,11
DA:92,11
DA:93,11
DA:94,11
DA:95,9
DA:97,11
DA:98,1
DA:99,1
DA:101,5
DA:102,5
DA:103,7
DA:104,7
DA:105,7
DA:106,7
DA:107,7
DA:108,7
DA:109,7
DA:110,5
DA:111,5
DA:113,5
DA:115,5
DA:116,5
DA:117,5
DA:118,5
DA:119,14
DA:120,14
DA:121,14
DA:122,14
DA:123,14
DA:124,14
DA:125,14
DA:126,14
DA:127,14
DA:128,14
LF:115
LH:115
BRDA:59,0,0,19
BRDA:60,1,0,1
BRDA:63,2,0,17
BRDA:63,3,0,2
BRDA:63,4,0,2
BRDA:71,5,0,14
BRDA:72,6,0,0
BRDA:75,7,0,12
BRDA:76,8,0,7
BRDA:76,9,0,8
BRDA:78,10,0,11
BRDA:78,11,0,6
BRDA:83,12,0,9
BRDA:84,13,0,0
BRDA:84,14,0,0
BRDA:85,15,0,0
BRDA:85,16,0,11
BRDA:86,17,0,0
BRDA:87,18,0,0
BRDA:90,19,0,7
BRDA:91,20,0,3
BRDA:92,21,0,4
BRDA:92,22,0,4
BRDA:95,23,0,6
BRDA:97,24,0,1
BRDA:99,25,0,5
BRDA:119,26,0,3
BRDA:119,27,0,2
BRDA:121,28,0,3
BRDA:122,29,0,2
BRDA:102,30,0,7
BRDA:108,31,0,3
BRDA:108,32,0,0
BRDA:109,33,0,4
BRDA:111,34,0,2
BRDA:111,35,0,1
BRDA:113,36,0,7
BRDA:118,37,0,7
BRDA:121,38,0,3
BRF:39
BRH:32
end_of_record
TN:
SF:src/engine/adapters/salesforce.js
FN:31,parseSalesforce
FN:45,severityOfInstance
FNF:2
FNH:2
FNDA:13,parseSalesforce
FNDA:112,severityOfInstance
DA:1,1
DA:2,1
DA:3,1
DA:4,1
DA:5,1
DA:6,1
DA:7,1
DA:8,1
DA:9,1
DA:10,1
DA:11,1
DA:12,1
DA:13,1
DA:14,1
DA:15,1
DA:16,1
DA:17,1
DA:18,1
DA:19,1
DA:21,1
DA:22,1
DA:24,1
DA:26,1
DA:27,1
DA:28,1
DA:29,1
DA:30,1
DA:31,1
DA:32,13
DA:33,13
DA:34,6
DA:35,6
DA:37,7
DA:38,7
DA:39,7
DA:41,10
DA:42,0
DA:43,0
DA:45,7
DA:46,112
DA:47,112
DA:48,112
DA:49,8
DA:50,7
DA:52,7
DA:53,56
DA:54,56
DA:55,56
DA:56,7
DA:58,7
DA:59,7
DA:60,7
DA:61,10
DA:62,56
DA:63,56
DA:64,56
DA:65,56
DA:66,17
DA:67,17
DA:68,17
DA:69,17
DA:70,17
DA:71,17
DA:72,56
DA:73,13
DA:74,13
DA:76,13
DA:77,3
DA:78,3
DA:79,3
DA:80,3
DA:81,3
DA:82,3
DA:83,3
DA:84,3
DA:85,3
DA:86,3
DA:88,4
DA:89,4
DA:90,13
DA:91,13
DA:92,13
DA:93,13
DA:94,13
DA:95,13
DA:96,13
DA:97,13
DA:98,13
DA:99,13
DA:100,13
LF:90
LH:88
BRDA:31,0,0,13
BRDA:32,1,0,0
BRDA:33,2,0,12
BRDA:33,3,0,6
BRDA:35,4,0,10
BRDA:35,5,0,7
BRDA:41,6,0,0
BRDA:43,7,0,7
BRDA:61,8,0,56
BRDA:62,9,0,0
BRDA:65,10,0,39
BRDA:65,11,0,17
BRDA:72,12,0,7
BRDA:73,13,0,1
BRDA:73,14,0,6
BRDA:76,15,0,10
BRDA:76,16,0,3
BRDA:79,17,0,1
BRDA:86,18,0,4
BRDA:90,19,0,1
BRDA:92,20,0,4
BRDA:93,21,0,0
BRDA:38,22,0,60
BRDA:38,23,0,59
BRDA:45,24,0,112
BRDA:46,25,0,0
BRDA:47,26,0,104
BRDA:48,27,0,8
BRDA:50,28,0,0
BRDA:52,29,0,56
BRDA:53,30,0,0
BRDA:53,31,0,0
BRDA:69,32,0,164
BRDA:74,33,0,56
BRDA:91,34,0,4
BRF:35
BRH:27
end_of_record
TN:
SF:src/engine/adapters/signal.js
FN:25,parseSignal
FNF:1
FNH:1
FNDA:7,parseSignal
DA:1,1
DA:2,1
DA:3,1
DA:4,1
DA:5,1
DA:6,1
DA:7,1
DA:8,1
DA:9,1
DA:10,1
DA:11,1
DA:12,1
DA:13,1
DA:15,1
DA:16,1
DA:18,1
DA:20,1
DA:21,1
DA:22,1
DA:23,1
DA:24,1
DA:25,1
DA:26,7
DA:27,7
DA:28,1
DA:29,1
DA:31,7
DA:32,1
DA:33,1
DA:34,1
DA:35,1
DA:36,1
DA:37,1
DA:38,1
DA:39,1
DA:41,7
DA:42,1
DA:43,1
DA:44,1
DA:45,1
DA:46,1
DA:47,1
DA:48,1
DA:49,1
DA:50,1
DA:52,4
DA:53,4
DA:54,4
DA:55,4
DA:56,4
DA:57,4
LF:51
LH:51
BRDA:25,0,0,7
BRDA:26,1,0,0
BRDA:27,2,0,1
BRDA:29,3,0,6
BRDA:31,4,0,1
BRDA:39,5,0,5
BRDA:41,6,0,4
BRDA:41,7,0,1
BRF:8
BRH:7
end_of_record
TN:
SF:src/engine/adapters/sorryapp.js
FN:24,toComponents
FN:43,parseSorryApp
FNF:2
FNH:2
FNDA:3,toComponents
FNDA:12,parseSorryApp
DA:1,1
DA:2,1
DA:3,1
DA:4,1
DA:5,1
DA:6,1
DA:7,1
DA:9,1
DA:10,1
DA:12,1
DA:13,1
DA:14,1
DA:15,1
DA:16,1
DA:17,1
DA:18,1
DA:19,1
DA:20,1
DA:21,1
DA:22,1
DA:23,1
DA:24,3
DA:25,3
DA:26,3
DA:27,5
DA:28,5
DA:29,5
DA:30,5
DA:31,5
DA:32,5
DA:33,5
DA:34,5
DA:35,3
DA:36,3
DA:38,1
DA:39,1
DA:40,1
DA:41,1
DA:42,1
DA:43,1
DA:44,12
DA:45,12
DA:46,12
DA:47,5
DA:48,5
DA:50,12
DA:51,12
DA:53,12
DA:54,6
DA:55,6
DA:56,6
DA:57,6
DA:58,6
DA:59,6
DA:60,6
DA:61,6
DA:62,6
DA:63,6
DA:64,6
DA:65,6
DA:66,6
DA:67,4
DA:68,6
DA:69,6
DA:70,6
DA:71,6
DA:72,6
DA:73,6
DA:75,1
DA:76,1
DA:77,1
DA:78,1
DA:79,1
DA:80,12
DA:81,12
DA:82,12
DA:83,12
DA:84,12
DA:85,12
DA:86,12
DA:87,12
LF:81
LH:81
BRDA:24,0,0,3
BRDA:26,1,0,5
BRDA:27,2,0,0
BRDA:28,3,0,0
BRDA:29,4,0,0
BRDA:31,5,0,1
BRDA:43,6,0,12
BRDA:44,7,0,0
BRDA:45,8,0,11
BRDA:46,9,0,7
BRDA:46,10,0,5
BRDA:48,11,0,10
BRDA:48,12,0,7
BRDA:50,13,0,6
BRDA:50,14,0,1
BRDA:51,15,0,7
BRDA:51,16,0,3
BRDA:51,17,0,4
BRDA:53,18,0,10
BRDA:53,19,0,6
BRDA:57,20,0,3
BRDA:58,21,0,3
BRDA:63,22,0,2
BRDA:63,23,0,4
BRDA:65,24,0,2
BRDA:66,25,0,4
BRDA:67,26,0,1
BRDA:68,27,0,3
BRDA:73,28,0,1
BRDA:80,29,0,0
BRDA:80,30,0,1
BRDA:81,31,0,0
BRDA:81,32,0,1
BRDA:82,33,0,1
BRDA:57,34,0,4
BRDA:59,35,0,4
BRDA:65,36,0,2
BRF:37
BRH:31
end_of_record
TN:
SF:src/engine/adapters/statuspage.js
FN:52,stripRegionSuffix
FN:70,dedupeByName
FN:107,toPlainText
FN:120,indicatorSeverity
FN:163,parseStatuspage
FN:170,now
FNF:6
FNH:6
FNDA:1642,stripRegionSuffix
FNDA:43,dedupeByName
FNDA:33,toPlainText
FNDA:33,indicatorSeverity
FNDA:139,parseStatuspage
FNDA:17,now
DA:1,1
DA:2,1
DA:3,1
DA:4,1
DA:5,1
DA:6,1
DA:7,1
DA:8,1
DA:9,1
DA:11,1
DA:12,1
DA:14,1
DA:15,1
DA:16,1
DA:17,1
DA:18,1
DA:19,1
DA:20,1
DA:21,1
DA:22,1
DA:23,1
DA:24,1
DA:25,1
DA:26,1
DA:27,1
DA:28,1
DA:29,1
DA:30,1
DA:32,1
DA:33,1
DA:34,1
DA:35,1
DA:37,1
DA:39,1
DA:40,1
DA:42,1
DA:43,1
DA:44,1
DA:45,1
DA:46,1
DA:47,1
DA:48,1
DA:49,1
DA:50,1
DA:52,1
DA:53,1642
DA:54,1642
DA:55,1642
DA:57,1
DA:58,1
DA:59,1
DA:60,1
DA:61,1
DA:62,1
DA:63,1
DA:64,1
DA:65,1
DA:66,1
DA:67,1
DA:68,1
DA:69,1
DA:70,43
DA:71,43
DA:72,43
DA:73,1625
DA:74,1625
DA:75,1625
DA:76,43
DA:77,43
DA:79,1
DA:80,1
DA:81,1
DA:83,1
DA:84,1
DA:85,1
DA:86,1
DA:87,1
DA:88,1
DA:89,1
DA:90,1
DA:91,1
DA:92,1
DA:93,1
DA:95,1
DA:96,1
DA:97,1
DA:98,1
DA:99,1
DA:100,1
DA:101,1
DA:102,1
DA:103,1
DA:104,1
DA:105,1
DA:106,1
DA:107,33
DA:108,33
DA:109,32
DA:110,32
DA:111,32
DA:112,32
DA:113,32
DA:115,1
DA:116,1
DA:117,1
DA:118,1
DA:119,1
DA:120,33
DA:121,33
DA:122,33
DA:123,33
DA:125,1
DA:126,1
DA:127,1
DA:128,1
DA:129,1
DA:130,1
DA:131,1
DA:132,1
DA:133,1
DA:134,1
DA:135,1
DA:136,1
DA:137,1
DA:138,1
DA:139,1
DA:140,1
DA:141,1
DA:142,1
DA:143,1
DA:144,1
DA:145,1
DA:146,1
DA:147,1
DA:148,1
DA:149,1
DA:150,1
DA:151,1
DA:152,1
DA:153,1
DA:154,1
DA:155,1
DA:156,1
DA:157,1
DA:158,1
DA:159,1
DA:160,1
DA:161,1
DA:162,1
DA:163,1
DA:164,139
DA:165,139
DA:166,139
DA:167,139
DA:168,139
DA:169,139
DA:170,139
DA:171,139
DA:172,139
DA:173,139
DA:175,139
DA:176,139
DA:177,139
DA:178,139
DA:179,139
DA:180,139
DA:182,139
DA:183,139
DA:184,139
DA:185,139
DA:186,96
DA:187,96
DA:188,96
DA:189,96
DA:190,96
DA:191,96
DA:192,96
DA:193,96
DA:195,43
DA:196,43
DA:197,139
DA:198,139
DA:199,139
DA:200,139
DA:202,139
DA:203,139
DA:204,139
DA:205,139
DA:207,139
DA:209,139
DA:210,139
DA:211,10
DA:212,10
DA:213,46
DA:214,33
DA:215,33
DA:217,43
DA:218,139
DA:219,139
DA:220,4
DA:221,4
DA:222,4
DA:223,4
DA:224,4
DA:225,4
DA:226,4
DA:227,139
DA:229,139
DA:230,139
DA:232,139
DA:234,139
DA:235,139
DA:236,4
DA:237,4
DA:238,46
DA:239,10
DA:240,10
DA:241,10
DA:242,29
DA:243,28
DA:244,29
DA:245,1
DA:246,1
DA:248,43
DA:249,43
DA:250,43
DA:251,43
DA:252,43
DA:253,43
DA:254,43
DA:255,46
DA:256,139
DA:257,43
DA:258,1625
DA:259,1625
DA:260,43
DA:261,139
DA:263,139
DA:264,139
LF:239
LH:239
BRDA:37,0,0,132
BRDA:52,1,0,1642
BRDA:53,2,0,0
BRDA:70,3,0,43
BRDA:72,4,0,1625
BRDA:74,5,0,165
BRDA:74,6,0,1464
BRDA:107,7,0,33
BRDA:108,8,0,32
BRDA:108,9,0,1
BRDA:120,10,0,33
BRDA:122,11,0,0
BRDA:163,12,0,139
BRDA:171,13,0,0
BRDA:176,14,0,0
BRDA:177,15,0,0
BRDA:178,16,0,138
BRDA:178,17,0,43
BRDA:178,18,0,96
BRDA:178,19,0,0
BRDA:183,20,0,138
BRDA:183,21,0,44
BRDA:184,22,0,138
BRDA:185,23,0,96
BRDA:185,24,0,96
BRDA:193,25,0,43
BRDA:198,26,0,43
BRDA:199,27,0,0
BRDA:200,28,0,6
BRDA:203,29,0,5
BRDA:204,30,0,38
BRDA:210,31,0,46
BRDA:210,32,0,10
BRDA:213,33,0,33
BRDA:215,34,0,43
BRDA:218,35,0,43
BRDA:218,36,0,0
BRDA:230,37,0,4
BRDA:230,38,0,4
BRDA:230,39,0,39
BRDA:235,40,0,46
BRDA:235,41,0,4
BRDA:237,42,0,0
BRDA:237,43,0,0
BRDA:238,44,0,39
BRDA:238,45,0,29
BRDA:238,46,0,10
BRDA:240,47,0,3
BRDA:240,48,0,7
BRDA:242,49,0,28
BRDA:243,50,0,1
BRDA:244,51,0,1
BRDA:245,52,0,0
BRDA:246,53,0,43
BRDA:255,54,0,0
BRDA:256,55,0,43
BRDA:170,56,0,17
BRDA:198,57,0,3540
BRDA:207,58,0,1625
BRDA:219,59,0,4
BRDA:232,60,0,1625
BRDA:239,61,0,16
BRDA:257,62,0,1625
BRF:63
BRH:51
end_of_record
TN:
SF:src/worker/render.js
FN:38,logoSlug
FN:60,esc
FN:81,safeUrl
FN:97,formatChicago
FN:127,humanizeWarning
FN:158,renderDashboard
FN:162,now
FN:468,renderRow
FN:538,hostOf
FN:547,childLi
FNF:10
FNH:9
FNDA:90,logoSlug
FNDA:2601,esc
FNDA:1054,safeUrl
FNDA:6,formatChicago
FNDA:12,humanizeWarning
FNDA:63,renderDashboard
FNDA:0,now
FNDA:45,renderRow
FNDA:4,hostOf
FNDA:14,childLi
DA:1,1
DA:2,1
DA:3,1
DA:4,1
DA:5,1
DA:6,1
DA:7,1
DA:8,1
DA:9,1
DA:10,1
DA:11,1
DA:12,1
DA:13,1
DA:14,1
DA:15,1
DA:16,1
DA:17,1
DA:18,1
DA:19,1
DA:20,1
DA:21,1
DA:22,1
DA:23,1
DA:24,1
DA:26,1
DA:28,1
DA:29,1
DA:31,1
DA:32,1
DA:34,1
DA:35,1
DA:36,1
DA:37,1
DA:38,1
DA:39,90
DA:40,90
DA:42,1
DA:43,1
DA:45,1
DA:46,1
DA:47,1
DA:48,1
DA:49,1
DA:50,1
DA:51,1
DA:52,1
DA:53,1
DA:55,1
DA:56,1
DA:57,1
DA:58,1
DA:59,1
DA:60,1
DA:61,2601
DA:62,2601
DA:63,2601
DA:64,2601
DA:65,2601
DA:66,2601
DA:67,2601
DA:69,1
DA:70,1
DA:71,1
DA:72,1
DA:73,1
DA:74,1
DA:75,1
DA:76,1
DA:77,1
DA:78,1
DA:79,1
DA:80,1
DA:81,1
DA:82,1054
DA:83,943
DA:84,943
DA:85,1054
DA:86,1054
DA:87,432
DA:88,432
DA:89,1054
DA:91,1
DA:92,1
DA:93,1
DA:94,1
DA:95,1
DA:96,1
DA:97,1
DA:98,6
DA:99,6
DA:100,4
DA:101,4
DA:102,4
DA:103,4
DA:104,4
DA:105,4
DA:106,4
DA:107,4
DA:108,4
DA:109,6
DA:110,0
DA:111,0
DA:112,6
DA:114,1
DA:115,1
DA:116,1
DA:117,1
DA:118,1
DA:119,1
DA:120,1
DA:121,1
DA:122,1
DA:123,1
DA:124,1
DA:125,1
DA:126,1
DA:127,1
DA:128,12
DA:130,12
DA:131,12
DA:132,12
DA:133,12
DA:135,9
DA:136,12
DA:137,4
DA:138,4
DA:139,4
DA:140,4
DA:141,4
DA:142,12
DA:143,2
DA:144,2
DA:145,12
DA:146,1
DA:147,1
DA:149,2
DA:150,2
DA:151,2
DA:152,2
DA:154,1
DA:155,1
DA:156,1
DA:157,1
DA:158,1
DA:159,63
DA:160,63
DA:161,63
DA:162,63
DA:163,63
DA:164,63
DA:165,63
DA:166,63
DA:167,63
DA:169,63
DA:170,63
DA:171,63
DA:172,63
DA:174,63
DA:175,63
DA:176,63
DA:177,63
DA:179,63
DA:180,63
DA:181,63
DA:182,63
DA:183,63
DA:185,63
DA:186,63
DA:187,63
DA:188,44
DA:189,44
DA:190,38
DA:191,63
DA:193,63
DA:195,63
DA:196,63
DA:197,63
DA:199,63
DA:200,63
DA:201,63
DA:203,63
DA:204,63
DA:205,63
DA:206,63
DA:207,63
DA:208,44
DA:209,63
DA:211,63
DA:213,63
DA:214,63
DA:215,63
DA:216,63
DA:217,63
DA:218,63
DA:219,63
DA:220,63
DA:221,63
DA:223,63
DA:224,63
DA:225,63
DA:226,63
DA:227,63
DA:228,63
DA:229,63
DA:230,63
DA:231,63
DA:232,63
DA:233,63
DA:234,63
DA:235,63
DA:236,63
DA:237,63
DA:238,63
DA:239,63
DA:240,63
DA:241,63
DA:242,63
DA:243,63
DA:244,63
DA:246,63
DA:247,63
DA:248,63
DA:249,63
DA:250,63
DA:251,63
DA:252,63
DA:253,63
DA:254,63
DA:255,63
DA:256,63
DA:257,63
DA:258,63
DA:259,63
DA:260,63
DA:261,63
DA:262,63
DA:263,63
DA:264,63
DA:266,63
DA:267,63
DA:268,63
DA:269,63
DA:270,63
DA:271,63
DA:272,63
DA:273,63
DA:274,63
DA:275,63
DA:276,63
DA:277,63
DA:278,63
DA:279,63
DA:281,63
DA:282,63
DA:284,63
DA:285,63
DA:286,63
DA:287,63
DA:288,63
DA:289,63
DA:290,63
DA:291,63
DA:292,63
DA:293,63
DA:294,63
DA:296,63
DA:297,63
DA:298,63
DA:300,63
DA:301,63
DA:302,63
DA:304,63
DA:305,63
DA:306,63
DA:307,63
DA:309,63
DA:310,63
DA:311,63
DA:312,63
DA:313,63
DA:314,63
DA:315,63
DA:316,63
DA:317,63
DA:318,63
DA:319,63
DA:320,63
DA:322,63
DA:323,63
DA:324,63
DA:326,63
DA:327,63
DA:328,63
DA:329,63
DA:330,63
DA:331,63
DA:332,63
DA:334,63
DA:335,63
DA:336,63
DA:338,63
DA:339,63
DA:340,63
DA:341,63
DA:343,63
DA:344,63
DA:345,63
DA:346,63
DA:347,63
DA:348,63
DA:349,63
DA:350,63
DA:351,63
DA:352,63
DA:353,63
DA:354,63
DA:355,63
DA:357,63
DA:358,63
DA:359,63
DA:360,63
DA:361,63
DA:362,63
DA:363,63
DA:364,63
DA:365,63
DA:366,63
DA:368,63
DA:369,63
DA:370,63
DA:371,63
DA:372,63
DA:373,63
DA:374,63
DA:375,63
DA:376,63
DA:377,63
DA:378,63
DA:379,63
DA:380,63
DA:381,63
DA:382,63
DA:383,63
DA:384,63
DA:385,63
DA:386,63
DA:387,63
DA:388,63
DA:389,63
DA:390,63
DA:392,63
DA:393,63
DA:394,63
DA:395,63
DA:396,63
DA:397,63
DA:398,63
DA:399,63
DA:400,63
DA:401,63
DA:402,63
DA:403,63
DA:404,63
DA:405,63
DA:406,63
DA:407,63
DA:408,63
DA:409,63
DA:410,63
DA:411,63
DA:412,63
DA:413,63
DA:414,63
DA:415,63
DA:416,63
DA:417,63
DA:418,63
DA:419,63
DA:420,63
DA:421,63
DA:422,63
DA:423,63
DA:425,63
DA:426,63
DA:427,63
DA:428,63
DA:429,63
DA:430,63
DA:431,63
DA:432,63
DA:434,63
DA:435,63
DA:436,63
DA:437,63
DA:438,63
DA:439,63
DA:440,63
DA:441,63
DA:442,63
DA:443,63
DA:444,63
DA:445,63
DA:446,63
DA:447,63
DA:448,63
DA:449,63
DA:450,63
DA:451,63
DA:452,63
DA:453,63
DA:454,63
DA:455,63
DA:456,63
DA:457,63
DA:459,1
DA:460,1
DA:461,1
DA:462,1
DA:463,1
DA:464,1
DA:465,1
DA:466,1
DA:467,1
DA:468,45
DA:469,45
DA:470,45
DA:471,45
DA:473,45
DA:474,45
DA:475,45
DA:476,45
DA:478,45
DA:479,45
DA:481,45
DA:482,45
DA:483,45
DA:484,45
DA:485,45
DA:486,45
DA:487,45
DA:488,45
DA:489,45
DA:490,45
DA:491,45
DA:492,45
DA:493,45
DA:494,45
DA:495,45
DA:497,45
DA:498,45
DA:499,45
DA:501,45
DA:502,45
DA:503,7
DA:504,7
DA:505,7
DA:506,7
DA:507,7
DA:508,45
DA:510,45
DA:511,45
DA:512,45
DA:513,45
DA:514,45
DA:516,45
DA:517,45
DA:518,45
DA:519,45
DA:520,45
DA:522,45
DA:523,45
DA:524,45
DA:525,45
DA:526,45
DA:527,45
DA:528,45
DA:529,45
DA:530,45
DA:531,45
DA:532,45
DA:533,45
DA:534,45
DA:535,45
DA:537,1
DA:538,4
DA:539,4
DA:540,4
DA:541,4
DA:542,0
DA:543,0
DA:544,4
DA:546,1
DA:547,14
DA:548,14
DA:549,14
DA:550,14
DA:551,14
DA:552,14
DA:553,14
DA:554,14
DA:556,1
DA:557,1
DA:558,1
DA:559,1
DA:560,1
DA:561,1
DA:562,1
DA:563,1
DA:564,1
DA:565,1
DA:566,1
DA:567,1
DA:568,1
DA:569,1
DA:570,1
DA:571,1
DA:572,1
DA:573,1
DA:574,1
DA:575,1
DA:576,1
DA:577,1
DA:578,1
DA:580,1
DA:581,1
DA:582,1
DA:583,1
DA:584,1
DA:586,1
DA:587,1
DA:588,1
DA:589,1
DA:590,1
DA:591,1
DA:592,1
DA:593,1
DA:595,1
DA:596,1
DA:597,1
DA:598,1
DA:599,1
DA:600,1
DA:601,1
DA:602,1
DA:603,1
DA:604,1
DA:605,1
DA:606,1
DA:607,1
DA:609,1
DA:610,1
DA:611,1
DA:612,1
DA:613,1
DA:614,1
DA:616,1
DA:617,1
DA:618,1
DA:619,1
DA:620,1
DA:622,1
DA:623,1
DA:624,1
DA:626,1
DA:627,1
DA:628,1
DA:629,1
DA:630,1
DA:631,1
DA:632,1
DA:633,1
DA:634,1
DA:635,1
DA:636,1
DA:637,1
DA:638,1
DA:639,1
DA:640,1
DA:642,1
DA:643,1
DA:644,1
DA:645,1
DA:646,1
DA:647,1
DA:648,1
DA:649,1
DA:651,1
DA:652,1
DA:653,1
DA:654,1
DA:656,1
DA:657,1
DA:659,1
DA:660,1
DA:661,1
DA:662,1
DA:663,1
DA:664,1
DA:665,1
DA:666,1
DA:667,1
DA:668,1
DA:669,1
DA:670,1
DA:671,1
DA:672,1
DA:673,1
DA:675,1
DA:676,1
DA:677,1
DA:678,1
DA:679,1
DA:680,1
DA:681,1
DA:682,1
DA:683,1
DA:684,1
DA:685,1
DA:686,1
DA:687,1
DA:688,1
DA:689,1
DA:690,1
DA:692,1
DA:693,1
DA:694,1
DA:695,1
DA:696,1
DA:697,1
DA:698,1
DA:700,1
DA:701,1
DA:702,1
DA:704,1
DA:705,1
DA:706,1
DA:707,1
DA:708,1
DA:709,1
DA:710,1
DA:711,1
DA:712,1
DA:714,1
DA:715,1
DA:716,1
DA:717,1
DA:718,1
DA:720,1
DA:721,1
DA:722,1
DA:723,1
DA:724,1
DA:725,1
DA:726,1
DA:727,1
DA:728,1
DA:729,1
DA:730,1
DA:731,1
DA:732,1
DA:733,1
DA:734,1
DA:735,1
DA:736,1
DA:737,1
DA:738,1
DA:739,1
DA:740,1
DA:741,1
DA:742,1
DA:744,1
DA:745,1
DA:746,1
DA:748,1
DA:749,1
LF:675
LH:671
BRDA:38,0,0,90
BRDA:39,1,0,0
BRDA:60,2,0,2601
BRDA:61,3,0,2
BRDA:81,4,0,1054
BRDA:82,5,0,1052
BRDA:82,6,0,111
BRDA:82,7,0,943
BRDA:85,8,0,510
BRDA:85,9,0,6
BRDA:85,10,0,505
BRDA:86,11,0,432
BRDA:97,12,0,6
BRDA:99,13,0,2
BRDA:99,14,0,4
BRDA:109,15,0,0
BRDA:127,16,0,12
BRDA:128,17,0,0
BRDA:131,18,0,2
BRDA:131,19,0,10
BRDA:132,20,0,1
BRDA:132,21,0,9
BRDA:133,22,0,0
BRDA:133,23,0,9
BRDA:136,24,0,4
BRDA:139,25,0,1
BRDA:140,26,0,3
BRDA:141,27,0,5
BRDA:142,28,0,2
BRDA:144,29,0,3
BRDA:145,30,0,1
BRDA:147,31,0,2
BRDA:158,32,0,63
BRDA:182,33,0,5
BRDA:182,34,0,5
BRDA:182,35,0,58
BRDA:183,36,0,4
BRDA:186,37,0,19
BRDA:187,38,0,44
BRDA:188,39,0,6
BRDA:188,40,0,0
BRDA:189,41,0,38
BRDA:190,42,0,3
BRDA:191,43,0,35
BRDA:193,44,0,19
BRDA:193,45,0,44
BRDA:193,46,0,6
BRDA:193,47,0,38
BRDA:196,48,0,1
BRDA:197,49,0,62
BRDA:199,50,0,5
BRDA:200,51,0,5
BRDA:201,52,0,58
BRDA:206,53,0,19
BRDA:207,54,0,44
BRDA:208,55,0,6
BRDA:208,56,0,38
BRDA:220,57,0,61
BRDA:220,58,0,2
BRDA:242,59,0,6
BRDA:242,60,0,57
BRDA:335,61,0,19
BRDA:357,62,0,6
BRDA:357,63,0,57
BRDA:170,64,0,45
BRDA:170,65,0,9
BRDA:172,66,0,45
BRDA:211,67,0,45
BRDA:468,68,0,45
BRDA:469,69,0,0
BRDA:470,70,0,0
BRDA:479,71,0,0
BRDA:491,72,0,18
BRDA:492,73,0,27
BRDA:494,74,0,4
BRDA:495,75,0,41
BRDA:498,76,0,3
BRDA:499,77,0,42
BRDA:502,78,0,7
BRDA:503,79,0,4
BRDA:503,80,0,3
BRDA:504,81,0,3
BRDA:504,82,0,4
BRDA:508,83,0,38
BRDA:511,84,0,0
BRDA:514,85,0,2
BRDA:514,86,0,43
BRDA:524,87,0,27
BRDA:529,88,0,1
BRDA:529,89,0,44
BRDA:471,90,0,11
BRDA:474,91,0,11
BRDA:538,92,0,4
BRDA:541,93,0,0
BRDA:547,94,0,14
BRDA:548,95,0,0
BRF:96
BRH:85
end_of_record
TN:
SF:src/worker/storage.js
FN:21,writeRun
FN:124,readSnapshot
FN:161,safeParse
FNF:3
FNH:3
FNDA:36,writeRun
FNDA:12,readSnapshot
FNDA:42,safeParse
DA:1,1
DA:3,1
DA:4,1
DA:5,1
DA:6,1
DA:7,1
DA:8,1
DA:10,1
DA:11,1
DA:12,1
DA:13,1
DA:14,1
DA:15,1
DA:16,1
DA:17,1
DA:18,1
DA:19,1
DA:20,1
DA:21,1
DA:22,36
DA:23,36
DA:24,36
DA:25,36
DA:26,36
DA:27,36
DA:28,36
DA:29,36
DA:31,36
DA:32,36
DA:33,36
DA:34,36
DA:35,36
DA:36,36
DA:37,36
DA:38,36
DA:39,36
DA:40,36
DA:41,36
DA:42,36
DA:43,36
DA:44,36
DA:45,36
DA:46,36
DA:47,36
DA:48,3
DA:49,3
DA:50,3
DA:51,3
DA:52,36
DA:54,36
DA:55,36
DA:56,36
DA:57,36
DA:58,52
DA:59,52
DA:60,52
DA:61,52
DA:62,52
DA:63,52
DA:64,52
DA:65,52
DA:66,52
DA:67,52
DA:68,52
DA:69,52
DA:70,52
DA:71,52
DA:72,52
DA:73,52
DA:74,36
DA:75,36
DA:76,36
DA:77,52
DA:78,52
DA:79,36
DA:80,36
DA:81,36
DA:82,36
DA:83,36
DA:84,36
DA:85,36
DA:86,36
DA:87,36
DA:88,36
DA:89,36
DA:90,36
DA:91,36
DA:92,36
DA:93,36
DA:94,36
DA:95,36
DA:96,36
DA:97,36
DA:98,36
DA:99,36
DA:100,36
DA:101,36
DA:102,36
DA:103,36
DA:104,36
DA:105,36
DA:106,36
DA:107,36
DA:108,36
DA:109,36
DA:110,36
DA:111,36
DA:112,36
DA:113,36
DA:114,36
DA:116,36
DA:117,35
DA:119,1
DA:120,1
DA:121,1
DA:122,1
DA:123,1
DA:124,1
DA:125,12
DA:126,12
DA:127,12
DA:128,12
DA:130,12
DA:131,12
DA:132,12
DA:133,12
DA:134,12
DA:135,12
DA:136,12
DA:137,12
DA:138,12
DA:139,12
DA:140,12
DA:141,12
DA:142,12
DA:143,12
DA:144,21
DA:145,21
DA:146,21
DA:147,21
DA:148,21
DA:149,21
DA:150,21
DA:151,21
DA:152,21
DA:153,12
DA:155,12
DA:157,12
DA:158,12
DA:160,1
DA:161,42
DA:162,42
DA:163,42
DA:164,42
DA:165,3
DA:166,3
DA:167,42
LF:157
LH:157
BRDA:21,0,0,36
BRDA:44,1,0,3
BRDA:44,2,0,33
BRDA:46,3,0,3
BRDA:47,4,0,3
BRDA:52,5,0,33
BRDA:113,6,0,4
BRDA:116,7,0,35
BRDA:28,8,0,52
BRDA:29,9,0,52
BRDA:49,10,0,6
BRDA:57,11,0,52
BRDA:66,12,0,2
BRDA:68,13,0,2
BRDA:69,14,0,2
BRDA:70,15,0,2
BRDA:71,16,0,2
BRDA:72,17,0,2
BRDA:73,18,0,1
BRDA:76,19,0,52
BRDA:79,20,0,1
BRDA:124,21,0,12
BRDA:143,22,0,0
BRDA:157,23,0,2
BRDA:143,24,0,21
BRDA:161,25,0,42
BRDA:164,26,0,3
BRF:27
BRH:26
end_of_record
