TN:
SF:src/engine/collect.js
FN:153,fetchWithFallback
FN:170,fetchWithRetry
FN:223,collectOne
FN:319,collect
FN:322,now
FN:348,meteredFetch
FNF:6
FNH:6
FNDA:288,fetchWithFallback
FNDA:290,fetchWithRetry
FNDA:289,collectOne
FNDA:31,collect
FNDA:254,now
FNDA:344,meteredFetch
DA:1,1
DA:2,1
DA:3,1
DA:4,1
DA:5,1
DA:6,1
DA:7,1
DA:8,1
DA:9,1
DA:10,1
DA:11,1
DA:12,1
DA:13,1
DA:14,1
DA:15,1
DA:17,1
DA:18,1
DA:19,1
DA:20,1
DA:21,1
DA:22,1
DA:23,1
DA:24,1
DA:25,1
DA:26,1
DA:27,1
DA:28,1
DA:29,1
DA:30,1
DA:31,1
DA:33,1
DA:34,1
DA:36,1
DA:37,1
DA:39,1
DA:40,1
DA:41,1
DA:42,1
DA:43,1
DA:44,1
DA:45,1
DA:47,1
DA:48,1
DA:49,1
DA:50,1
DA:51,1
DA:52,1
DA:53,1
DA:54,1
DA:55,1
DA:56,1
DA:57,1
DA:58,1
DA:59,1
DA:60,1
DA:61,1
DA:62,1
DA:63,1
DA:64,1
DA:66,1
DA:67,1
DA:69,1
DA:70,1
DA:71,1
DA:72,1
DA:73,1
DA:74,1
DA:75,1
DA:76,1
DA:78,1
DA:79,1
DA:80,1
DA:81,1
DA:82,1
DA:83,1
DA:84,1
DA:85,1
DA:86,1
DA:87,1
DA:88,1
DA:89,1
DA:90,1
DA:91,1
DA:92,1
DA:93,1
DA:94,1
DA:95,1
DA:96,1
DA:98,1
DA:99,1
DA:100,1
DA:101,1
DA:102,1
DA:103,1
DA:104,1
DA:105,1
DA:106,1
DA:107,1
DA:108,1
DA:110,1
DA:111,1
DA:112,1
DA:113,1
DA:114,1
DA:115,1
DA:116,1
DA:117,1
DA:118,1
DA:119,1
DA:120,1
DA:121,1
DA:122,1
DA:123,1
DA:124,1
DA:125,1
DA:126,1
DA:127,1
DA:128,1
DA:130,1
DA:131,1
DA:133,1
DA:134,1
DA:135,1
DA:136,1
DA:137,1
DA:138,1
DA:139,1
DA:140,1
DA:141,1
DA:142,1
DA:143,1
DA:144,1
DA:145,1
DA:146,1
DA:147,1
DA:148,1
DA:149,1
DA:150,1
DA:151,1
DA:152,1
DA:153,288
DA:154,288
DA:155,288
DA:156,290
DA:157,290
DA:158,134
DA:159,134
DA:160,157
DA:161,290
DA:162,132
DA:163,132
DA:165,1
DA:166,1
DA:167,1
DA:168,1
DA:169,1
DA:170,290
DA:171,290
DA:172,290
DA:174,290
DA:175,459
DA:176,169
DA:177,169
DA:178,43
DA:179,169
DA:180,0
DA:181,0
DA:182,0
DA:183,0
DA:184,169
DA:186,333
DA:187,333
DA:188,333
DA:189,333
DA:190,333
DA:191,459
DA:192,459
DA:194,459
DA:195,459
DA:196,459
DA:197,459
DA:199,459
DA:200,34
DA:201,34
DA:202,5
DA:203,5
DA:205,156
DA:206,459
DA:207,143
DA:208,143
DA:209,143
DA:210,459
DA:212,298
DA:213,298
DA:215,1
DA:216,1
DA:217,1
DA:218,1
DA:219,1
DA:220,1
DA:221,1
DA:222,1
DA:223,289
DA:224,289
DA:225,289
DA:226,289
DA:227,289
DA:228,289
DA:229,289
DA:230,289
DA:231,289
DA:232,289
DA:233,289
DA:234,289
DA:236,289
DA:237,289
DA:238,289
DA:239,1
DA:240,1
DA:242,289
DA:243,289
DA:244,289
DA:245,132
DA:246,132
DA:247,156
DA:249,156
DA:250,289
DA:252,148
DA:253,148
DA:254,148
DA:255,289
DA:256,2
DA:257,2
DA:259,146
DA:260,146
DA:261,146
DA:262,146
DA:263,289
DA:264,3
DA:265,3
DA:266,3
DA:267,3
DA:268,3
DA:269,3
DA:270,0
DA:271,0
DA:272,3
DA:274,289
DA:275,4
DA:276,4
DA:277,4
DA:278,4
DA:279,3
DA:280,4
DA:281,4
DA:282,1
DA:283,1
DA:284,4
DA:286,146
DA:287,289
DA:288,4
DA:289,4
DA:290,4
DA:291,4
DA:292,2
DA:293,2
DA:294,2
DA:295,2
DA:296,4
DA:298,146
DA:299,289
DA:300,0
DA:301,0
DA:302,289
DA:304,1
DA:305,1
DA:306,1
DA:307,1
DA:308,1
DA:309,1
DA:310,1
DA:311,1
DA:312,1
DA:313,1
DA:314,1
DA:315,1
DA:316,1
DA:317,1
DA:318,1
DA:319,1
DA:320,31
DA:321,31
DA:322,31
DA:323,31
DA:324,31
DA:325,31
DA:326,31
DA:327,31
DA:329,31
DA:330,1
DA:331,1
DA:332,31
DA:333,1
DA:334,1
DA:335,31
DA:336,0
DA:337,0
DA:339,29
DA:341,29
DA:342,29
DA:343,29
DA:344,29
DA:345,29
DA:346,29
DA:347,29
DA:348,29
DA:349,344
DA:350,138
DA:351,138
DA:352,138
DA:353,206
DA:354,206
DA:355,29
DA:357,29
DA:358,29
DA:359,29
DA:360,29
DA:362,29
DA:363,29
DA:364,29
DA:365,29
DA:366,29
DA:368,29
DA:369,289
DA:370,289
DA:371,29
DA:372,29
DA:374,29
DA:376,29
DA:377,29
DA:378,29
DA:379,29
DA:381,29
DA:383,29
DA:384,29
DA:385,29
DA:386,29
DA:387,31
DA:388,3
DA:389,3
DA:390,3
DA:391,3
DA:392,3
DA:394,29
DA:395,29
DA:396,29
DA:397,29
DA:398,29
DA:399,29
DA:400,29
DA:401,29
DA:402,29
DA:403,29
DA:404,29
LF:364
LH:354
BRDA:153,0,0,288
BRDA:155,1,0,290
BRDA:157,2,0,156
BRDA:157,3,0,157
BRDA:157,4,0,134
BRDA:160,5,0,126
BRDA:161,6,0,132
BRDA:170,7,0,290
BRDA:174,8,0,459
BRDA:175,9,0,169
BRDA:177,10,0,126
BRDA:177,11,0,43
BRDA:179,12,0,0
BRDA:184,13,0,333
BRDA:191,14,0,333
BRDA:192,15,0,0
BRDA:197,16,0,190
BRDA:199,17,0,34
BRDA:201,18,0,29
BRDA:201,19,0,5
BRDA:203,20,0,156
BRDA:206,21,0,143
BRDA:208,22,0,0
BRDA:210,23,0,298
BRDA:223,24,0,289
BRDA:225,25,0,0
BRDA:232,26,0,267
BRDA:238,27,0,18
BRDA:238,28,0,1
BRDA:240,29,0,288
BRDA:242,30,0,3
BRDA:242,31,0,285
BRDA:243,32,0,288
BRDA:244,33,0,132
BRDA:246,34,0,156
BRDA:250,35,0,8
BRDA:250,36,0,148
BRDA:255,37,0,2
BRDA:257,38,0,146
BRDA:263,39,0,3
BRDA:263,40,0,3
BRDA:269,41,0,0
BRDA:272,42,0,146
BRDA:274,43,0,4
BRDA:274,44,0,4
BRDA:278,45,0,3
BRDA:280,46,0,1
BRDA:281,47,0,1
BRDA:284,48,0,146
BRDA:287,49,0,4
BRDA:287,50,0,4
BRDA:291,51,0,2
BRDA:296,52,0,146
BRDA:299,53,0,0
BRDA:319,54,0,31
BRDA:327,55,0,0
BRDA:329,56,0,30
BRDA:329,57,0,1
BRDA:331,58,0,30
BRDA:332,59,0,1
BRDA:334,60,0,29
BRDA:335,61,0,0
BRDA:337,62,0,29
BRDA:387,63,0,3
BRDA:392,64,0,29
BRDA:322,65,0,254
BRDA:348,66,0,344
BRDA:349,67,0,138
BRDA:352,68,0,206
BRDA:363,69,0,289
BRDA:368,70,0,289
BRDA:371,71,0,0
BRDA:376,72,0,289
BRDA:378,73,0,289
BRDA:378,74,0,269
BRDA:381,75,0,289
BRDA:381,76,0,0
BRDA:381,77,0,268
BRF:78
BRH:68
end_of_record
TN:
SF:src/engine/record.js
FN:33,makeRecord
FN:34,now
FN:60,unknownRecord
FN:81,toPlainText
FNF:4
FNH:3
FNDA:336,makeRecord
FNDA:0,now
FNDA:246,unknownRecord
FNDA:392,toPlainText
DA:1,1
DA:2,1
DA:3,1
DA:4,1
DA:5,1
DA:6,1
DA:7,1
DA:9,1
DA:11,1
DA:12,1
DA:13,1
DA:14,1
DA:16,1
DA:17,1
DA:18,1
DA:19,1
DA:20,1
DA:21,1
DA:22,1
DA:23,1
DA:24,1
DA:25,1
DA:26,1
DA:27,1
DA:29,1
DA:30,1
DA:31,1
DA:32,1
DA:33,1
DA:34,336
DA:35,336
DA:36,336
DA:37,336
DA:38,336
DA:39,336
DA:40,336
DA:41,336
DA:42,336
DA:43,336
DA:44,336
DA:45,336
DA:46,336
DA:48,1
DA:49,1
DA:50,1
DA:51,1
DA:52,1
DA:53,1
DA:54,1
DA:55,1
DA:56,1
DA:57,1
DA:58,1
DA:59,1
DA:60,1
DA:61,246
DA:62,246
DA:63,246
DA:64,246
DA:65,246
DA:66,246
DA:67,246
DA:68,246
DA:69,246
DA:70,246
DA:72,1
DA:73,1
DA:74,1
DA:75,1
DA:76,1
DA:77,1
DA:78,1
DA:79,1
DA:80,1
DA:81,1
DA:82,392
DA:83,386
DA:84,386
LF:78
LH:78
BRDA:33,0,0,336
BRDA:37,1,0,217
BRDA:38,2,0,0
BRDA:39,3,0,277
BRDA:40,4,0,0
BRDA:41,5,0,0
BRDA:43,6,0,257
BRDA:44,7,0,24
BRDA:60,8,0,246
BRDA:66,9,0,7
BRDA:81,10,0,392
BRDA:82,11,0,6
BRDA:82,12,0,386
BRF:13
BRH:10
end_of_record
TN:
SF:src/engine/rollup.js
FN:52,rollUp
FN:79,visibleChildren
FNF:2
FNH:2
FNDA:11,rollUp
FNDA:7,visibleChildren
DA:1,1
DA:2,1
DA:3,1
DA:4,1
DA:5,1
DA:6,1
DA:7,1
DA:8,1
DA:9,1
DA:10,1
DA:11,1
DA:12,1
DA:13,1
DA:14,1
DA:15,1
DA:16,1
DA:18,1
DA:20,1
DA:21,1
DA:22,1
DA:24,1
DA:25,1
DA:26,1
DA:27,1
DA:28,1
DA:29,1
DA:31,1
DA:32,1
DA:33,1
DA:34,1
DA:35,1
DA:36,1
DA:37,1
DA:39,1
DA:40,1
DA:41,1
DA:42,1
DA:43,1
DA:44,1
DA:45,1
DA:46,1
DA:47,1
DA:48,1
DA:49,1
DA:50,1
DA:51,1
DA:52,1
DA:53,11
DA:54,11
DA:56,11
DA:57,11
DA:58,11
DA:60,11
DA:61,11
DA:62,11
DA:63,11
DA:64,11
DA:65,11
DA:66,11
DA:68,1
DA:69,1
DA:70,1
DA:71,1
DA:72,1
DA:73,1
DA:74,1
DA:75,1
DA:76,1
DA:77,1
DA:78,1
DA:79,1
DA:80,7
DA:81,7
DA:82,7
DA:83,7
DA:84,7
DA:85,7
DA:86,7
LF:78
LH:78
BRDA:52,0,0,11
BRDA:53,1,0,0
BRDA:57,2,0,4
BRDA:58,3,0,7
BRDA:54,4,0,291
BRDA:79,5,0,7
BRDA:80,6,0,3
BRDA:80,7,0,4
BRDA:81,8,0,0
BRDA:82,9,0,15
BRDA:83,10,0,10
BRDA:85,11,0,10
BRF:12
BRH:10
end_of_record
TN:
SF:src/engine/scope.js
FN:64,selectComponents
FNF:1
FNH:1
FNDA:59,selectComponents
DA:1,1
DA:2,1
DA:3,1
DA:4,1
DA:5,1
DA:6,1
DA:7,1
DA:8,1
DA:9,1
DA:10,1
DA:11,1
DA:12,1
DA:13,1
DA:14,1
DA:15,1
DA:16,1
DA:17,1
DA:18,1
DA:19,1
DA:20,1
DA:21,1
DA:22,1
DA:23,1
DA:25,1
DA:26,1
DA:27,1
DA:28,1
DA:29,1
DA:30,1
DA:31,1
DA:32,1
DA:34,1
DA:35,1
DA:36,1
DA:37,1
DA:38,1
DA:40,1
DA:41,1
DA:42,1
DA:43,1
DA:44,1
DA:45,1
DA:46,1
DA:48,1
DA:49,1
DA:50,1
DA:51,1
DA:52,1
DA:53,1
DA:54,1
DA:55,1
DA:56,1
DA:57,1
DA:58,1
DA:59,1
DA:60,1
DA:61,1
DA:62,1
DA:63,1
DA:64,1
DA:65,59
DA:66,59
DA:68,59
DA:69,59
DA:70,59
DA:72,59
DA:73,5
DA:74,5
DA:75,5
DA:77,54
DA:78,54
DA:80,59
DA:81,40
DA:82,40
DA:84,14
DA:85,14
DA:86,14
DA:87,14
DA:88,14
DA:89,51
DA:90,6122
DA:91,6122
DA:93,14
DA:94,29
DA:95,9
DA:96,9
DA:97,1
DA:98,1
DA:99,1
DA:100,8
DA:101,8
DA:103,14
DA:104,14
DA:105,51
DA:106,10
DA:107,2
DA:108,2
DA:109,10
DA:111,14
DA:112,14
DA:113,14
DA:114,51
DA:115,6018
DA:116,6018
DA:117,6018
DA:118,1007
DA:119,1007
DA:120,1007
DA:121,6018
DA:123,14
DA:124,14
LF:111
LH:111
BRDA:64,0,0,59
BRDA:66,1,0,57
BRDA:66,2,0,56
BRDA:66,3,0,3
BRDA:68,4,0,9
BRDA:68,5,0,50
BRDA:69,6,0,7
BRDA:69,7,0,52
BRDA:70,8,0,50
BRDA:72,9,0,5
BRDA:73,10,0,1
BRDA:75,11,0,54
BRDA:80,12,0,55
BRDA:80,13,0,40
BRDA:82,14,0,51
BRDA:82,15,0,14
BRDA:89,16,0,6122
BRDA:90,17,0,104
BRDA:91,18,0,49
BRDA:91,19,0,29
BRDA:91,20,0,14
BRDA:94,21,0,9
BRDA:96,22,0,1
BRDA:99,23,0,8
BRDA:101,24,0,14
BRDA:105,25,0,10
BRDA:106,26,0,2
BRDA:109,27,0,14
BRDA:114,28,0,6018
BRDA:115,29,0,6006
BRDA:117,30,0,5018
BRDA:117,31,0,1007
BRDA:117,32,0,1007
BRDA:121,33,0,14
BRDA:78,34,0,7795
BRDA:104,35,0,6018
BRF:36
BRH:36
end_of_record
TN:
SF:src/engine/severity.js
FN:62,rank
FN:117,normalizeSeverity
FN:129,worst
FN:145,compareRecords
FNF:4
FNH:4
FNDA:42240,rank
FNDA:4949,normalizeSeverity
FNDA:5666,worst
FNDA:328,compareRecords
DA:1,1
DA:2,1
DA:3,1
DA:4,1
DA:5,1
DA:6,1
DA:7,1
DA:8,1
DA:9,1
DA:10,1
DA:11,1
DA:13,1
DA:14,1
DA:15,1
DA:17,1
DA:18,1
DA:19,1
DA:20,1
DA:21,1
DA:22,1
DA:23,1
DA:24,1
DA:25,1
DA:27,1
DA:28,1
DA:29,1
DA:30,1
DA:31,1
DA:32,1
DA:33,1
DA:34,1
DA:35,1
DA:36,1
DA:37,1
DA:38,1
DA:39,1
DA:40,1
DA:41,1
DA:42,1
DA:43,1
DA:44,1
DA:45,1
DA:46,1
DA:47,1
DA:48,1
DA:49,1
DA:50,1
DA:51,1
DA:52,1
DA:53,1
DA:54,1
DA:55,1
DA:56,1
DA:58,1
DA:59,1
DA:60,1
DA:61,1
DA:62,1
DA:63,42240
DA:64,42240
DA:66,1
DA:67,1
DA:68,1
DA:69,1
DA:70,1
DA:71,1
DA:72,1
DA:73,1
DA:74,1
DA:75,1
DA:76,1
DA:77,1
DA:78,1
DA:79,1
DA:80,1
DA:81,1
DA:82,1
DA:83,1
DA:84,1
DA:85,1
DA:86,1
DA:87,1
DA:89,1
DA:90,1
DA:91,1
DA:92,1
DA:93,1
DA:94,1
DA:96,1
DA:97,1
DA:98,1
DA:99,1
DA:100,1
DA:101,1
DA:102,1
DA:103,1
DA:104,1
DA:105,1
DA:107,1
DA:108,1
DA:109,1
DA:110,1
DA:111,1
DA:112,1
DA:113,1
DA:114,1
DA:115,1
DA:116,1
DA:117,1
DA:118,4949
DA:119,4947
DA:120,4949
DA:121,4949
DA:123,1
DA:124,1
DA:125,1
DA:126,1
DA:127,1
DA:128,1
DA:129,1
DA:130,5666
DA:131,5666
DA:132,20013
DA:133,20013
DA:134,5666
DA:135,5666
DA:137,1
DA:138,1
DA:139,1
DA:140,1
DA:141,1
DA:142,1
DA:143,1
DA:144,1
DA:145,1
DA:146,328
DA:147,328
DA:148,303
DA:149,303
LF:139
LH:139
BRDA:62,0,0,42240
BRDA:63,1,0,500
BRDA:117,2,0,4949
BRDA:118,3,0,2
BRDA:118,4,0,4947
BRDA:120,5,0,2
BRDA:129,6,0,5666
BRDA:131,7,0,20013
BRDA:132,8,0,7411
BRDA:145,9,0,328
BRDA:147,10,0,25
BRDA:147,11,0,303
BRF:12
BRH:12
end_of_record
TN:
SF:src/engine/shard.js
FN:37,hashName
FN:54,shardOf
FN:66,selectShard
FN:96,shardDueAt
FNF:4
FNH:4
FNDA:16163,hashName
FNDA:14163,shardOf
FNDA:2153,selectShard
FNDA:144893,shardDueAt
DA:1,1
DA:2,1
DA:3,1
DA:4,1
DA:5,1
DA:6,1
DA:7,1
DA:8,1
DA:9,1
DA:10,1
DA:11,1
DA:12,1
DA:13,1
DA:14,1
DA:15,1
DA:16,1
DA:17,1
DA:18,1
DA:19,1
DA:20,1
DA:21,1
DA:22,1
DA:23,1
DA:24,1
DA:25,1
DA:27,1
DA:28,1
DA:30,1
DA:31,1
DA:32,1
DA:33,1
DA:34,1
DA:35,1
DA:36,1
DA:37,1
DA:38,16163
DA:39,16163
DA:40,98284
DA:41,98284
DA:42,98284
DA:43,98284
DA:44,16163
DA:45,16163
DA:47,1
DA:48,1
DA:49,1
DA:50,1
DA:51,1
DA:52,1
DA:53,1
DA:54,1
DA:55,14163
DA:56,14163
DA:58,1
DA:59,1
DA:60,1
DA:61,1
DA:62,1
DA:63,1
DA:64,1
DA:65,1
DA:66,1
DA:67,2153
DA:68,2153
DA:69,2153
DA:70,2
DA:71,2
DA:72,2147
DA:73,2147
DA:75,1
DA:76,1
DA:77,1
DA:78,1
DA:79,1
DA:80,1
DA:81,1
DA:82,1
DA:83,1
DA:84,1
DA:85,1
DA:86,1
DA:87,1
DA:88,1
DA:89,1
DA:90,1
DA:91,1
DA:92,1
DA:93,1
DA:94,1
DA:95,1
DA:96,1
DA:97,144893
DA:98,144893
DA:99,144893
LF:94
LH:94
BRDA:37,0,0,16163
BRDA:39,1,0,98284
BRDA:54,2,0,14163
BRDA:66,3,0,2153
BRDA:67,4,0,2
BRDA:67,5,0,2151
BRDA:68,6,0,2150
BRDA:68,7,0,2
BRDA:68,8,0,2149
BRDA:69,9,0,2148
BRDA:69,10,0,2
BRDA:71,11,0,2147
BRDA:72,12,0,13613
BRDA:72,13,0,6
BRDA:96,14,0,144893
BRF:15
BRH:15
end_of_record
TN:
SF:src/engine/adapters/apple.js
FN:22,coerceApplePayload
FN:40,parseApple
FN:47,isAffected
FNF:3
FNH:3
FNDA:12,coerceApplePayload
FNDA:12,parseApple
FNDA:158,isAffected
DA:1,1
DA:2,1
DA:3,1
DA:4,1
DA:5,1
DA:6,1
DA:7,1
DA:8,1
DA:9,1
DA:10,1
DA:12,1
DA:13,1
DA:15,1
DA:17,1
DA:18,1
DA:19,1
DA:20,1
DA:21,1
DA:22,1
DA:23,12
DA:24,1
DA:25,0
DA:26,0
DA:27,12
DA:28,0
DA:29,0
DA:30,0
DA:31,0
DA:32,0
DA:33,12
DA:35,1
DA:36,1
DA:37,1
DA:38,1
DA:39,1
DA:40,1
DA:41,12
DA:42,12
DA:43,12
DA:44,9
DA:45,9
DA:47,3
DA:48,158
DA:49,3
DA:51,3
DA:52,3
DA:53,3
DA:54,158
DA:55,158
DA:56,158
DA:57,3
DA:58,3
DA:60,12
DA:61,2
DA:62,2
DA:63,2
DA:64,2
DA:65,2
DA:66,2
DA:67,2
DA:68,2
DA:69,2
DA:70,2
DA:72,1
DA:73,1
DA:74,1
DA:75,1
DA:76,1
DA:77,1
DA:78,1
DA:79,1
DA:80,1
DA:81,1
DA:82,1
LF:74
LH:67
BRDA:22,0,0,12
BRDA:23,1,0,11
BRDA:23,2,0,11
BRDA:23,3,0,6
BRDA:23,4,0,1
BRDA:24,5,0,0
BRDA:27,6,0,0
BRDA:40,7,0,12
BRDA:41,8,0,0
BRDA:43,9,0,11
BRDA:43,10,0,9
BRDA:45,11,0,3
BRDA:60,12,0,6
BRDA:60,13,0,2
BRDA:70,14,0,1
BRDA:47,15,0,158
BRDA:49,16,0,11
BRDA:49,17,0,0
BRDA:49,18,0,1
BRDA:53,19,0,158
BRDA:54,20,0,0
BRDA:55,21,0,1
BRDA:55,22,0,157
BRDA:56,23,0,11
BRDA:56,24,0,1
BRDA:56,25,0,157
BRDA:58,26,0,158
BRDA:77,27,0,1
BRF:28
BRH:23
end_of_record
TN:
SF:src/engine/adapters/azure.js
FN:61,tag
FN:70,azureSeverityOf
FN:86,parseAzureFeed
FN:167,parseAzureDevOps
FN:254,parseAzurePost
FNF:5
FNH:5
FNDA:11,tag
FNDA:3,azureSeverityOf
FNDA:13,parseAzureFeed
FNDA:19,parseAzureDevOps
FNDA:2,parseAzurePost
DA:1,1
DA:2,1
DA:3,1
DA:4,1
DA:5,1
DA:6,1
DA:7,1
DA:8,1
DA:9,1
DA:10,1
DA:11,1
DA:12,1
DA:13,1
DA:14,1
DA:15,1
DA:16,1
DA:17,1
DA:18,1
DA:19,1
DA:20,1
DA:21,1
DA:22,1
DA:23,1
DA:24,1
DA:25,1
DA:26,1
DA:27,1
DA:28,1
DA:29,1
DA:30,1
DA:31,1
DA:32,1
DA:33,1
DA:34,1
DA:36,1
DA:37,1
DA:39,1
DA:41,1
DA:42,1
DA:44,1
DA:45,1
DA:46,1
DA:47,1
DA:48,1
DA:49,1
DA:50,1
DA:51,1
DA:52,1
DA:53,1
DA:54,1
DA:55,1
DA:56,1
DA:57,1
DA:58,1
DA:60,1
DA:61,11
DA:62,11
DA:63,11
DA:64,11
DA:66,1
DA:67,1
DA:68,1
DA:69,1
DA:70,3
DA:71,3
DA:72,3
DA:73,3
DA:74,3
DA:75,3
DA:76,1
DA:77,1
DA:78,1
DA:79,1
DA:81,1
DA:82,1
DA:83,1
DA:84,1
DA:85,1
DA:86,1
DA:87,13
DA:88,13
DA:89,13
DA:91,13
DA:92,5
DA:93,5
DA:95,8
DA:96,13
DA:97,2
DA:98,2
DA:100,6
DA:101,13
DA:102,1
DA:103,1
DA:104,1
DA:105,1
DA:106,1
DA:107,1
DA:108,1
DA:110,5
DA:112,13
DA:113,3
DA:114,3
DA:115,3
DA:116,3
DA:117,3
DA:118,3
DA:119,3
DA:120,3
DA:121,3
DA:122,3
DA:123,3
DA:125,2
DA:126,3
DA:127,3
DA:128,2
DA:130,2
DA:131,2
DA:132,2
DA:133,2
DA:134,2
DA:135,2
DA:136,13
DA:137,13
DA:138,13
DA:139,13
DA:140,13
DA:141,13
DA:142,13
DA:144,1
DA:146,1
DA:147,1
DA:149,1
DA:150,1
DA:151,1
DA:152,1
DA:153,1
DA:154,1
DA:155,1
DA:156,1
DA:157,1
DA:158,1
DA:159,1
DA:160,1
DA:162,1
DA:163,1
DA:164,1
DA:165,1
DA:166,1
DA:167,1
DA:168,19
DA:169,19
DA:171,19
DA:172,19
DA:173,10
DA:174,10
DA:176,9
DA:177,9
DA:178,9
DA:179,9
DA:180,21
DA:181,21
DA:182,21
DA:183,21
DA:184,21
DA:185,21
DA:186,21
DA:187,21
DA:188,21
DA:189,21
DA:190,21
DA:191,9
DA:193,14
DA:194,2
DA:195,2
DA:197,7
DA:198,7
DA:200,7
DA:201,7
DA:202,7
DA:203,7
DA:204,19
DA:205,19
DA:206,19
DA:207,19
DA:208,19
DA:209,19
DA:210,19
DA:211,19
DA:212,19
DA:213,19
DA:215,1
DA:217,1
DA:218,1
DA:219,1
DA:220,1
DA:221,1
DA:222,1
DA:223,1
DA:224,1
DA:225,1
DA:226,1
DA:227,1
DA:228,1
DA:229,1
DA:230,1
DA:232,1
DA:233,1
DA:234,1
DA:235,1
DA:236,1
DA:237,1
DA:238,1
DA:239,1
DA:240,1
DA:241,1
DA:242,1
DA:243,1
DA:244,1
DA:245,1
DA:246,1
DA:247,1
DA:249,1
DA:250,1
DA:251,1
DA:252,1
DA:253,1
DA:254,1
DA:255,2
DA:256,2
DA:257,2
DA:259,2
DA:260,2
DA:261,2
DA:263,2
DA:264,2
DA:265,0
DA:266,0
DA:267,0
DA:268,0
DA:269,0
DA:270,0
DA:271,0
DA:272,0
DA:273,0
DA:274,0
DA:276,2
DA:277,2
DA:278,0
DA:279,0
DA:281,0
DA:282,0
DA:283,0
DA:284,0
DA:285,2
DA:286,2
DA:287,2
DA:288,2
DA:289,2
DA:290,2
DA:291,2
DA:292,2
LF:261
LH:245
BRDA:61,0,0,11
BRDA:63,1,0,10
BRDA:63,2,0,1
BRDA:70,3,0,3
BRDA:72,4,0,0
BRDA:73,5,0,1
BRDA:73,6,0,2
BRDA:74,7,0,1
BRDA:75,8,0,0
BRDA:75,9,0,1
BRDA:86,10,0,13
BRDA:87,11,0,0
BRDA:88,12,0,0
BRDA:91,13,0,11
BRDA:91,14,0,5
BRDA:93,15,0,8
BRDA:96,16,0,2
BRDA:98,17,0,6
BRDA:101,18,0,1
BRDA:108,19,0,5
BRDA:112,20,0,3
BRDA:123,21,0,2
BRDA:136,22,0,1
BRDA:136,23,0,1
BRDA:88,24,0,0
BRDA:110,25,0,3
BRDA:125,26,0,3
BRDA:126,27,0,0
BRDA:130,28,0,3
BRDA:167,29,0,19
BRDA:168,30,0,0
BRDA:171,31,0,17
BRDA:172,32,0,10
BRDA:172,33,0,10
BRDA:174,34,0,14
BRDA:174,35,0,9
BRDA:193,36,0,2
BRDA:195,37,0,7
BRDA:204,38,0,4
BRDA:204,39,0,3
BRDA:206,40,0,4
BRDA:207,41,0,3
BRDA:207,42,0,2
BRDA:207,43,0,1
BRDA:179,44,0,21
BRDA:180,45,0,20
BRDA:180,46,0,1
BRDA:182,47,0,20
BRDA:182,48,0,1
BRDA:187,49,0,0
BRDA:189,50,0,5
BRDA:189,51,0,16
BRDA:181,52,0,119
BRDA:181,53,0,0
BRDA:181,54,0,1
BRDA:184,55,0,119
BRDA:184,56,0,0
BRDA:184,57,0,1
BRDA:189,58,0,5
BRDA:193,59,0,9
BRDA:197,60,0,19
BRDA:198,61,0,19
BRDA:206,62,0,4
BRDA:254,63,0,2
BRDA:255,64,0,0
BRDA:256,65,0,0
BRDA:259,66,0,0
BRDA:261,67,0,0
BRDA:263,68,0,0
BRDA:264,69,0,0
BRDA:277,70,0,0
BRDA:285,71,0,0
BRDA:286,72,0,0
BRDA:286,73,0,0
BRDA:286,74,0,0
BRDA:256,75,0,0
BRF:76
BRH:54
end_of_record
TN:
SF:src/engine/adapters/betterstack.js
FN:43,parseBetterStack
FNF:1
FNH:1
FNDA:9,parseBetterStack
DA:1,1
DA:2,1
DA:3,1
DA:4,1
DA:5,1
DA:6,1
DA:7,1
DA:8,1
DA:9,1
DA:10,1
DA:11,1
DA:12,1
DA:13,1
DA:14,1
DA:15,1
DA:16,1
DA:17,1
DA:18,1
DA:19,1
DA:20,1
DA:21,1
DA:22,1
DA:23,1
DA:25,1
DA:26,1
DA:28,1
DA:29,1
DA:30,1
DA:31,1
DA:32,1
DA:33,1
DA:34,1
DA:36,1
DA:38,1
DA:39,1
DA:40,1
DA:41,1
DA:42,1
DA:43,1
DA:44,9
DA:45,9
DA:46,1
DA:47,1
DA:49,8
DA:50,9
DA:51,5
DA:52,5
DA:53,5
DA:54,5
DA:55,5
DA:56,5
DA:58,3
DA:59,3
DA:61,9
DA:62,0
DA:63,0
DA:65,3
DA:66,3
DA:67,3
DA:68,3
DA:69,3
DA:70,7
DA:71,9
DA:72,9
DA:73,9
DA:74,9
DA:75,9
DA:76,9
LF:68
LH:66
BRDA:43,0,0,9
BRDA:44,1,0,0
BRDA:45,2,0,1
BRDA:47,3,0,8
BRDA:50,4,0,5
BRDA:56,5,0,3
BRDA:61,6,0,7
BRDA:61,7,0,0
BRDA:63,8,0,3
BRDA:70,9,0,2
BRDA:71,10,0,1
BRDA:72,11,0,2
BRDA:72,12,0,1
BRF:13
BRH:11
end_of_record
TN:
SF:src/engine/adapters/concur.js
FN:21,isOpen
FN:27,severityOf
FN:43,parseConcur
FN:44,now
FNF:4
FNH:3
FNDA:53,isOpen
FNDA:4,severityOf
FNDA:12,parseConcur
FNDA:0,now
DA:1,1
DA:2,1
DA:3,1
DA:4,1
DA:5,1
DA:6,1
DA:7,1
DA:8,1
DA:9,1
DA:10,1
DA:11,1
DA:12,1
DA:13,1
DA:15,1
DA:16,1
DA:18,1
DA:20,1
DA:21,53
DA:22,53
DA:23,53
DA:24,53
DA:25,53
DA:27,4
DA:28,4
DA:29,4
DA:30,4
DA:31,0
DA:32,0
DA:34,1
DA:35,1
DA:36,1
DA:37,1
DA:38,1
DA:39,1
DA:40,1
DA:41,1
DA:42,1
DA:43,1
DA:44,12
DA:45,12
DA:46,7
DA:47,7
DA:49,5
DA:50,5
DA:52,12
DA:53,2
DA:54,2
DA:55,2
DA:56,2
DA:57,2
DA:59,5
DA:60,5
DA:61,5
DA:62,12
DA:63,12
DA:64,0
DA:65,0
DA:67,12
DA:68,3
DA:69,3
DA:70,3
DA:71,3
DA:72,3
DA:73,3
DA:74,3
DA:75,3
DA:76,3
DA:77,3
DA:79,2
DA:80,2
DA:81,2
DA:82,2
DA:83,2
DA:84,2
DA:85,2
DA:87,12
DA:89,12
DA:90,12
DA:91,12
DA:92,12
DA:93,12
DA:94,12
DA:95,12
DA:96,12
DA:97,12
DA:98,12
DA:99,12
DA:100,12
DA:101,12
DA:102,12
LF:90
LH:86
BRDA:21,0,0,53
BRDA:22,1,0,0
BRDA:22,2,0,50
BRDA:22,3,0,3
BRDA:23,4,0,0
BRDA:24,5,0,0
BRDA:27,6,0,4
BRDA:28,7,0,0
BRDA:29,8,0,0
BRDA:30,9,0,0
BRDA:43,10,0,12
BRDA:44,11,0,0
BRDA:45,12,0,11
BRDA:45,13,0,7
BRDA:47,14,0,8
BRDA:47,15,0,5
BRDA:52,16,0,2
BRDA:52,17,0,8
BRDA:52,18,0,2
BRDA:57,19,0,5
BRDA:62,20,0,2
BRDA:63,21,0,0
BRDA:63,22,0,8
BRDA:63,23,0,0
BRDA:65,24,0,5
BRDA:67,25,0,3
BRDA:67,26,0,8
BRDA:67,27,0,3
BRDA:70,28,0,1
BRDA:70,29,0,1
BRDA:70,30,0,2
BRDA:77,31,0,2
BRDA:87,32,0,0
BRDA:91,33,0,1
BRDA:91,34,0,1
BRDA:91,35,0,1
BRDA:93,36,0,2
BRDA:93,37,0,0
BRDA:95,38,0,8
BRDA:95,39,0,2
BRDA:95,40,0,1
BRDA:95,41,0,1
BRDA:95,42,0,1
BRDA:50,43,0,53
BRDA:53,44,0,2
BRDA:54,45,0,2
BRDA:55,46,0,0
BRDA:55,47,0,2
BRDA:79,48,0,2
BRDA:80,49,0,0
BRDA:80,50,0,2
BRDA:83,51,0,1
BRDA:83,52,0,1
BRF:53
BRH:40
end_of_record
TN:
SF:src/engine/adapters/google.js
FN:25,liveStatus
FN:33,severityOf
FN:48,parseGoogle
FNF:3
FNH:3
FNDA:22,liveStatus
FNDA:3,severityOf
FNDA:12,parseGoogle
DA:1,1
DA:2,1
DA:3,1
DA:4,1
DA:5,1
DA:6,1
DA:7,1
DA:8,1
DA:10,1
DA:11,1
DA:13,1
DA:15,1
DA:16,1
DA:18,1
DA:19,1
DA:20,1
DA:21,1
DA:22,1
DA:23,1
DA:24,1
DA:25,22
DA:26,22
DA:27,22
DA:29,1
DA:30,1
DA:31,1
DA:32,1
DA:33,3
DA:34,3
DA:35,3
DA:36,3
DA:37,0
DA:38,0
DA:40,1
DA:41,1
DA:42,1
DA:43,1
DA:44,1
DA:45,1
DA:46,1
DA:47,1
DA:48,1
DA:49,12
DA:50,12
DA:51,12
DA:52,6
DA:53,6
DA:55,6
DA:57,6
DA:58,6
DA:59,6
DA:60,9
DA:61,3
DA:62,3
DA:63,3
DA:64,3
DA:65,3
DA:66,3
DA:67,3
DA:68,3
DA:69,3
DA:70,3
DA:71,3
DA:72,6
DA:73,6
DA:74,12
DA:75,12
DA:76,12
DA:77,6
DA:78,6
DA:79,6
DA:80,6
DA:81,6
DA:82,6
DA:83,6
DA:84,2
DA:85,12
DA:87,12
DA:88,3
DA:89,3
DA:90,3
DA:91,3
DA:92,3
DA:93,3
DA:94,3
DA:95,3
DA:96,3
DA:98,3
DA:99,3
DA:100,3
DA:101,3
DA:102,12
DA:103,12
DA:104,12
DA:105,12
DA:106,12
DA:107,12
DA:108,12
DA:109,12
DA:110,12
LF:100
LH:98
BRDA:25,0,0,22
BRDA:26,1,0,0
BRDA:26,2,0,0
BRDA:33,3,0,3
BRDA:35,4,0,0
BRDA:36,5,0,0
BRDA:48,6,0,12
BRDA:49,7,0,0
BRDA:50,8,0,6
BRDA:50,9,0,6
BRDA:50,10,0,5
BRDA:51,11,0,9
BRDA:51,12,0,6
BRDA:60,13,0,3
BRDA:61,14,0,0
BRDA:68,15,0,0
BRDA:68,16,0,0
BRDA:71,17,0,6
BRDA:74,18,0,2
BRDA:74,19,0,2
BRDA:74,20,0,4
BRDA:76,21,0,2
BRDA:85,22,0,4
BRDA:87,23,0,3
BRDA:102,24,0,1
BRDA:102,25,0,1
BRDA:104,26,0,3
BRDA:104,27,0,0
BRDA:104,28,0,0
BRDA:104,29,0,0
BRDA:55,30,0,19
BRDA:76,31,0,6
BRDA:77,32,0,0
BRDA:81,33,0,1
BRDA:81,34,0,5
BRDA:82,35,0,1
BRDA:82,36,0,5
BRDA:101,37,0,3
BRF:38
BRH:26
end_of_record
TN:
SF:src/engine/adapters/instatus.js
FN:24,parseInstatus
FNF:1
FNH:1
FNDA:10,parseInstatus
DA:1,1
DA:2,1
DA:3,1
DA:4,1
DA:5,1
DA:6,1
DA:7,1
DA:8,1
DA:9,1
DA:10,1
DA:11,1
DA:12,1
DA:13,1
DA:15,1
DA:16,1
DA:17,1
DA:19,1
DA:20,1
DA:21,1
DA:22,1
DA:23,1
DA:24,1
DA:25,10
DA:27,10
DA:28,10
DA:30,10
DA:31,4
DA:32,4
DA:33,4
DA:34,4
DA:35,4
DA:37,6
DA:38,6
DA:39,10
DA:40,10
DA:42,10
DA:43,10
DA:44,10
DA:46,10
DA:47,10
DA:48,10
DA:49,10
DA:50,10
DA:51,10
DA:53,10
DA:54,10
DA:55,10
DA:56,10
DA:57,10
DA:59,10
DA:61,10
DA:62,10
DA:63,10
DA:64,10
DA:65,10
DA:66,10
DA:67,10
DA:68,10
DA:69,5
DA:70,10
DA:71,10
DA:72,10
DA:73,10
DA:74,10
DA:75,10
DA:76,10
LF:66
LH:66
BRDA:24,0,0,10
BRDA:25,1,0,0
BRDA:27,2,0,9
BRDA:27,3,0,6
BRDA:28,4,0,9
BRDA:28,5,0,5
BRDA:30,6,0,4
BRDA:30,7,0,4
BRDA:33,8,0,3
BRDA:33,9,0,0
BRDA:35,10,0,6
BRDA:39,11,0,5
BRDA:39,12,0,1
BRDA:44,13,0,6
BRDA:44,14,0,0
BRDA:50,15,0,0
BRDA:51,16,0,6
BRDA:64,17,0,1
BRDA:64,18,0,5
BRDA:67,19,0,1
BRDA:68,20,0,5
BRDA:70,21,0,0
BRDA:71,22,0,6
BRDA:71,23,0,1
BRDA:71,24,0,1
BRDA:39,25,0,11
BRDA:42,26,0,10
BRDA:53,27,0,10
BRDA:56,28,0,6
BRDA:56,29,0,4
BRDA:59,30,0,10
BRDA:67,31,0,1
BRF:32
BRH:27
end_of_record
TN:
SF:src/engine/adapters/metastatus.js
FN:33,metaSeverity
FN:48,parseMetaStatus
FNF:2
FNH:2
FNDA:315,metaSeverity
FNDA:8,parseMetaStatus
DA:1,1
DA:2,1
DA:3,1
DA:4,1
DA:5,1
DA:6,1
DA:7,1
DA:8,1
DA:9,1
DA:10,1
DA:11,1
DA:12,1
DA:13,1
DA:14,1
DA:15,1
DA:17,1
DA:18,1
DA:20,1
DA:21,1
DA:23,1
DA:24,1
DA:26,1
DA:27,1
DA:28,1
DA:29,1
DA:30,1
DA:31,1
DA:32,1
DA:33,1
DA:34,315
DA:35,315
DA:36,315
DA:37,315
DA:38,315
DA:39,315
DA:40,1
DA:41,1
DA:43,1
DA:44,1
DA:45,1
DA:46,1
DA:47,1
DA:48,1
DA:49,8
DA:51,8
DA:52,8
DA:53,4
DA:54,4
DA:55,4
DA:56,4
DA:57,4
DA:58,4
DA:60,4
DA:61,4
DA:62,4
DA:63,4
DA:64,53
DA:65,53
DA:66,53
DA:67,53
DA:68,53
DA:69,53
DA:70,53
DA:71,53
DA:72,53
DA:73,53
DA:74,53
DA:75,53
DA:76,4
DA:78,4
DA:79,4
DA:81,4
DA:82,4
DA:83,4
DA:84,4
DA:85,8
DA:86,8
DA:87,8
DA:88,8
DA:89,8
DA:90,8
DA:91,8
DA:92,8
DA:93,8
DA:94,8
LF:85
LH:85
BRDA:33,0,0,315
BRDA:34,1,0,0
BRDA:35,2,0,1
BRDA:35,3,0,314
BRDA:36,4,0,309
BRDA:36,5,0,5
BRDA:37,6,0,3
BRDA:37,7,0,2
BRDA:38,8,0,1
BRDA:39,9,0,0
BRDA:39,10,0,1
BRDA:48,11,0,8
BRDA:49,12,0,0
BRDA:51,13,0,5
BRDA:51,14,0,3
BRDA:51,15,0,2
BRDA:52,16,0,5
BRDA:52,17,0,4
BRDA:58,18,0,6
BRDA:58,19,0,4
BRDA:85,20,0,1
BRDA:85,21,0,3
BRDA:87,22,0,1
BRDA:88,23,0,3
BRDA:63,24,0,53
BRDA:64,25,0,0
BRDA:67,26,0,0
BRDA:70,27,0,0
BRDA:70,28,0,0
BRDA:73,29,0,1
BRDA:74,30,0,52
BRDA:66,31,0,155
BRDA:68,32,0,155
BRDA:73,33,0,1
BRDA:78,34,0,53
BRDA:79,35,0,53
BRDA:87,36,0,1
BRF:37
BRH:30
end_of_record
TN:
SF:src/engine/adapters/microsoft.js
FN:44,parseMicrosoft
FN:153,tagText
FN:163,parseMicrosoftFeed
FN:270,parseMicrosoftConsumer
FN:340,parseMicrosoftAdminPost
FNF:5
FNH:5
FNDA:8,parseMicrosoft
FNDA:30,tagText
FNDA:20,parseMicrosoftFeed
FNDA:13,parseMicrosoftConsumer
FNDA:12,parseMicrosoftAdminPost
DA:1,1
DA:2,1
DA:3,1
DA:4,1
DA:5,1
DA:6,1
DA:7,1
DA:8,1
DA:9,1
DA:10,1
DA:11,1
DA:12,1
DA:13,1
DA:14,1
DA:15,1
DA:16,1
DA:17,1
DA:18,1
DA:19,1
DA:21,1
DA:22,1
DA:24,1
DA:25,1
DA:27,1
DA:28,1
DA:29,1
DA:30,1
DA:31,1
DA:32,1
DA:33,1
DA:34,1
DA:35,1
DA:36,1
DA:37,1
DA:39,1
DA:40,1
DA:41,1
DA:42,1
DA:43,1
DA:44,1
DA:45,8
DA:46,8
DA:47,3
DA:48,3
DA:49,3
DA:50,3
DA:51,3
DA:52,3
DA:54,5
DA:55,5
DA:56,5
DA:57,41
DA:58,41
DA:59,41
DA:60,5
DA:61,5
DA:63,8
DA:64,4
DA:65,4
DA:66,4
DA:67,4
DA:68,4
DA:69,4
DA:70,4
DA:71,4
DA:72,4
DA:73,4
DA:74,4
DA:76,1
DA:77,1
DA:78,1
DA:79,1
DA:80,8
DA:81,8
DA:82,8
DA:83,8
DA:84,8
DA:85,8
DA:86,8
DA:87,8
DA:88,8
DA:89,8
DA:90,8
DA:92,1
DA:93,1
DA:94,1
DA:96,1
DA:97,1
DA:98,1
DA:99,1
DA:100,1
DA:101,1
DA:102,1
DA:103,1
DA:104,1
DA:105,1
DA:106,1
DA:107,1
DA:108,1
DA:109,1
DA:110,1
DA:111,1
DA:112,1
DA:113,1
DA:114,1
DA:115,1
DA:116,1
DA:117,1
DA:118,1
DA:119,1
DA:120,1
DA:121,1
DA:122,1
DA:123,1
DA:124,1
DA:125,1
DA:126,1
DA:128,1
DA:129,1
DA:130,1
DA:131,1
DA:133,1
DA:134,1
DA:135,1
DA:136,1
DA:137,1
DA:138,1
DA:139,1
DA:140,1
DA:141,1
DA:142,1
DA:143,1
DA:144,1
DA:145,1
DA:146,1
DA:147,1
DA:148,1
DA:149,1
DA:150,1
DA:152,1
DA:153,30
DA:154,30
DA:155,30
DA:156,30
DA:158,1
DA:159,1
DA:160,1
DA:161,1
DA:162,1
DA:163,1
DA:164,20
DA:165,20
DA:167,20
DA:168,5
DA:169,5
DA:171,15
DA:172,20
DA:173,1
DA:174,1
DA:176,14
DA:177,15
DA:178,15
DA:179,15
DA:180,15
DA:181,15
DA:182,15
DA:183,15
DA:184,14
DA:186,14
DA:187,14
DA:188,20
DA:189,3
DA:190,3
DA:192,11
DA:193,11
DA:195,11
DA:196,11
DA:197,11
DA:198,11
DA:199,20
DA:200,20
DA:201,20
DA:202,20
DA:203,20
DA:204,20
DA:205,20
DA:206,20
DA:207,20
DA:208,20
DA:210,1
DA:211,1
DA:212,1
DA:213,1
DA:214,1
DA:215,1
DA:216,1
DA:217,1
DA:218,1
DA:219,1
DA:220,1
DA:221,1
DA:222,1
DA:223,1
DA:224,1
DA:225,1
DA:226,1
DA:227,1
DA:228,1
DA:229,1
DA:230,1
DA:231,1
DA:232,1
DA:233,1
DA:234,1
DA:235,1
DA:236,1
DA:237,1
DA:238,1
DA:240,1
DA:241,1
DA:243,1
DA:244,1
DA:245,1
DA:247,1
DA:248,1
DA:249,1
DA:250,1
DA:251,1
DA:252,1
DA:253,1
DA:254,1
DA:255,1
DA:256,1
DA:257,1
DA:258,1
DA:259,1
DA:260,1
DA:261,1
DA:262,1
DA:263,1
DA:265,1
DA:266,1
DA:267,1
DA:268,1
DA:269,1
DA:270,1
DA:271,13
DA:272,13
DA:274,13
DA:275,13
DA:276,8
DA:277,8
DA:279,5
DA:280,25
DA:281,25
DA:282,25
DA:283,25
DA:284,25
DA:285,25
DA:286,25
DA:287,5
DA:289,5
DA:290,5
DA:291,13
DA:292,1
DA:293,1
DA:295,4
DA:296,4
DA:298,4
DA:299,4
DA:300,4
DA:301,4
DA:302,13
DA:303,13
DA:304,13
DA:305,13
DA:306,13
DA:307,13
DA:308,13
DA:309,13
DA:310,13
DA:311,13
DA:313,1
DA:314,1
DA:315,1
DA:316,1
DA:317,1
DA:318,1
DA:319,1
DA:320,1
DA:321,1
DA:322,1
DA:323,1
DA:324,1
DA:325,1
DA:326,1
DA:327,1
DA:328,1
DA:329,1
DA:330,1
DA:331,1
DA:332,1
DA:333,1
DA:335,1
DA:336,1
DA:337,1
DA:338,1
DA:339,1
DA:340,1
DA:341,12
DA:342,12
DA:343,12
DA:344,12
DA:346,12
DA:347,12
DA:348,12
DA:350,12
DA:351,12
DA:352,1
DA:353,1
DA:354,5
DA:355,5
DA:356,7
DA:357,1
DA:358,1
DA:360,12
DA:361,12
DA:362,1
DA:363,1
DA:365,3
DA:366,3
DA:367,3
DA:368,3
DA:369,12
DA:370,12
DA:371,12
DA:372,12
DA:373,12
DA:374,12
DA:375,12
DA:376,12
DA:377,12
DA:378,12
DA:379,12
LF:344
LH:344
BRDA:44,0,0,8
BRDA:45,1,0,0
BRDA:46,2,0,7
BRDA:46,3,0,3
BRDA:52,4,0,5
BRDA:63,5,0,4
BRDA:63,6,0,4
BRDA:68,7,0,0
BRDA:74,8,0,1
BRDA:83,9,0,1
BRDA:84,10,0,0
BRDA:56,11,0,41
BRDA:57,12,0,0
BRDA:58,13,0,1
BRDA:58,14,0,40
BRDA:59,15,0,1
BRDA:59,16,0,0
BRDA:59,17,0,1
BRDA:61,18,0,41
BRDA:83,19,0,1
BRDA:153,20,0,30
BRDA:155,21,0,28
BRDA:155,22,0,2
BRDA:163,23,0,20
BRDA:164,24,0,0
BRDA:167,25,0,18
BRDA:167,26,0,5
BRDA:169,27,0,15
BRDA:172,28,0,1
BRDA:174,29,0,14
BRDA:188,30,0,3
BRDA:190,31,0,11
BRDA:199,32,0,6
BRDA:199,33,0,5
BRDA:201,34,0,6
BRDA:202,35,0,5
BRDA:171,36,0,15
BRDA:176,37,0,15
BRDA:178,38,0,3
BRDA:180,39,0,0
BRDA:182,40,0,3
BRDA:182,41,0,1
BRDA:182,42,0,14
BRDA:188,43,0,14
BRDA:192,44,0,12
BRDA:193,45,0,12
BRDA:201,46,0,6
BRDA:270,47,0,13
BRDA:271,48,0,0
BRDA:274,49,0,6
BRDA:274,50,0,7
BRDA:274,51,0,5
BRDA:275,52,0,6
BRDA:275,53,0,8
BRDA:277,54,0,5
BRDA:291,55,0,10
BRDA:291,56,0,1
BRDA:293,57,0,4
BRDA:302,58,0,2
BRDA:302,59,0,0
BRDA:302,60,0,2
BRDA:304,61,0,2
BRDA:305,62,0,2
BRDA:279,63,0,25
BRDA:280,64,0,0
BRDA:281,65,0,2
BRDA:283,66,0,0
BRDA:283,67,0,0
BRDA:291,68,0,5
BRDA:295,69,0,24
BRDA:296,70,0,24
BRDA:304,71,0,2
BRDA:340,72,0,12
BRDA:341,73,0,0
BRDA:342,74,0,0
BRDA:346,75,0,0
BRDA:347,76,0,6
BRDA:348,77,0,6
BRDA:350,78,0,0
BRDA:351,79,0,7
BRDA:351,80,0,1
BRDA:353,81,0,5
BRDA:356,82,0,1
BRDA:358,83,0,4
BRDA:360,84,0,1
BRDA:361,85,0,7
BRDA:361,86,0,1
BRDA:363,87,0,3
BRDA:369,88,0,0
BRDA:372,89,0,3
BRDA:373,90,0,0
BRF:91
BRH:73
end_of_record
TN:
SF:src/engine/adapters/okta.js
FN:59,extractIncidents
FN:104,severityOf
FN:116,parseOkta
FNF:3
FNH:3
FNDA:22,extractIncidents
FNDA:6,severityOf
FNDA:23,parseOkta
DA:1,1
DA:2,1
DA:3,1
DA:4,1
DA:5,1
DA:6,1
DA:7,1
DA:8,1
DA:9,1
DA:10,1
DA:11,1
DA:12,1
DA:13,1
DA:14,1
DA:15,1
DA:16,1
DA:17,1
DA:18,1
DA:19,1
DA:20,1
DA:21,1
DA:22,1
DA:24,1
DA:25,1
DA:27,1
DA:29,1
DA:30,1
DA:32,1
DA:33,1
DA:35,1
DA:36,1
DA:37,1
DA:38,1
DA:39,1
DA:40,1
DA:41,1
DA:42,1
DA:43,1
DA:44,1
DA:45,1
DA:46,1
DA:48,1
DA:49,1
DA:50,1
DA:51,1
DA:52,1
DA:53,1
DA:54,1
DA:55,1
DA:56,1
DA:57,1
DA:58,1
DA:59,1
DA:60,22
DA:61,22
DA:63,16
DA:64,16
DA:65,16
DA:67,19
DA:68,30583
DA:70,30583
DA:71,0
DA:72,0
DA:73,0
DA:74,30583
DA:75,0
DA:76,0
DA:77,0
DA:78,30583
DA:79,2136
DA:80,2136
DA:81,2136
DA:82,30583
DA:84,30583
DA:85,95
DA:86,30583
DA:87,95
DA:88,95
DA:89,16
DA:90,16
DA:91,16
DA:92,0
DA:93,0
DA:94,16
DA:95,95
DA:96,30583
DA:97,0
DA:98,0
DA:100,1
DA:101,1
DA:102,1
DA:103,1
DA:104,6
DA:105,6
DA:106,6
DA:107,6
DA:108,6
DA:109,6
DA:111,1
DA:112,1
DA:113,1
DA:114,1
DA:115,1
DA:116,1
DA:117,23
DA:119,23
DA:120,1
DA:121,1
DA:123,22
DA:124,23
DA:125,6
DA:126,6
DA:127,6
DA:128,6
DA:129,6
DA:130,6
DA:132,16
DA:133,16
DA:134,16
DA:136,16
DA:138,16
DA:139,16
DA:140,20
DA:141,6
DA:142,6
DA:143,6
DA:144,6
DA:145,6
DA:146,6
DA:147,6
DA:149,16
DA:150,16
DA:151,16
DA:152,16
DA:153,16
DA:154,23
DA:155,23
DA:156,6
DA:157,1
DA:158,1
DA:159,1
DA:160,1
DA:161,6
DA:163,16
DA:164,20
DA:165,23
DA:167,23
DA:168,10
DA:169,10
DA:170,10
DA:171,10
DA:172,10
DA:173,10
DA:174,10
DA:175,10
DA:176,10
DA:177,10
DA:179,6
DA:180,6
DA:181,20
DA:182,23
DA:183,3
DA:184,23
DA:186,23
DA:187,23
DA:188,23
DA:189,23
DA:190,23
DA:191,23
DA:192,23
DA:193,23
DA:194,23
DA:195,23
DA:196,23
DA:197,23
DA:198,23
DA:199,23
DA:201,1
LF:178
LH:168
BRDA:59,0,0,22
BRDA:61,1,0,6
BRDA:61,2,0,19
BRDA:61,3,0,16
BRDA:67,4,0,30583
BRDA:70,5,0,0
BRDA:74,6,0,0
BRDA:78,7,0,2136
BRDA:81,8,0,28447
BRDA:82,9,0,26946
BRDA:82,10,0,1501
BRDA:84,11,0,1485
BRDA:84,12,0,95
BRDA:86,13,0,1406
BRDA:86,14,0,1390
BRDA:86,15,0,95
BRDA:88,16,0,16
BRDA:91,17,0,0
BRDA:96,18,0,0
BRDA:104,19,0,6
BRDA:105,20,0,0
BRDA:108,21,0,0
BRDA:116,22,0,23
BRDA:117,23,0,0
BRDA:119,24,0,1
BRDA:121,25,0,22
BRDA:124,26,0,6
BRDA:130,27,0,20
BRDA:130,28,0,16
BRDA:140,29,0,6
BRDA:141,30,0,0
BRDA:141,31,0,0
BRDA:141,32,0,0
BRDA:144,33,0,0
BRDA:145,34,0,1
BRDA:147,35,0,16
BRDA:154,36,0,3
BRDA:154,37,0,13
BRDA:155,38,0,20
BRDA:155,39,0,6
BRDA:156,40,0,2
BRDA:156,41,0,2
BRDA:156,42,0,1
BRDA:161,43,0,16
BRDA:164,44,0,3
BRDA:165,45,0,13
BRDA:167,46,0,20
BRDA:167,47,0,10
BRDA:177,48,0,6
BRDA:181,49,0,3
BRDA:182,50,0,3
BRDA:183,51,0,2
BRDA:184,52,0,1
BRDA:190,53,0,6
BRDA:190,54,0,1
BRDA:190,55,0,1
BRDA:192,56,0,6
BRDA:192,57,0,1
BRDA:192,58,0,1
BRDA:193,59,0,0
BRDA:133,60,0,41
BRDA:133,61,0,0
BRDA:164,62,0,12
BRDA:164,63,0,11
BRDA:179,64,0,6
BRF:65
BRH:52
end_of_record
TN:
SF:src/engine/adapters/salesforce.js
FN:31,parseSalesforce
FN:45,severityOfInstance
FNF:2
FNH:2
FNDA:13,parseSalesforce
FNDA:112,severityOfInstance
DA:1,1
DA:2,1
DA:3,1
DA:4,1
DA:5,1
DA:6,1
DA:7,1
DA:8,1
DA:9,1
DA:10,1
DA:11,1
DA:12,1
DA:13,1
DA:14,1
DA:15,1
DA:16,1
DA:17,1
DA:18,1
DA:19,1
DA:21,1
DA:22,1
DA:24,1
DA:26,1
DA:27,1
DA:28,1
DA:29,1
DA:30,1
DA:31,1
DA:32,13
DA:33,13
DA:34,6
DA:35,6
DA:37,7
DA:38,7
DA:39,7
DA:41,10
DA:42,0
DA:43,0
DA:45,7
DA:46,112
DA:47,112
DA:48,112
DA:49,8
DA:50,7
DA:52,7
DA:53,56
DA:54,56
DA:55,56
DA:56,7
DA:58,7
DA:59,7
DA:60,7
DA:61,10
DA:62,56
DA:63,56
DA:64,56
DA:65,56
DA:66,17
DA:67,17
DA:68,17
DA:69,17
DA:70,17
DA:71,17
DA:72,56
DA:73,13
DA:74,13
DA:76,13
DA:77,3
DA:78,3
DA:79,3
DA:80,3
DA:81,3
DA:82,3
DA:83,3
DA:84,3
DA:85,3
DA:86,3
DA:88,4
DA:89,4
DA:90,13
DA:91,13
DA:92,13
DA:93,13
DA:94,13
DA:95,13
DA:96,13
DA:97,13
DA:98,13
DA:99,13
DA:100,13
LF:90
LH:88
BRDA:31,0,0,13
BRDA:32,1,0,0
BRDA:33,2,0,12
BRDA:33,3,0,6
BRDA:35,4,0,10
BRDA:35,5,0,7
BRDA:41,6,0,0
BRDA:43,7,0,7
BRDA:61,8,0,56
BRDA:62,9,0,0
BRDA:65,10,0,39
BRDA:65,11,0,17
BRDA:72,12,0,7
BRDA:73,13,0,1
BRDA:73,14,0,6
BRDA:76,15,0,10
BRDA:76,16,0,3
BRDA:79,17,0,1
BRDA:86,18,0,4
BRDA:90,19,0,1
BRDA:92,20,0,4
BRDA:93,21,0,0
BRDA:38,22,0,60
BRDA:38,23,0,59
BRDA:45,24,0,112
BRDA:46,25,0,0
BRDA:47,26,0,104
BRDA:48,27,0,8
BRDA:50,28,0,0
BRDA:52,29,0,56
BRDA:53,30,0,0
BRDA:53,31,0,0
BRDA:69,32,0,164
BRDA:74,33,0,56
BRDA:91,34,0,4
BRF:35
BRH:27
end_of_record
TN:
SF:src/engine/adapters/signal.js
FN:25,parseSignal
FNF:1
FNH:1
FNDA:7,parseSignal
DA:1,1
DA:2,1
DA:3,1
DA:4,1
DA:5,1
DA:6,1
DA:7,1
DA:8,1
DA:9,1
DA:10,1
DA:11,1
DA:12,1
DA:13,1
DA:15,1
DA:16,1
DA:18,1
DA:20,1
DA:21,1
DA:22,1
DA:23,1
DA:24,1
DA:25,1
DA:26,7
DA:27,7
DA:28,1
DA:29,1
DA:31,7
DA:32,1
DA:33,1
DA:34,1
DA:35,1
DA:36,1
DA:37,1
DA:38,1
DA:39,1
DA:41,7
DA:42,1
DA:43,1
DA:44,1
DA:45,1
DA:46,1
DA:47,1
DA:48,1
DA:49,1
DA:50,1
DA:52,4
DA:53,4
DA:54,4
DA:55,4
DA:56,4
DA:57,4
LF:51
LH:51
BRDA:25,0,0,7
BRDA:26,1,0,0
BRDA:27,2,0,1
BRDA:29,3,0,6
BRDA:31,4,0,1
BRDA:39,5,0,5
BRDA:41,6,0,4
BRDA:41,7,0,1
BRF:8
BRH:7
end_of_record
TN:
SF:src/engine/adapters/sorryapp.js
FN:17,parseSorryApp
FNF:1
FNH:1
FNDA:8,parseSorryApp
DA:1,1
DA:2,1
DA:3,1
DA:4,1
DA:5,1
DA:6,1
DA:7,1
DA:9,1
DA:10,1
DA:12,1
DA:13,1
DA:14,1
DA:15,1
DA:16,1
DA:17,1
DA:18,8
DA:19,8
DA:20,8
DA:21,5
DA:22,5
DA:24,8
DA:26,8
DA:27,2
DA:28,2
DA:29,2
DA:30,2
DA:31,2
DA:32,2
DA:33,2
DA:34,2
DA:36,1
DA:37,1
DA:38,1
DA:39,1
DA:40,1
DA:41,8
DA:42,8
DA:43,8
DA:44,8
DA:45,8
DA:46,8
DA:47,8
LF:42
LH:42
BRDA:17,0,0,8
BRDA:18,1,0,0
BRDA:19,2,0,7
BRDA:20,3,0,3
BRDA:20,4,0,5
BRDA:22,5,0,3
BRDA:24,6,0,0
BRDA:26,7,0,6
BRDA:26,8,0,2
BRDA:34,9,0,1
BRDA:41,10,0,0
BRDA:41,11,0,1
BRDA:42,12,0,0
BRDA:42,13,0,1
BRDA:43,14,0,1
BRF:15
BRH:11
end_of_record
TN:
SF:src/engine/adapters/statuspage.js
FN:52,stripRegionSuffix
FN:70,dedupeByName
FN:107,toPlainText
FN:120,indicatorSeverity
FN:163,parseStatuspage
FN:170,now
FNF:6
FNH:6
FNDA:1642,stripRegionSuffix
FNDA:43,dedupeByName
FNDA:33,toPlainText
FNDA:33,indicatorSeverity
FNDA:134,parseStatuspage
FNDA:17,now
DA:1,1
DA:2,1
DA:3,1
DA:4,1
DA:5,1
DA:6,1
DA:7,1
DA:8,1
DA:9,1
DA:11,1
DA:12,1
DA:14,1
DA:15,1
DA:16,1
DA:17,1
DA:18,1
DA:19,1
DA:20,1
DA:21,1
DA:22,1
DA:23,1
DA:24,1
DA:25,1
DA:26,1
DA:27,1
DA:28,1
DA:29,1
DA:30,1
DA:32,1
DA:33,1
DA:34,1
DA:35,1
DA:37,1
DA:39,1
DA:40,1
DA:42,1
DA:43,1
DA:44,1
DA:45,1
DA:46,1
DA:47,1
DA:48,1
DA:49,1
DA:50,1
DA:52,1
DA:53,1642
DA:54,1642
DA:55,1642
DA:57,1
DA:58,1
DA:59,1
DA:60,1
DA:61,1
DA:62,1
DA:63,1
DA:64,1
DA:65,1
DA:66,1
DA:67,1
DA:68,1
DA:69,1
DA:70,43
DA:71,43
DA:72,43
DA:73,1625
DA:74,1625
DA:75,1625
DA:76,43
DA:77,43
DA:79,1
DA:80,1
DA:81,1
DA:83,1
DA:84,1
DA:85,1
DA:86,1
DA:87,1
DA:88,1
DA:89,1
DA:90,1
DA:91,1
DA:92,1
DA:93,1
DA:95,1
DA:96,1
DA:97,1
DA:98,1
DA:99,1
DA:100,1
DA:101,1
DA:102,1
DA:103,1
DA:104,1
DA:105,1
DA:106,1
DA:107,33
DA:108,33
DA:109,32
DA:110,32
DA:111,32
DA:112,32
DA:113,32
DA:115,1
DA:116,1
DA:117,1
DA:118,1
DA:119,1
DA:120,33
DA:121,33
DA:122,33
DA:123,33
DA:125,1
DA:126,1
DA:127,1
DA:128,1
DA:129,1
DA:130,1
DA:131,1
DA:132,1
DA:133,1
DA:134,1
DA:135,1
DA:136,1
DA:137,1
DA:138,1
DA:139,1
DA:140,1
DA:141,1
DA:142,1
DA:143,1
DA:144,1
DA:145,1
DA:146,1
DA:147,1
DA:148,1
DA:149,1
DA:150,1
DA:151,1
DA:152,1
DA:153,1
DA:154,1
DA:155,1
DA:156,1
DA:157,1
DA:158,1
DA:159,1
DA:160,1
DA:161,1
DA:162,1
DA:163,1
DA:164,134
DA:165,134
DA:166,134
DA:167,134
DA:168,134
DA:169,134
DA:170,134
DA:171,134
DA:172,134
DA:173,134
DA:175,134
DA:176,134
DA:177,134
DA:178,134
DA:179,134
DA:180,134
DA:182,134
DA:183,134
DA:184,134
DA:185,134
DA:186,91
DA:187,91
DA:188,91
DA:189,91
DA:190,91
DA:191,91
DA:192,91
DA:193,91
DA:195,43
DA:196,43
DA:197,134
DA:198,134
DA:199,134
DA:200,134
DA:202,134
DA:203,134
DA:204,134
DA:205,134
DA:207,134
DA:209,134
DA:210,134
DA:211,10
DA:212,10
DA:213,46
DA:214,33
DA:215,33
DA:217,43
DA:218,134
DA:219,134
DA:220,4
DA:221,4
DA:222,4
DA:223,4
DA:224,4
DA:225,4
DA:226,4
DA:227,134
DA:229,134
DA:230,134
DA:232,134
DA:234,134
DA:235,134
DA:236,4
DA:237,4
DA:238,46
DA:239,10
DA:240,10
DA:241,10
DA:242,29
DA:243,28
DA:244,29
DA:245,1
DA:246,1
DA:248,43
DA:249,43
DA:250,43
DA:251,43
DA:252,43
DA:253,43
DA:254,43
DA:255,46
DA:256,134
DA:257,43
DA:258,1625
DA:259,1625
DA:260,43
DA:261,134
DA:263,134
DA:264,134
LF:239
LH:239
BRDA:37,0,0,110
BRDA:52,1,0,1642
BRDA:53,2,0,0
BRDA:70,3,0,43
BRDA:72,4,0,1625
BRDA:74,5,0,165
BRDA:74,6,0,1464
BRDA:107,7,0,33
BRDA:108,8,0,32
BRDA:108,9,0,1
BRDA:120,10,0,33
BRDA:122,11,0,0
BRDA:163,12,0,134
BRDA:171,13,0,0
BRDA:176,14,0,0
BRDA:177,15,0,0
BRDA:178,16,0,133
BRDA:178,17,0,43
BRDA:178,18,0,91
BRDA:178,19,0,0
BRDA:183,20,0,133
BRDA:183,21,0,44
BRDA:184,22,0,133
BRDA:185,23,0,91
BRDA:185,24,0,91
BRDA:193,25,0,43
BRDA:198,26,0,43
BRDA:199,27,0,0
BRDA:200,28,0,6
BRDA:203,29,0,5
BRDA:204,30,0,38
BRDA:210,31,0,46
BRDA:210,32,0,10
BRDA:213,33,0,33
BRDA:215,34,0,43
BRDA:218,35,0,43
BRDA:218,36,0,0
BRDA:230,37,0,4
BRDA:230,38,0,4
BRDA:230,39,0,39
BRDA:235,40,0,46
BRDA:235,41,0,4
BRDA:237,42,0,0
BRDA:237,43,0,0
BRDA:238,44,0,39
BRDA:238,45,0,29
BRDA:238,46,0,10
BRDA:240,47,0,3
BRDA:240,48,0,7
BRDA:242,49,0,28
BRDA:243,50,0,1
BRDA:244,51,0,1
BRDA:245,52,0,0
BRDA:246,53,0,43
BRDA:255,54,0,0
BRDA:256,55,0,43
BRDA:170,56,0,17
BRDA:198,57,0,3540
BRDA:207,58,0,1625
BRDA:219,59,0,4
BRDA:232,60,0,1625
BRDA:239,61,0,16
BRDA:257,62,0,1625
BRF:63
BRH:51
end_of_record
TN:
SF:src/worker/render.js
FN:38,logoSlug
FN:60,esc
FN:81,safeUrl
FN:97,formatChicago
FN:127,humanizeWarning
FN:158,renderDashboard
FN:162,now
FN:468,renderRow
FN:538,hostOf
FN:547,childLi
FNF:10
FNH:9
FNDA:90,logoSlug
FNDA:2577,esc
FNDA:1054,safeUrl
FNDA:6,formatChicago
FNDA:12,humanizeWarning
FNDA:60,renderDashboard
FNDA:0,now
FNDA:45,renderRow
FNDA:4,hostOf
FNDA:14,childLi
DA:1,1
DA:2,1
DA:3,1
DA:4,1
DA:5,1
DA:6,1
DA:7,1
DA:8,1
DA:9,1
DA:10,1
DA:11,1
DA:12,1
DA:13,1
DA:14,1
DA:15,1
DA:16,1
DA:17,1
DA:18,1
DA:19,1
DA:20,1
DA:21,1
DA:22,1
DA:23,1
DA:24,1
DA:26,1
DA:28,1
DA:29,1
DA:31,1
DA:32,1
DA:34,1
DA:35,1
DA:36,1
DA:37,1
DA:38,1
DA:39,90
DA:40,90
DA:42,1
DA:43,1
DA:45,1
DA:46,1
DA:47,1
DA:48,1
DA:49,1
DA:50,1
DA:51,1
DA:52,1
DA:53,1
DA:55,1
DA:56,1
DA:57,1
DA:58,1
DA:59,1
DA:60,1
DA:61,2577
DA:62,2577
DA:63,2577
DA:64,2577
DA:65,2577
DA:66,2577
DA:67,2577
DA:69,1
DA:70,1
DA:71,1
DA:72,1
DA:73,1
DA:74,1
DA:75,1
DA:76,1
DA:77,1
DA:78,1
DA:79,1
DA:80,1
DA:81,1
DA:82,1054
DA:83,943
DA:84,943
DA:85,1054
DA:86,1054
DA:87,432
DA:88,432
DA:89,1054
DA:91,1
DA:92,1
DA:93,1
DA:94,1
DA:95,1
DA:96,1
DA:97,1
DA:98,6
DA:99,6
DA:100,4
DA:101,4
DA:102,4
DA:103,4
DA:104,4
DA:105,4
DA:106,4
DA:107,4
DA:108,4
DA:109,6
DA:110,0
DA:111,0
DA:112,6
DA:114,1
DA:115,1
DA:116,1
DA:117,1
DA:118,1
DA:119,1
DA:120,1
DA:121,1
DA:122,1
DA:123,1
DA:124,1
DA:125,1
DA:126,1
DA:127,1
DA:128,12
DA:130,12
DA:131,12
DA:132,12
DA:133,12
DA:135,9
DA:136,12
DA:137,4
DA:138,4
DA:139,4
DA:140,4
DA:141,4
DA:142,12
DA:143,2
DA:144,2
DA:145,12
DA:146,1
DA:147,1
DA:149,2
DA:150,2
DA:151,2
DA:152,2
DA:154,1
DA:155,1
DA:156,1
DA:157,1
DA:158,1
DA:159,60
DA:160,60
DA:161,60
DA:162,60
DA:163,60
DA:164,60
DA:165,60
DA:166,60
DA:167,60
DA:169,60
DA:170,60
DA:171,60
DA:172,60
DA:174,60
DA:175,60
DA:176,60
DA:177,60
DA:179,60
DA:180,60
DA:181,60
DA:182,60
DA:183,60
DA:185,60
DA:186,60
DA:187,60
DA:188,44
DA:189,44
DA:190,38
DA:191,60
DA:193,60
DA:195,60
DA:196,60
DA:197,60
DA:199,60
DA:200,60
DA:201,60
DA:203,60
DA:204,60
DA:205,60
DA:206,60
DA:207,60
DA:208,44
DA:209,60
DA:211,60
DA:213,60
DA:214,60
DA:215,60
DA:216,60
DA:217,60
DA:218,60
DA:219,60
DA:220,60
DA:221,60
DA:223,60
DA:224,60
DA:225,60
DA:226,60
DA:227,60
DA:228,60
DA:229,60
DA:230,60
DA:231,60
DA:232,60
DA:233,60
DA:234,60
DA:235,60
DA:236,60
DA:237,60
DA:238,60
DA:239,60
DA:240,60
DA:241,60
DA:242,60
DA:243,60
DA:244,60
DA:246,60
DA:247,60
DA:248,60
DA:249,60
DA:250,60
DA:251,60
DA:252,60
DA:253,60
DA:254,60
DA:255,60
DA:256,60
DA:257,60
DA:258,60
DA:259,60
DA:260,60
DA:261,60
DA:262,60
DA:263,60
DA:264,60
DA:266,60
DA:267,60
DA:268,60
DA:269,60
DA:270,60
DA:271,60
DA:272,60
DA:273,60
DA:274,60
DA:275,60
DA:276,60
DA:277,60
DA:278,60
DA:279,60
DA:281,60
DA:282,60
DA:284,60
DA:285,60
DA:286,60
DA:287,60
DA:288,60
DA:289,60
DA:290,60
DA:291,60
DA:292,60
DA:293,60
DA:294,60
DA:296,60
DA:297,60
DA:298,60
DA:300,60
DA:301,60
DA:302,60
DA:304,60
DA:305,60
DA:306,60
DA:307,60
DA:309,60
DA:310,60
DA:311,60
DA:312,60
DA:313,60
DA:314,60
DA:315,60
DA:316,60
DA:317,60
DA:318,60
DA:319,60
DA:320,60
DA:322,60
DA:323,60
DA:324,60
DA:326,60
DA:327,60
DA:328,60
DA:329,60
DA:330,60
DA:331,60
DA:332,60
DA:334,60
DA:335,60
DA:336,60
DA:338,60
DA:339,60
DA:340,60
DA:341,60
DA:343,60
DA:344,60
DA:345,60
DA:346,60
DA:347,60
DA:348,60
DA:349,60
DA:350,60
DA:351,60
DA:352,60
DA:353,60
DA:354,60
DA:355,60
DA:357,60
DA:358,60
DA:359,60
DA:360,60
DA:361,60
DA:362,60
DA:363,60
DA:364,60
DA:365,60
DA:366,60
DA:368,60
DA:369,60
DA:370,60
DA:371,60
DA:372,60
DA:373,60
DA:374,60
DA:375,60
DA:376,60
DA:377,60
DA:378,60
DA:379,60
DA:380,60
DA:381,60
DA:382,60
DA:383,60
DA:384,60
DA:385,60
DA:386,60
DA:387,60
DA:388,60
DA:389,60
DA:390,60
DA:392,60
DA:393,60
DA:394,60
DA:395,60
DA:396,60
DA:397,60
DA:398,60
DA:399,60
DA:400,60
DA:401,60
DA:402,60
DA:403,60
DA:404,60
DA:405,60
DA:406,60
DA:407,60
DA:408,60
DA:409,60
DA:410,60
DA:411,60
DA:412,60
DA:413,60
DA:414,60
DA:415,60
DA:416,60
DA:417,60
DA:418,60
DA:419,60
DA:420,60
DA:421,60
DA:422,60
DA:423,60
DA:425,60
DA:426,60
DA:427,60
DA:428,60
DA:429,60
DA:430,60
DA:431,60
DA:432,60
DA:434,60
DA:435,60
DA:436,60
DA:437,60
DA:438,60
DA:439,60
DA:440,60
DA:441,60
DA:442,60
DA:443,60
DA:444,60
DA:445,60
DA:446,60
DA:447,60
DA:448,60
DA:449,60
DA:450,60
DA:451,60
DA:452,60
DA:453,60
DA:454,60
DA:455,60
DA:456,60
DA:457,60
DA:459,1
DA:460,1
DA:461,1
DA:462,1
DA:463,1
DA:464,1
DA:465,1
DA:466,1
DA:467,1
DA:468,45
DA:469,45
DA:470,45
DA:471,45
DA:473,45
DA:474,45
DA:475,45
DA:476,45
DA:478,45
DA:479,45
DA:481,45
DA:482,45
DA:483,45
DA:484,45
DA:485,45
DA:486,45
DA:487,45
DA:488,45
DA:489,45
DA:490,45
DA:491,45
DA:492,45
DA:493,45
DA:494,45
DA:495,45
DA:497,45
DA:498,45
DA:499,45
DA:501,45
DA:502,45
DA:503,7
DA:504,7
DA:505,7
DA:506,7
DA:507,7
DA:508,45
DA:510,45
DA:511,45
DA:512,45
DA:513,45
DA:514,45
DA:516,45
DA:517,45
DA:518,45
DA:519,45
DA:520,45
DA:522,45
DA:523,45
DA:524,45
DA:525,45
DA:526,45
DA:527,45
DA:528,45
DA:529,45
DA:530,45
DA:531,45
DA:532,45
DA:533,45
DA:534,45
DA:535,45
DA:537,1
DA:538,4
DA:539,4
DA:540,4
DA:541,4
DA:542,0
DA:543,0
DA:544,4
DA:546,1
DA:547,14
DA:548,14
DA:549,14
DA:550,14
DA:551,14
DA:552,14
DA:553,14
DA:554,14
DA:556,1
DA:557,1
DA:558,1
DA:559,1
DA:560,1
DA:561,1
DA:562,1
DA:563,1
DA:564,1
DA:565,1
DA:566,1
DA:567,1
DA:568,1
DA:569,1
DA:570,1
DA:571,1
DA:572,1
DA:573,1
DA:574,1
DA:575,1
DA:576,1
DA:577,1
DA:578,1
DA:580,1
DA:581,1
DA:582,1
DA:583,1
DA:584,1
DA:586,1
DA:587,1
DA:588,1
DA:589,1
DA:590,1
DA:591,1
DA:592,1
DA:593,1
DA:595,1
DA:596,1
DA:597,1
DA:598,1
DA:599,1
DA:600,1
DA:601,1
DA:602,1
DA:603,1
DA:604,1
DA:605,1
DA:606,1
DA:607,1
DA:609,1
DA:610,1
DA:611,1
DA:612,1
DA:613,1
DA:614,1
DA:616,1
DA:617,1
DA:618,1
DA:619,1
DA:620,1
DA:622,1
DA:623,1
DA:624,1
DA:626,1
DA:627,1
DA:628,1
DA:629,1
DA:630,1
DA:631,1
DA:632,1
DA:633,1
DA:634,1
DA:635,1
DA:636,1
DA:637,1
DA:638,1
DA:639,1
DA:640,1
DA:642,1
DA:643,1
DA:644,1
DA:645,1
DA:646,1
DA:647,1
DA:648,1
DA:649,1
DA:651,1
DA:652,1
DA:653,1
DA:654,1
DA:656,1
DA:657,1
DA:659,1
DA:660,1
DA:661,1
DA:662,1
DA:663,1
DA:664,1
DA:665,1
DA:666,1
DA:667,1
DA:668,1
DA:669,1
DA:670,1
DA:671,1
DA:672,1
DA:673,1
DA:675,1
DA:676,1
DA:677,1
DA:678,1
DA:679,1
DA:680,1
DA:681,1
DA:682,1
DA:683,1
DA:684,1
DA:685,1
DA:686,1
DA:687,1
DA:688,1
DA:689,1
DA:690,1
DA:692,1
DA:693,1
DA:694,1
DA:695,1
DA:696,1
DA:697,1
DA:698,1
DA:700,1
DA:701,1
DA:702,1
DA:704,1
DA:705,1
DA:706,1
DA:707,1
DA:708,1
DA:709,1
DA:710,1
DA:711,1
DA:712,1
DA:714,1
DA:715,1
DA:716,1
DA:717,1
DA:718,1
DA:720,1
DA:721,1
DA:722,1
DA:723,1
DA:724,1
DA:725,1
DA:726,1
DA:727,1
DA:728,1
DA:730,1
DA:731,1
DA:732,1
DA:734,1
DA:735,1
LF:661
LH:657
BRDA:38,0,0,90
BRDA:39,1,0,0
BRDA:60,2,0,2577
BRDA:61,3,0,2
BRDA:81,4,0,1054
BRDA:82,5,0,1052
BRDA:82,6,0,111
BRDA:82,7,0,943
BRDA:85,8,0,510
BRDA:85,9,0,6
BRDA:85,10,0,505
BRDA:86,11,0,432
BRDA:97,12,0,6
BRDA:99,13,0,2
BRDA:99,14,0,4
BRDA:109,15,0,0
BRDA:127,16,0,12
BRDA:128,17,0,0
BRDA:131,18,0,2
BRDA:131,19,0,10
BRDA:132,20,0,1
BRDA:132,21,0,9
BRDA:133,22,0,0
BRDA:133,23,0,9
BRDA:136,24,0,4
BRDA:139,25,0,1
BRDA:140,26,0,3
BRDA:141,27,0,5
BRDA:142,28,0,2
BRDA:144,29,0,3
BRDA:145,30,0,1
BRDA:147,31,0,2
BRDA:158,32,0,60
BRDA:182,33,0,5
BRDA:182,34,0,5
BRDA:182,35,0,55
BRDA:183,36,0,4
BRDA:186,37,0,16
BRDA:187,38,0,44
BRDA:188,39,0,6
BRDA:188,40,0,0
BRDA:189,41,0,38
BRDA:190,42,0,3
BRDA:191,43,0,35
BRDA:193,44,0,16
BRDA:193,45,0,44
BRDA:193,46,0,6
BRDA:193,47,0,38
BRDA:196,48,0,1
BRDA:197,49,0,59
BRDA:199,50,0,5
BRDA:200,51,0,5
BRDA:201,52,0,55
BRDA:206,53,0,16
BRDA:207,54,0,44
BRDA:208,55,0,6
BRDA:208,56,0,38
BRDA:220,57,0,58
BRDA:220,58,0,2
BRDA:242,59,0,6
BRDA:242,60,0,54
BRDA:335,61,0,16
BRDA:357,62,0,6
BRDA:357,63,0,54
BRDA:170,64,0,45
BRDA:170,65,0,9
BRDA:172,66,0,45
BRDA:211,67,0,45
BRDA:468,68,0,45
BRDA:469,69,0,0
BRDA:470,70,0,0
BRDA:479,71,0,0
BRDA:491,72,0,18
BRDA:492,73,0,27
BRDA:494,74,0,4
BRDA:495,75,0,41
BRDA:498,76,0,3
BRDA:499,77,0,42
BRDA:502,78,0,7
BRDA:503,79,0,4
BRDA:503,80,0,3
BRDA:504,81,0,3
BRDA:504,82,0,4
BRDA:508,83,0,38
BRDA:511,84,0,0
BRDA:514,85,0,2
BRDA:514,86,0,43
BRDA:524,87,0,27
BRDA:529,88,0,1
BRDA:529,89,0,44
BRDA:471,90,0,11
BRDA:474,91,0,11
BRDA:538,92,0,4
BRDA:541,93,0,0
BRDA:547,94,0,14
BRDA:548,95,0,0
BRF:96
BRH:85
end_of_record
TN:
SF:src/worker/storage.js
FN:21,writeRun
FN:100,readSnapshot
FN:137,safeParse
FNF:3
FNH:3
FNDA:28,writeRun
FNDA:12,readSnapshot
FNDA:42,safeParse
DA:1,1
DA:3,1
DA:4,1
DA:5,1
DA:6,1
DA:7,1
DA:8,1
DA:10,1
DA:11,1
DA:12,1
DA:13,1
DA:14,1
DA:15,1
DA:16,1
DA:17,1
DA:18,1
DA:19,1
DA:20,1
DA:21,1
DA:22,28
DA:23,28
DA:24,28
DA:25,28
DA:26,28
DA:27,28
DA:28,28
DA:29,28
DA:31,28
DA:32,28
DA:33,28
DA:34,41
DA:35,41
DA:36,41
DA:37,41
DA:38,41
DA:39,41
DA:40,41
DA:41,41
DA:42,41
DA:43,41
DA:44,41
DA:45,41
DA:46,41
DA:47,41
DA:48,41
DA:49,41
DA:50,28
DA:51,28
DA:52,28
DA:53,41
DA:54,41
DA:55,28
DA:56,28
DA:57,28
DA:58,28
DA:59,28
DA:60,28
DA:61,28
DA:62,28
DA:63,28
DA:64,28
DA:65,28
DA:66,28
DA:67,28
DA:68,28
DA:69,28
DA:70,28
DA:71,28
DA:72,28
DA:73,28
DA:74,28
DA:75,28
DA:76,28
DA:77,28
DA:78,28
DA:79,28
DA:80,28
DA:81,28
DA:82,28
DA:83,28
DA:84,28
DA:85,28
DA:86,28
DA:87,28
DA:88,28
DA:89,28
DA:90,28
DA:92,28
DA:93,27
DA:95,1
DA:96,1
DA:97,1
DA:98,1
DA:99,1
DA:100,1
DA:101,12
DA:102,12
DA:103,12
DA:104,12
DA:106,12
DA:107,12
DA:108,12
DA:109,12
DA:110,12
DA:111,12
DA:112,12
DA:113,12
DA:114,12
DA:115,12
DA:116,12
DA:117,12
DA:118,12
DA:119,12
DA:120,21
DA:121,21
DA:122,21
DA:123,21
DA:124,21
DA:125,21
DA:126,21
DA:127,21
DA:128,21
DA:129,12
DA:131,12
DA:133,12
DA:134,12
DA:136,1
DA:137,42
DA:138,42
DA:139,42
DA:140,42
DA:141,3
DA:142,3
DA:143,42
LF:134
LH:134
BRDA:21,0,0,28
BRDA:89,1,0,4
BRDA:92,2,0,27
BRDA:28,3,0,41
BRDA:29,4,0,41
BRDA:33,5,0,41
BRDA:42,6,0,2
BRDA:44,7,0,2
BRDA:45,8,0,2
BRDA:46,9,0,2
BRDA:47,10,0,2
BRDA:48,11,0,2
BRDA:49,12,0,1
BRDA:52,13,0,41
BRDA:55,14,0,1
BRDA:100,15,0,12
BRDA:119,16,0,0
BRDA:133,17,0,2
BRDA:119,18,0,21
BRDA:137,19,0,42
BRDA:140,20,0,3
BRF:21
BRH:20
end_of_record
